#
# A fatal error has been detected by the Java Runtime Environment:
#
#  SIGSEGV (0xb) at pc=0x00007fff8f0e90dd, pid=7164, tid=1811
#
# JRE version: Java(TM) SE Runtime Environment (8.0_31-b13) (build 1.8.0_31-b13)
# Java VM: Java HotSpot(TM) 64-Bit Server VM (25.31-b07 mixed mode bsd-amd64 compressed oops)
# Problematic frame:
# C  [libobjc.A.dylib+0x10dd]  objc_msgSend+0x1d
#
# Failed to write core dump. Core dumps have been disabled. To enable core dumping, try "ulimit -c unlimited" before starting Java again
#
# If you would like to submit a bug report, please visit:
#   http://bugreport.java.com/bugreport/crash.jsp
# The crash happened outside the Java Virtual Machine in native code.
# See problematic frame for where to report the bug.
#

---------------  T H R E A D  ---------------

Current thread (0x00007febad10a800):  JavaThread "AppKit Thread" daemon [_thread_in_native, id=1811, stack(0x00007fff5ec93000,0x00007fff5f493000)]

siginfo: si_signo: 11 (SIGSEGV), si_code: 1 (SEGV_MAPERR), si_addr: 0x000007febabdcee0

Registers:
RAX=0x00007febabd66d90, RBX=0x00007fff5f48e578, RCX=0x0000000000000000, RDX=0x00007febabe36090
RSP=0x00007fff5f48e398, RBP=0x00007fff5f48e3a0, RSI=0x00007fff977a0423, RDI=0x00007febabd66d90
R8 =0x00007fff5f48e380, R9 =0x0000000000000055, R10=0x00007fff977a0423, R11=0x000007febabdcec8
R12=0x00007febabe03bb0, R13=0x00000000000f42ed, R14=0x00007febabfa0720, R15=0x00007fff5f48e4d8
RIP=0x00007fff8f0e90dd, EFLAGS=0x0000000000010202, ERR=0x0000000000000004
  TRAPNO=0x000000000000000e

Top of Stack: (sp=0x00007fff5f48e398)
0x00007fff5f48e398:   00007fff928c245c 00007fff5f48e700
0x00007fff5f48e3a8:   00007fff927b2634 00007fff5f48e42c
0x00007fff5f48e3b8:   00007fff5f48e430 00007fff5f48e434
0x00007fff5f48e3c8:   00007fff7cc1ae00 ffffffffffffffff
0x00007fff5f48e3d8:   00000000000007f8 00007fff7cc1ae18
0x00007fff5f48e3e8:   00007febabfa0720 0000000000000000
0x00007fff5f48e3f8:   00007fff5f48e4d0 0000000000000000
0x00007fff5f48e408:   00007febabe380a0 00007fff5f48e550
0x00007fff5f48e418:   0000000000000055 00000000000f42ef
0x00007fff5f48e428:   00007febabe36090 00007febabe37ad0
0x00007fff5f48e438:   00007febabe03bb0 0000000000000001
0x00007fff5f48e448:   00000000000f42ed 00007febabe03ba0
0x00007fff5f48e458:   00007fff90dd7c05 000000017d0c9070
0x00007fff5f48e468:   00007fff7db060d0 0000000042000000
0x00007fff5f48e478:   00007fff90ddee63 00007fff7cbe5240
0x00007fff5f48e488:   00007fff5f48e558 00007fff5f48e4b0
0x00007fff5f48e498:   00007fff5f48e4d0 0000000000000000
0x00007fff5f48e4a8:   000000000000001f 00046b038f10997a
0x00007fff5f48e4b8:   00007febabe03bd4 0000000000000000
0x00007fff5f48e4c8:   0000000000000000 00007febabe38120
0x00007fff5f48e4d8:   00007febabfa0720 0000002000000000
0x00007fff5f48e4e8:   0000000000000000 00007fff7db060d0
0x00007fff5f48e4f8:   0000000042000000 00007fff90dde4f8
0x00007fff5f48e508:   00007fff7cbe5350 00007fff5f48e468
0x00007fff5f48e518:   0000000000000000 00007fff5f48e5e8
0x00007fff5f48e528:   00007fff7d868ea0 00007fff5f48e620
0x00007fff5f48e538:   00007fff9b284edc 00007fff5f48e5d0
0x00007fff5f48e548:   00007fff96ed45fd 0000000000000051
0x00007fff5f48e558:   0000000000000000 00000000000f42e2
0x00007fff5f48e568:   0000000000000053 0000000000000000
0x00007fff5f48e578:   00000000000f42ed 00007fff5f48e5f4
0x00007fff5f48e588:   00000000003e3a01 00000000ffffffff 

Instructions: (pc=0x00007fff8f0e90dd)
0x00007fff8f0e90bd:   00 00 00 48 85 ff 2e 74 7a 40 f6 c7 01 2e 75 7e
0x00007fff8f0e90cd:   49 bb f8 ff ff ff ff 7f 00 00 4c 23 1f 49 89 f2
0x00007fff8f0e90dd:   45 23 53 18 49 c1 e2 04 4d 03 53 10 49 3b 32 75
0x00007fff8f0e90ed:   04 41 ff 62 08 49 83 3a 00 74 6a 4d 3b 53 10 74 

Register to memory mapping:

RAX=0x00007febabd66d90 is an unknown value
RBX=0x00007fff5f48e578 is pointing into the stack for thread: 0x00007febad10a800
RCX=0x0000000000000000 is an unknown value
RDX=0x00007febabe36090 is an unknown value
RSP=0x00007fff5f48e398 is pointing into the stack for thread: 0x00007febad10a800
RBP=0x00007fff5f48e3a0 is pointing into the stack for thread: 0x00007febad10a800
RSI=0x00007fff977a0423: -[NSTitlebarContainerView transparent]+0x5e307 in /System/Library/Frameworks/AppKit.framework/Versions/C/AppKit at 0x00007fff96d9f000
RDI=0x00007febabd66d90 is an unknown value
R8 =0x00007fff5f48e380 is pointing into the stack for thread: 0x00007febad10a800
R9 =0x0000000000000055 is an unknown value
R10=0x00007fff977a0423: -[NSTitlebarContainerView transparent]+0x5e307 in /System/Library/Frameworks/AppKit.framework/Versions/C/AppKit at 0x00007fff96d9f000
R11=0x000007febabdcec8 is an unknown value
R12=0x00007febabe03bb0 is an unknown value
R13=0x00000000000f42ed is an unknown value
R14=0x00007febabfa0720 is an unknown value
R15=0x00007fff5f48e4d8 is pointing into the stack for thread: 0x00007febad10a800


Stack: [0x00007fff5ec93000,0x00007fff5f493000],  sp=0x00007fff5f48e398,  free space=8172k
Native frames: (J=compiled Java code, j=interpreted, Vv=VM code, C=native code)
C  [libobjc.A.dylib+0x10dd]  objc_msgSend+0x1d
C  [CoreFoundation+0x10634]  _CFXNotificationPost+0xc44
C  [Foundation+0x79d1]  -[NSNotificationCenter postNotificationName:object:userInfo:]+0x42
C  [AppKit+0x43ac2]  -[NSSurface _disposeSurface]+0x98
C  [AppKit+0x43526]  -[NSSurface setWindow:]+0x42
C  [AppKit+0x33a10]  -[NSView _setWindow:]+0xa33
C  [AppKit+0x6b091]  -[NSView removeFromSuperview]+0x1c5
C  [AppKit+0x14bea9]  -[NSView removeFromSuperviewWithoutNeedingDisplay]+0x26
C  [liblwjgl.dylib+0xa205]  +[MacOSXKeyableWindow destroyWindow]+0xb5
C  [Foundation+0x92d00]  __NSThreadPerformPerform+0x125
C  [CoreFoundation+0x80a01]  __CFRUNLOOP_IS_CALLING_OUT_TO_A_SOURCE0_PERFORM_FUNCTION__+0x11
C  [CoreFoundation+0x72b8d]  __CFRunLoopDoSources0+0x10d
C  [CoreFoundation+0x721bf]  __CFRunLoopRun+0x39f
C  [CoreFoundation+0x71bd8]  CFRunLoopRunSpecific+0x128
C  [HIToolbox+0x3256f]  RunCurrentEventLoopInMode+0xeb
C  [HIToolbox+0x321ee]  ReceiveNextEventCommon+0xb3
C  [HIToolbox+0x3212b]  _BlockUntilNextEventMatchingListInModeWithFilter+0x47
C  [AppKit+0x919bb]  _DPSNextEvent+0x3d2
C  [AppKit+0x90f68]  -[NSApplication nextEventMatchingMask:untilDate:inMode:dequeue:]+0x15a
C  [libosxapp.dylib+0x242a]  -[NSApplicationAWT nextEventMatchingMask:untilDate:inMode:dequeue:]+0x7c
C  [AppKit+0x86bf3]  -[NSApplication run]+0x252
C  [libosxapp.dylib+0x223e]  +[NSApplicationAWT runAWTLoopWithApp:]+0x9c
C  [libawt_lwawt.dylib+0x4494f]  -[AWTStarter starter:]+0x389
C  [Foundation+0x92d00]  __NSThreadPerformPerform+0x125
C  [CoreFoundation+0x80a01]  __CFRUNLOOP_IS_CALLING_OUT_TO_A_SOURCE0_PERFORM_FUNCTION__+0x11
C  [CoreFoundation+0x72b8d]  __CFRunLoopDoSources0+0x10d
C  [CoreFoundation+0x721bf]  __CFRunLoopRun+0x39f
C  [CoreFoundation+0x71bd8]  CFRunLoopRunSpecific+0x128
C  [java+0x56cc]  CreateExecutionEnvironment+0x367
C  [java+0x165c]  JLI_Launch+0x7a0
C  [java+0x768a]  main+0x65
C  [java+0xeb4]  start+0x34
C  0x0000000000000006


---------------  P R O C E S S  ---------------

Java Threads: ( => current thread )
  0x00007febac0b5000 JavaThread "AWT-Shutdown" [_thread_blocked, id=28187, stack(0x0000000119387000,0x0000000119487000)]
=>0x00007febad10a800 JavaThread "AppKit Thread" daemon [_thread_in_native, id=1811, stack(0x00007fff5ec93000,0x00007fff5f493000)]
  0x00007febac037800 JavaThread "Service Thread" daemon [_thread_blocked, id=18179, stack(0x0000000117935000,0x0000000117a35000)]
  0x00007febad025000 JavaThread "C1 CompilerThread2" daemon [_thread_blocked, id=17667, stack(0x0000000117832000,0x0000000117932000)]
  0x00007febad019800 JavaThread "C2 CompilerThread1" daemon [_thread_blocked, id=17155, stack(0x000000011772f000,0x000000011782f000)]
  0x00007febac037000 JavaThread "C2 CompilerThread0" daemon [_thread_blocked, id=16643, stack(0x000000011762c000,0x000000011772c000)]
  0x00007febad018800 JavaThread "Signal Dispatcher" daemon [_thread_blocked, id=13335, stack(0x0000000117529000,0x0000000117629000)]
  0x00007febac023800 JavaThread "Finalizer" daemon [_thread_blocked, id=11523, stack(0x0000000115b15000,0x0000000115c15000)]
  0x00007febac022800 JavaThread "Reference Handler" daemon [_thread_blocked, id=11011, stack(0x0000000115a12000,0x0000000115b12000)]
  0x00007febac80b800 JavaThread "main" [_thread_in_native, id=4867, stack(0x0000000100883000,0x0000000100983000)]

Other Threads:
  0x00007febac020000 VMThread [stack: 0x000000011590f000,0x0000000115a0f000] [id=10499]
  0x00007febac836800 WatcherThread [stack: 0x0000000117a38000,0x0000000117b38000] [id=18691]

VM state:not at safepoint (normal execution)

VM Mutex/Monitor currently owned by a thread: None

Heap:
 PSYoungGen      total 18944K, used 6023K [0x00000007aab00000, 0x00000007ac000000, 0x00000007c0000000)
  eden space 16384K, 21% used [0x00000007aab00000,0x00000007aae67d40,0x00000007abb00000)
  from space 2560K, 99% used [0x00000007abb00000,0x00000007abd7a168,0x00000007abd80000)
  to   space 2560K, 0% used [0x00000007abd80000,0x00000007abd80000,0x00000007ac000000)
 ParOldGen       total 44032K, used 2574K [0x0000000780000000, 0x0000000782b00000, 0x00000007aab00000)
  object space 44032K, 5% used [0x0000000780000000,0x0000000780283988,0x0000000782b00000)
 Metaspace       used 7067K, capacity 7209K, committed 7424K, reserved 1056768K
  class space    used 695K, capacity 759K, committed 768K, reserved 1048576K

Card table byte_map: [0x00000001114df000,0x00000001116e0000] byte_map_base: 0x000000010d8df000

Marking Bits: (ParMarkBitMap*) 0x0000000101a9e410
 Begin Bits: [0x0000000111c42000, 0x0000000112c42000)
 End Bits:   [0x0000000112c42000, 0x0000000113c42000)

Polling page: 0x00000001009c7000

CodeCache: size=245760Kb used=3763Kb max_used=3765Kb free=241996Kb
 bounds [0x000000010211f000, 0x00000001024df000, 0x000000011111f000]
 total_blobs=1304 nmethods=913 adapters=306
 compilation: enabled

Compilation events (10 events):
Event: 31.502 Thread 0x00007febad025000  909       1       org.newdawn.slick.AngelCodeFont::access$000 (5 bytes)
Event: 31.503 Thread 0x00007febad025000 nmethod 909 0x00000001024aed50 code [0x00000001024aeea0, 0x00000001024aef90]
Event: 31.622 Thread 0x00007febad025000  910       3       java.nio.HeapByteBuffer::putLong (21 bytes)
Event: 31.623 Thread 0x00007febad025000 nmethod 910 0x00000001024ba790 code [0x00000001024ba920, 0x00000001024bace8]
Event: 31.623 Thread 0x00007febad025000  911       3       java.nio.Bits::putLong (21 bytes)
Event: 31.623 Thread 0x00007febad025000 nmethod 911 0x00000001024b1f10 code [0x00000001024b2080, 0x00000001024b2278]
Event: 31.668 Thread 0x00007febad025000  912       3       java.nio.HeapByteBuffer::getLong (19 bytes)
Event: 31.669 Thread 0x00007febad025000 nmethod 912 0x00000001024b1850 code [0x00000001024b1a00, 0x00000001024b1da8]
Event: 31.669 Thread 0x00007febad025000  913       3       java.nio.Bits::getLong (18 bytes)
Event: 31.669 Thread 0x00007febad025000 nmethod 913 0x00000001024b1410 code [0x00000001024b1580, 0x00000001024b1778]

GC Heap History (2 events):
Event: 16.537 GC heap before
{Heap before GC invocations=1 (full 0):
 PSYoungGen      total 18944K, used 16384K [0x00000007aab00000, 0x00000007ac000000, 0x00000007c0000000)
  eden space 16384K, 100% used [0x00000007aab00000,0x00000007abb00000,0x00000007abb00000)
  from space 2560K, 0% used [0x00000007abd80000,0x00000007abd80000,0x00000007ac000000)
  to   space 2560K, 0% used [0x00000007abb00000,0x00000007abb00000,0x00000007abd80000)
 ParOldGen       total 44032K, used 0K [0x0000000780000000, 0x0000000782b00000, 0x00000007aab00000)
  object space 44032K, 0% used [0x0000000780000000,0x0000000780000000,0x0000000782b00000)
 Metaspace       used 7004K, capacity 7113K, committed 7168K, reserved 1056768K
  class space    used 691K, capacity 727K, committed 768K, reserved 1048576K
Event: 16.549 GC heap after
Heap after GC invocations=1 (full 0):
 PSYoungGen      total 18944K, used 2536K [0x00000007aab00000, 0x00000007ac000000, 0x00000007c0000000)
  eden space 16384K, 0% used [0x00000007aab00000,0x00000007aab00000,0x00000007abb00000)
  from space 2560K, 99% used [0x00000007abb00000,0x00000007abd7a168,0x00000007abd80000)
  to   space 2560K, 0% used [0x00000007abd80000,0x00000007abd80000,0x00000007ac000000)
 ParOldGen       total 44032K, used 2574K [0x0000000780000000, 0x0000000782b00000, 0x00000007aab00000)
  object space 44032K, 5% used [0x0000000780000000,0x0000000780283988,0x0000000782b00000)
 Metaspace       used 7004K, capacity 7113K, committed 7168K, reserved 1056768K
  class space    used 691K, capacity 727K, committed 768K, reserved 1048576K
}

Deoptimization events (2 events):
Event: 30.106 Thread 0x00007febac0b5000 Uncommon trap: reason=unreached action=reinterpret pc=0x0000000102472578 method=java.util.HashMap.keySet()Ljava/util/Set; @ 6
Event: 30.106 Thread 0x00007febac0b5000 Uncommon trap: reason=unreached action=reinterpret pc=0x00000001024918c4 method=java.util.HashMap$HashIterator.<init>(Ljava/util/HashMap;)V @ 38

Internal exceptions (10 events):
Event: 1.388 Thread 0x00007febac80b800 Exception <a 'java/security/PrivilegedActionException'> (0x00000007ab7bc788) thrown at [/Users/java_re/workspace/8-2-build-macosx-x86_64/jdk8u31/2394/hotspot/src/share/vm/prims/jvm.cpp, line 1312]
Event: 1.398 Thread 0x00007febac80b800 Exception <a 'java/security/PrivilegedActionException'> (0x00000007ab7ca6b8) thrown at [/Users/java_re/workspace/8-2-build-macosx-x86_64/jdk8u31/2394/hotspot/src/share/vm/prims/jvm.cpp, line 1312]
Event: 1.400 Thread 0x00007febac80b800 Exception <a 'java/security/PrivilegedActionException'> (0x00000007ab7d43f8) thrown at [/Users/java_re/workspace/8-2-build-macosx-x86_64/jdk8u31/2394/hotspot/src/share/vm/prims/jvm.cpp, line 1312]
Event: 1.410 Thread 0x00007febac80b800 Exception <a 'java/security/PrivilegedActionException'> (0x00000007ab839358) thrown at [/Users/java_re/workspace/8-2-build-macosx-x86_64/jdk8u31/2394/hotspot/src/share/vm/prims/jvm.cpp, line 1312]
Event: 1.418 Thread 0x00007febac80b800 Exception <a 'java/security/PrivilegedActionException'> (0x00000007ab871038) thrown at [/Users/java_re/workspace/8-2-build-macosx-x86_64/jdk8u31/2394/hotspot/src/share/vm/prims/jvm.cpp, line 1312]
Event: 1.427 Thread 0x00007febac80b800 Exception <a 'java/security/PrivilegedActionException'> (0x00000007ab8794d0) thrown at [/Users/java_re/workspace/8-2-build-macosx-x86_64/jdk8u31/2394/hotspot/src/share/vm/prims/jvm.cpp, line 1312]
Event: 1.428 Thread 0x00007febac80b800 Exception <a 'java/security/PrivilegedActionException'> (0x00000007ab87e5e8) thrown at [/Users/java_re/workspace/8-2-build-macosx-x86_64/jdk8u31/2394/hotspot/src/share/vm/prims/jvm.cpp, line 1312]
Event: 1.433 Thread 0x00007febac80b800 Exception <a 'java/security/PrivilegedActionException'> (0x00000007ab883460) thrown at [/Users/java_re/workspace/8-2-build-macosx-x86_64/jdk8u31/2394/hotspot/src/share/vm/prims/jvm.cpp, line 1312]
Event: 30.106 Thread 0x00007febac0b5000 Implicit null exception at 0x000000010249167f to 0x00000001024918a9
Event: 33.473 Thread 0x00007febac80b800 Exception <a 'java/security/PrivilegedActionException'> (0x00000007aae1fef0) thrown at [/Users/java_re/workspace/8-2-build-macosx-x86_64/jdk8u31/2394/hotspot/src/share/vm/prims/jvm.cpp, line 1312]

Events (10 events):
Event: 30.106 Thread 0x00007febac0b5000 Uncommon trap: trap_request=0xffffffad fr.pc=0x0000000102472578
Event: 30.106 Thread 0x00007febac0b5000 DEOPT PACKING pc=0x0000000102472578 sp=0x0000000119486780
Event: 30.106 Thread 0x00007febac0b5000 DEOPT UNPACKING pc=0x0000000102123f69 sp=0x0000000119486738 mode 2
Event: 30.106 Thread 0x00007febac0b5000 Uncommon trap: trap_request=0xffffffad fr.pc=0x00000001024918c4
Event: 30.106 Thread 0x00007febac0b5000 DEOPT PACKING pc=0x00000001024918c4 sp=0x0000000119486770
Event: 30.106 Thread 0x00007febac0b5000 DEOPT UNPACKING pc=0x0000000102123f69 sp=0x0000000119486670 mode 2
Event: 30.106 Thread 0x00007febac0b5000 Thread exited: 0x00007febac0b5000
Event: 30.120 Thread 0x00007febac0b5000 Thread added: 0x00007febac0b5000
Event: 33.473 loading class org/lwjgl/opengl/CallbackUtil
Event: 33.473 loading class org/lwjgl/opengl/CallbackUtil done


Dynamic libraries:
0x000000000c234000 	/System/Library/Frameworks/Cocoa.framework/Versions/A/Cocoa
0x000000000c234000 	/System/Library/Frameworks/Security.framework/Versions/A/Security
0x000000000c234000 	/System/Library/Frameworks/ApplicationServices.framework/Versions/A/ApplicationServices
0x000000000c234000 	/usr/lib/libz.1.dylib
0x000000000c234000 	/usr/lib/libSystem.B.dylib
0x000000000c234000 	/usr/lib/libobjc.A.dylib
0x000000000c234000 	/System/Library/Frameworks/CoreFoundation.framework/Versions/A/CoreFoundation
0x000000000c234000 	/System/Library/Frameworks/Foundation.framework/Versions/C/Foundation
0x000000000c234000 	/System/Library/Frameworks/AppKit.framework/Versions/C/AppKit
0x000000000c234000 	/System/Library/Frameworks/CoreData.framework/Versions/A/CoreData
0x000000000c234000 	/System/Library/PrivateFrameworks/RemoteViewServices.framework/Versions/A/RemoteViewServices
0x000000000c234000 	/System/Library/PrivateFrameworks/UIFoundation.framework/Versions/A/UIFoundation
0x000000000c234000 	/System/Library/Frameworks/IOSurface.framework/Versions/A/IOSurface
0x000000000c234000 	/System/Library/Frameworks/AudioToolbox.framework/Versions/A/AudioToolbox
0x000000000c234000 	/System/Library/Frameworks/AudioUnit.framework/Versions/A/AudioUnit
0x000000000c234000 	/System/Library/PrivateFrameworks/DataDetectorsCore.framework/Versions/A/DataDetectorsCore
0x000000000c234000 	/System/Library/PrivateFrameworks/DesktopServicesPriv.framework/Versions/A/DesktopServicesPriv
0x000000000c234000 	/System/Library/Frameworks/Carbon.framework/Versions/A/Frameworks/HIToolbox.framework/Versions/A/HIToolbox
0x000000000c234000 	/System/Library/Frameworks/QuartzCore.framework/Versions/A/QuartzCore
0x000000000c234000 	/System/Library/Frameworks/Carbon.framework/Versions/A/Frameworks/SpeechRecognition.framework/Versions/A/SpeechRecognition
0x000000000c234000 	/usr/lib/libauto.dylib
0x000000000c234000 	/usr/lib/libicucore.A.dylib
0x000000000c234000 	/usr/lib/libxml2.2.dylib
0x000000000c234000 	/System/Library/PrivateFrameworks/CoreUI.framework/Versions/A/CoreUI
0x000000000c234000 	/System/Library/Frameworks/CoreAudio.framework/Versions/A/CoreAudio
0x000000000c234000 	/System/Library/Frameworks/DiskArbitration.framework/Versions/A/DiskArbitration
0x000000000c234000 	/usr/lib/liblangid.dylib
0x000000000c234000 	/System/Library/PrivateFrameworks/MultitouchSupport.framework/Versions/A/MultitouchSupport
0x000000000c234000 	/System/Library/Frameworks/IOKit.framework/Versions/A/IOKit
0x000000000c234000 	/usr/lib/libDiagnosticMessagesClient.dylib
0x000000000c234000 	/System/Library/Frameworks/CoreServices.framework/Versions/A/CoreServices
0x000000000c234000 	/System/Library/PrivateFrameworks/PerformanceAnalysis.framework/Versions/A/PerformanceAnalysis
0x000000000c234000 	/System/Library/PrivateFrameworks/GenerationalStorage.framework/Versions/A/GenerationalStorage
0x000000000c234000 	/System/Library/Frameworks/OpenGL.framework/Versions/A/OpenGL
0x000000000c234000 	/System/Library/PrivateFrameworks/Sharing.framework/Versions/A/Sharing
0x000000000c234000 	/System/Library/Frameworks/CoreGraphics.framework/Versions/A/CoreGraphics
0x000000000c234000 	/System/Library/Frameworks/CoreText.framework/Versions/A/CoreText
0x000000000c234000 	/System/Library/Frameworks/ImageIO.framework/Versions/A/ImageIO
0x000000000c234000 	/usr/lib/libextension.dylib
0x000000000c234000 	/System/Library/PrivateFrameworks/Backup.framework/Versions/A/Backup
0x000000000c234000 	/usr/lib/libarchive.2.dylib
0x000000000c234000 	/System/Library/Frameworks/CFNetwork.framework/Versions/A/CFNetwork
0x000000000c234000 	/System/Library/Frameworks/SystemConfiguration.framework/Versions/A/SystemConfiguration
0x000000000c234000 	/usr/lib/libCRFSuite.dylib
0x000000000c234000 	/usr/lib/libc++.1.dylib
0x000000000c234000 	/usr/lib/libc++abi.dylib
0x000000000c234000 	/usr/lib/system/libcache.dylib
0x000000000c234000 	/usr/lib/system/libcommonCrypto.dylib
0x000000000c234000 	/usr/lib/system/libcompiler_rt.dylib
0x000000000c234000 	/usr/lib/system/libcopyfile.dylib
0x000000000c234000 	/usr/lib/system/libcorecrypto.dylib
0x000000000c234000 	/usr/lib/system/libdispatch.dylib
0x000000000c234000 	/usr/lib/system/libdyld.dylib
0x000000000c234000 	/usr/lib/system/libkeymgr.dylib
0x000000000c234000 	/usr/lib/system/liblaunch.dylib
0x000000000c234000 	/usr/lib/system/libmacho.dylib
0x000000000c234000 	/usr/lib/system/libquarantine.dylib
0x000000000c234000 	/usr/lib/system/libremovefile.dylib
0x000000000c234000 	/usr/lib/system/libsystem_asl.dylib
0x000000000c234000 	/usr/lib/system/libsystem_blocks.dylib
0x000000000c234000 	/usr/lib/system/libsystem_c.dylib
0x000000000c234000 	/usr/lib/system/libsystem_configuration.dylib
0x000000000c234000 	/usr/lib/system/libsystem_coreservices.dylib
0x000000000c234000 	/usr/lib/system/libsystem_coretls.dylib
0x000000000c234000 	/usr/lib/system/libsystem_dnssd.dylib
0x000000000c234000 	/usr/lib/system/libsystem_info.dylib
0x000000000c234000 	/usr/lib/system/libsystem_kernel.dylib
0x000000000c234000 	/usr/lib/system/libsystem_m.dylib
0x000000000c234000 	/usr/lib/system/libsystem_malloc.dylib
0x000000000c234000 	/usr/lib/system/libsystem_network.dylib
0x000000000c234000 	/usr/lib/system/libsystem_networkextension.dylib
0x000000000c234000 	/usr/lib/system/libsystem_notify.dylib
0x000000000c234000 	/usr/lib/system/libsystem_platform.dylib
0x000000000c234000 	/usr/lib/system/libsystem_pthread.dylib
0x000000000c234000 	/usr/lib/system/libsystem_sandbox.dylib
0x000000000c234000 	/usr/lib/system/libsystem_secinit.dylib
0x000000000c234000 	/usr/lib/system/libsystem_stats.dylib
0x000000000c234000 	/usr/lib/system/libsystem_trace.dylib
0x000000000c234000 	/usr/lib/system/libunc.dylib
0x000000000c234000 	/usr/lib/system/libunwind.dylib
0x000000000c234000 	/usr/lib/system/libxpc.dylib
0x000000000c234000 	/usr/lib/libbz2.1.0.dylib
0x000000000c234000 	/usr/lib/liblzma.5.dylib
0x000000000c234000 	/usr/lib/libbsm.0.dylib
0x000000000c234000 	/usr/lib/libsqlite3.dylib
0x000000000c234000 	/usr/lib/system/libkxld.dylib
0x000000000c234000 	/usr/lib/libxar.1.dylib
0x000000000c234000 	/usr/lib/libpam.2.dylib
0x000000000c234000 	/usr/lib/libOpenScriptingUtil.dylib
0x000000000c234000 	/System/Library/Frameworks/CoreServices.framework/Versions/A/Frameworks/FSEvents.framework/Versions/A/FSEvents
0x000000000c234000 	/System/Library/Frameworks/CoreServices.framework/Versions/A/Frameworks/CarbonCore.framework/Versions/A/CarbonCore
0x000000000c234000 	/System/Library/Frameworks/CoreServices.framework/Versions/A/Frameworks/Metadata.framework/Versions/A/Metadata
0x000000000c234000 	/System/Library/Frameworks/CoreServices.framework/Versions/A/Frameworks/OSServices.framework/Versions/A/OSServices
0x000000000c234000 	/System/Library/Frameworks/CoreServices.framework/Versions/A/Frameworks/SearchKit.framework/Versions/A/SearchKit
0x000000000c234000 	/System/Library/Frameworks/CoreServices.framework/Versions/A/Frameworks/AE.framework/Versions/A/AE
0x000000000c234000 	/System/Library/Frameworks/CoreServices.framework/Versions/A/Frameworks/LaunchServices.framework/Versions/A/LaunchServices
0x000000000c234000 	/System/Library/Frameworks/CoreServices.framework/Versions/A/Frameworks/DictionaryServices.framework/Versions/A/DictionaryServices
0x000000000c234000 	/System/Library/Frameworks/NetFS.framework/Versions/A/NetFS
0x000000000c234000 	/System/Library/PrivateFrameworks/NetAuth.framework/Versions/A/NetAuth
0x000000000c234000 	/System/Library/PrivateFrameworks/login.framework/Versions/A/Frameworks/loginsupport.framework/Versions/A/loginsupport
0x000000000c234000 	/System/Library/PrivateFrameworks/TCC.framework/Versions/A/TCC
0x000000000c234000 	/usr/lib/libmecabra.dylib
0x000000000c234000 	/System/Library/Frameworks/ApplicationServices.framework/Versions/A/Frameworks/ATS.framework/Versions/A/ATS
0x000000000c234000 	/System/Library/Frameworks/ApplicationServices.framework/Versions/A/Frameworks/ColorSync.framework/Versions/A/ColorSync
0x000000000c234000 	/System/Library/Frameworks/ApplicationServices.framework/Versions/A/Frameworks/HIServices.framework/Versions/A/HIServices
0x000000000c234000 	/System/Library/Frameworks/ApplicationServices.framework/Versions/A/Frameworks/LangAnalysis.framework/Versions/A/LangAnalysis
0x000000000c234000 	/System/Library/Frameworks/ApplicationServices.framework/Versions/A/Frameworks/PrintCore.framework/Versions/A/PrintCore
0x000000000c234000 	/System/Library/Frameworks/ApplicationServices.framework/Versions/A/Frameworks/QD.framework/Versions/A/QD
0x000000000c234000 	/System/Library/Frameworks/ApplicationServices.framework/Versions/A/Frameworks/SpeechSynthesis.framework/Versions/A/SpeechSynthesis
0x000000000c234000 	/System/Library/Frameworks/Accelerate.framework/Versions/A/Accelerate
0x000000000c234000 	/System/Library/Frameworks/Accelerate.framework/Versions/A/Frameworks/vImage.framework/Versions/A/vImage
0x000000000c234000 	/System/Library/Frameworks/Accelerate.framework/Versions/A/Frameworks/vecLib.framework/Versions/A/vecLib
0x000000000c234000 	/System/Library/Frameworks/Accelerate.framework/Versions/A/Frameworks/vecLib.framework/Versions/A/libvDSP.dylib
0x000000000c234000 	/System/Library/Frameworks/Accelerate.framework/Versions/A/Frameworks/vecLib.framework/Versions/A/libvMisc.dylib
0x000000000c234000 	/System/Library/Frameworks/Accelerate.framework/Versions/A/Frameworks/vecLib.framework/Versions/A/libLAPACK.dylib
0x000000000c234000 	/System/Library/Frameworks/Accelerate.framework/Versions/A/Frameworks/vecLib.framework/Versions/A/libBLAS.dylib
0x000000000c234000 	/System/Library/Frameworks/Accelerate.framework/Versions/A/Frameworks/vecLib.framework/Versions/A/libLinearAlgebra.dylib
0x000000000c234000 	/System/Library/Frameworks/ApplicationServices.framework/Versions/A/Frameworks/ATS.framework/Versions/A/Resources/libFontParser.dylib
0x000000000c234000 	/System/Library/Frameworks/ApplicationServices.framework/Versions/A/Frameworks/ATS.framework/Versions/A/Resources/libFontRegistry.dylib
0x000000000c234000 	/System/Library/PrivateFrameworks/AppleVPA.framework/Versions/A/AppleVPA
0x000000000c234000 	/System/Library/PrivateFrameworks/AppleJPEG.framework/Versions/A/AppleJPEG
0x000000000c234000 	/System/Library/Frameworks/ImageIO.framework/Versions/A/Resources/libJPEG.dylib
0x000000000c234000 	/System/Library/Frameworks/ImageIO.framework/Versions/A/Resources/libTIFF.dylib
0x000000000c234000 	/System/Library/Frameworks/ImageIO.framework/Versions/A/Resources/libPng.dylib
0x000000000c234000 	/System/Library/Frameworks/ImageIO.framework/Versions/A/Resources/libGIF.dylib
0x000000000c234000 	/System/Library/Frameworks/ImageIO.framework/Versions/A/Resources/libJP2.dylib
0x000000000c234000 	/System/Library/Frameworks/ImageIO.framework/Versions/A/Resources/libRadiance.dylib
0x000000000c234000 	/System/Library/Frameworks/CoreVideo.framework/Versions/A/CoreVideo
0x000000000c234000 	/System/Library/Frameworks/OpenGL.framework/Versions/A/Libraries/libGLU.dylib
0x000000000c234000 	/System/Library/Frameworks/OpenGL.framework/Versions/A/Libraries/libGFXShared.dylib
0x000000000c234000 	/System/Library/Frameworks/OpenGL.framework/Versions/A/Libraries/libGL.dylib
0x000000000c234000 	/System/Library/Frameworks/OpenGL.framework/Versions/A/Libraries/libGLImage.dylib
0x000000000c234000 	/System/Library/Frameworks/OpenGL.framework/Versions/A/Libraries/libCVMSPluginSupport.dylib
0x000000000c234000 	/System/Library/Frameworks/OpenGL.framework/Versions/A/Libraries/libCoreVMClient.dylib
0x000000000c234000 	/usr/lib/libcups.2.dylib
0x000000000c234000 	/System/Library/Frameworks/Kerberos.framework/Versions/A/Kerberos
0x000000000c234000 	/System/Library/Frameworks/GSS.framework/Versions/A/GSS
0x000000000c234000 	/usr/lib/libresolv.9.dylib
0x000000000c234000 	/usr/lib/libiconv.2.dylib
0x000000000c234000 	/System/Library/PrivateFrameworks/Heimdal.framework/Versions/A/Heimdal
0x000000000c234000 	/usr/lib/libheimdal-asn1.dylib
0x000000000c234000 	/System/Library/Frameworks/OpenDirectory.framework/Versions/A/OpenDirectory
0x000000000c234000 	/System/Library/PrivateFrameworks/CommonAuth.framework/Versions/A/CommonAuth
0x000000000c234000 	/System/Library/Frameworks/OpenDirectory.framework/Versions/A/Frameworks/CFOpenDirectory.framework/Versions/A/CFOpenDirectory
0x000000000c234000 	/System/Library/Frameworks/SecurityFoundation.framework/Versions/A/SecurityFoundation
0x000000000c234000 	/System/Library/PrivateFrameworks/LanguageModeling.framework/Versions/A/LanguageModeling
0x000000000c234000 	/usr/lib/libcmph.dylib
0x000000000c234000 	/System/Library/Frameworks/ServiceManagement.framework/Versions/A/ServiceManagement
0x000000000c234000 	/usr/lib/libxslt.1.dylib
0x000000000c234000 	/System/Library/Frameworks/Carbon.framework/Versions/A/Frameworks/Ink.framework/Versions/A/Ink
0x000000000c234000 	/System/Library/Frameworks/QuartzCore.framework/Versions/A/Frameworks/CoreImage.framework/Versions/A/CoreImage
0x000000000c234000 	/System/Library/PrivateFrameworks/CrashReporterSupport.framework/Versions/A/CrashReporterSupport
0x000000000c234000 	/System/Library/Frameworks/OpenCL.framework/Versions/A/OpenCL
0x000000000c234000 	/System/Library/PrivateFrameworks/FaceCore.framework/Versions/A/FaceCore
0x000000000c234000 	/System/Library/PrivateFrameworks/Ubiquity.framework/Versions/A/Ubiquity
0x000000000c234000 	/System/Library/PrivateFrameworks/IconServices.framework/Versions/A/IconServices
0x000000000c234000 	/System/Library/PrivateFrameworks/ChunkingLibrary.framework/Versions/A/ChunkingLibrary
0x000000000c234000 	/System/Library/PrivateFrameworks/Apple80211.framework/Versions/A/Apple80211
0x000000000c234000 	/System/Library/Frameworks/CoreWLAN.framework/Versions/A/CoreWLAN
0x000000000c234000 	/System/Library/Frameworks/IOBluetooth.framework/Versions/A/IOBluetooth
0x000000000c234000 	/System/Library/PrivateFrameworks/CoreWiFi.framework/Versions/A/CoreWiFi
0x000000000c234000 	/System/Library/Frameworks/CoreBluetooth.framework/Versions/A/CoreBluetooth
0x000000000c234000 	/System/Library/PrivateFrameworks/DebugSymbols.framework/Versions/A/DebugSymbols
0x000000000c234000 	/System/Library/PrivateFrameworks/CoreSymbolication.framework/Versions/A/CoreSymbolication
0x000000000c234000 	/System/Library/PrivateFrameworks/Symbolication.framework/Versions/A/Symbolication
0x000000000c234000 	/System/Library/PrivateFrameworks/SpeechRecognitionCore.framework/Versions/A/SpeechRecognitionCore
0x0000000101200000 	/Library/Java/JavaVirtualMachines/jdk1.8.0_31.jdk/Contents/Home/jre/lib/server/libjvm.dylib
0x000000000c234000 	/usr/lib/libstdc++.6.dylib
0x0000000100985000 	/Library/Java/JavaVirtualMachines/jdk1.8.0_31.jdk/Contents/Home/jre/lib/libverify.dylib
0x0000000100993000 	/Library/Java/JavaVirtualMachines/jdk1.8.0_31.jdk/Contents/Home/jre/lib/libjava.dylib
0x00000001009d1000 	/Library/Java/JavaVirtualMachines/jdk1.8.0_31.jdk/Contents/Home/jre/lib/libzip.dylib
0x0000000115c17000 	/System/Library/Frameworks/JavaVM.framework/Frameworks/JavaRuntimeSupport.framework/JavaRuntimeSupport
0x0000000115c2d000 	/System/Library/Frameworks/JavaVM.framework/Versions/A/Frameworks/JavaNativeFoundation.framework/Versions/A/JavaNativeFoundation
0x00000001009ef000 	/System/Library/Frameworks/JavaVM.framework/Versions/A/JavaVM
0x000000000c234000 	/System/Library/Frameworks/Carbon.framework/Versions/A/Carbon
0x0000000115c41000 	/System/Library/PrivateFrameworks/JavaLaunching.framework/Versions/A/JavaLaunching
0x000000000c234000 	/System/Library/Frameworks/Carbon.framework/Versions/A/Frameworks/CommonPanels.framework/Versions/A/CommonPanels
0x000000000c234000 	/System/Library/Frameworks/Carbon.framework/Versions/A/Frameworks/Help.framework/Versions/A/Help
0x000000000c234000 	/System/Library/Frameworks/Carbon.framework/Versions/A/Frameworks/ImageCapture.framework/Versions/A/ImageCapture
0x000000000c234000 	/System/Library/Frameworks/Carbon.framework/Versions/A/Frameworks/OpenScripting.framework/Versions/A/OpenScripting
0x000000000c234000 	/System/Library/Frameworks/Carbon.framework/Versions/A/Frameworks/Print.framework/Versions/A/Print
0x000000000c234000 	/System/Library/Frameworks/Carbon.framework/Versions/A/Frameworks/SecurityHI.framework/Versions/A/SecurityHI
0x0000000117b66000 	/Library/Java/JavaVirtualMachines/jdk1.8.0_31.jdk/Contents/Home/jre/lib/libawt.dylib
0x0000000117c15000 	/Library/Java/JavaVirtualMachines/jdk1.8.0_31.jdk/Contents/Home/jre/lib/./libmlib_image.dylib
0x0000000117ce1000 	/Library/Java/JavaVirtualMachines/jdk1.8.0_31.jdk/Contents/Home/jre/lib/libawt_lwawt.dylib
0x0000000117d94000 	/Library/Java/JavaVirtualMachines/jdk1.8.0_31.jdk/Contents/Home/jre/lib/./libosxapp.dylib
0x000000000c234000 	/System/Library/Frameworks/ExceptionHandling.framework/Versions/A/ExceptionHandling
0x000000000c234000 	/System/Library/PrivateFrameworks/CoreServicesInternal.framework/Versions/A/CoreServicesInternal
0x000000000c234000 	/System/Library/PrivateFrameworks/CloudDocs.framework/Versions/A/CloudDocs
0x000000000c234000 	/System/Library/PrivateFrameworks/CoreDuet.framework/Versions/A/CoreDuet
0x000000000c234000 	/System/Library/Frameworks/CloudKit.framework/Versions/A/CloudKit
0x000000000c234000 	/System/Library/PrivateFrameworks/ProtocolBuffer.framework/Versions/A/ProtocolBuffer
0x000000000c234000 	/System/Library/PrivateFrameworks/CoreDuetDaemonProtocol.framework/Versions/A/CoreDuetDaemonProtocol
0x000000000c234000 	/System/Library/PrivateFrameworks/CoreDuetDebugLogging.framework/Versions/A/CoreDuetDebugLogging
0x000000000c234000 	/System/Library/PrivateFrameworks/MMCS.framework/Versions/A/MMCS
0x000000000c234000 	/System/Library/Frameworks/CoreLocation.framework/Versions/A/CoreLocation
0x000000000c234000 	/System/Library/PrivateFrameworks/ProtectedCloudStorage.framework/Versions/A/ProtectedCloudStorage
0x000000000c234000 	/System/Library/PrivateFrameworks/GeoServices.framework/Versions/A/GeoServices
0x0000000119377000 	/System/Library/Frameworks/CoreGraphics.framework/Versions/A/Resources/libCGCMS.A.dylib
0x0000000119e5a000 	/System/Library/Frameworks/CoreGraphics.framework/Versions/A/Resources/libRIP.A.dylib
0x000000011a0d2000 	/System/Library/Frameworks/CoreGraphics.framework/Versions/A/Resources/libCGXType.A.dylib
0x000000000c234000 	/System/Library/Frameworks/OpenCL.framework/Versions/A/Libraries/libcldcpuengine.dylib
0x000000000c234000 	/System/Library/PrivateFrameworks/DiskImages.framework/Versions/A/DiskImages
0x000000000c234000 	/System/Library/Frameworks/DiscRecording.framework/Versions/A/DiscRecording
0x000000000c234000 	/usr/lib/libcsfde.dylib
0x000000000c234000 	/usr/lib/libcurl.4.dylib
0x000000000c234000 	/System/Library/PrivateFrameworks/MediaKit.framework/Versions/A/MediaKit
0x000000000c234000 	/usr/lib/libCoreStorage.dylib
0x000000000c234000 	/System/Library/PrivateFrameworks/EFILogin.framework/Versions/A/EFILogin
0x000000000c234000 	/usr/lib/libutil.dylib
0x000000000c234000 	/System/Library/PrivateFrameworks/FindMyDevice.framework/Versions/A/FindMyDevice
0x000000000c234000 	/System/Library/Frameworks/LDAP.framework/Versions/A/LDAP
0x000000000c234000 	/usr/lib/libsasl2.2.dylib
0x000000000c234000 	/System/Library/PrivateFrameworks/CoreDaemon.framework/Versions/B/CoreDaemon
0x000000000c234000 	/usr/lib/libcrypto.0.9.8.dylib
0x000000000c234000 	/System/Library/PrivateFrameworks/AppleSRP.framework/Versions/A/AppleSRP
0x000000000c234000 	/System/Library/PrivateFrameworks/TrustEvaluationAgent.framework/Versions/A/TrustEvaluationAgent
0x000000011ab3d000 	cl_kernels
0x000000011ab3f000 	/System/Library/Frameworks/OpenCL.framework/Versions/A/Libraries/ImageFormats/unorm8_bgra.dylib
0x000000011ab30000 	cl_kernels
0x000000000c234000 	/System/Library/PrivateFrameworks/FamilyControls.framework/Versions/A/FamilyControls
0x000000000c234000 	/System/Library/PrivateFrameworks/CommerceKit.framework/Versions/A/Frameworks/CommerceCore.framework/Versions/A/CommerceCore
0x000000000c234000 	/System/Library/PrivateFrameworks/SystemAdministration.framework/Versions/A/SystemAdministration
0x000000000c234000 	/System/Library/PrivateFrameworks/AppContainer.framework/Versions/A/AppContainer
0x000000000c234000 	/System/Library/PrivateFrameworks/SecCodeWrapper.framework/Versions/A/SecCodeWrapper
0x000000000c234000 	/System/Library/Frameworks/DirectoryService.framework/Versions/A/DirectoryService
0x000000000c234000 	/System/Library/PrivateFrameworks/LoginUIKit.framework/Versions/A/Frameworks/LoginUICore.framework/Versions/A/LoginUICore
0x000000000c234000 	/usr/lib/libodfde.dylib
0x000000011bd05000 	/Library/Java/JavaVirtualMachines/jdk1.8.0_31.jdk/Contents/Home/jre/lib/libfontmanager.dylib
0x000000011bd6c000 	/Users/antte/Dropbox/Medialogy PRIVAT/4rd semester/Object Oriented Software Engineering/MiniProject/OOSE2015/native/macosx/liblwjgl.dylib
0x000000011a06b000 	/Library/Java/JavaVirtualMachines/jdk1.8.0_31.jdk/Contents/Home/jre/lib/libjawt.dylib
0x000000011bdf9000 	/System/Library/Frameworks/OpenGL.framework/Resources/GLEngine.bundle/GLEngine
0x000000000c234000 	/System/Library/Frameworks/OpenGL.framework/Versions/A/Libraries/libGLProgrammability.dylib
0x0000000000000000 	/System/Library/Extensions/AppleIntelHD5000GraphicsGLDriver.bundle/Contents/MacOS/AppleIntelHD5000GraphicsGLDriver
0x000000000c234000 	/System/Library/PrivateFrameworks/IOAccelerator.framework/Versions/A/IOAccelerator
0x000000000c234000 	/System/Library/PrivateFrameworks/GPUSupport.framework/Versions/A/Libraries/libGPUSupportMercury.dylib
0x000000011bfe4000 	/System/Library/Frameworks/OpenGL.framework/Resources//GLRendererFloat.bundle/GLRendererFloat
0x000000011c680000 	/Users/antte/Dropbox/Medialogy PRIVAT/4rd semester/Object Oriented Software Engineering/MiniProject/OOSE2015/native/macosx/libjinput-osx.dylib
0x000000011c685000 	/System/Library/Extensions/IOHIDFamily.kext/Contents/PlugIns/IOHIDLib.plugin/Contents/MacOS/IOHIDLib

VM Arguments:
jvm_args: -Djava.library.path=/Users/antte/Dropbox/Medialogy PRIVAT/4rd semester/Object Oriented Software Engineering/MiniProject/OOSE2015/native/macosx -Dfile.encoding=UTF-8 
java_command: example.SimpleSlickGame
java_class_path (initial): /Users/antte/Dropbox/Medialogy PRIVAT/4rd semester/Object Oriented Software Engineering/MiniProject/OOSE2015/bin:/Users/antte/Dropbox/Medialogy PRIVAT/4rd semester/Object Oriented Software Engineering/MiniProject/OOSE2015/lib/ibxm.jar:/Users/antte/Dropbox/Medialogy PRIVAT/4rd semester/Object Oriented Software Engineering/MiniProject/OOSE2015/lib/jinput.jar:/Users/antte/Dropbox/Medialogy PRIVAT/4rd semester/Object Oriented Software Engineering/MiniProject/OOSE2015/lib/jogg-0.0.7.jar:/Users/antte/Dropbox/Medialogy PRIVAT/4rd semester/Object Oriented Software Engineering/MiniProject/OOSE2015/lib/jorbis-0.0.15.jar:/Users/antte/Dropbox/Medialogy PRIVAT/4rd semester/Object Oriented Software Engineering/MiniProject/OOSE2015/lib/lwjgl_util.jar:/Users/antte/Dropbox/Medialogy PRIVAT/4rd semester/Object Oriented Software Engineering/MiniProject/OOSE2015/lib/lwjgl.jar:/Users/antte/Dropbox/Medialogy PRIVAT/4rd semester/Object Oriented Software Engineering/MiniProject/OOSE2015/lib/slick-examples.jar:/Users/antte/Dropbox/Medialogy PRIVAT/4rd semester/Object Oriented Software Engineering/MiniProject/OOSE2015/lib/slick.jar:/Users/antte/Dropbox/Medialogy PRIVAT/4rd semester/Object Oriented Software Engineering/MiniProject/OOSE2015/lib/tinylinepp.jar
Launcher Type: SUN_STANDARD

Environment Variables:
PATH=/usr/bin:/bin:/usr/sbin:/sbin
SHELL=/bin/bash
DISPLAY=/private/tmp/com.apple.launchd.JuK5ykPydO/org.macosforge.xquartz:0

Signal Handlers:
SIGSEGV: [libjvm.dylib+0x57a0e7], sa_mask[0]=11111111011111110111111111111111, sa_flags=SA_ONSTACK|SA_RESTART|SA_SIGINFO
SIGBUS: [libjvm.dylib+0x57a0e7], sa_mask[0]=11111111011111110111111111111111, sa_flags=SA_RESTART|SA_SIGINFO
SIGFPE: [libjvm.dylib+0x45af24], sa_mask[0]=11111111011111110111111111111111, sa_flags=SA_RESTART|SA_SIGINFO
SIGPIPE: [libjvm.dylib+0x45af24], sa_mask[0]=11111111011111110111111111111111, sa_flags=SA_RESTART|SA_SIGINFO
SIGXFSZ: [libjvm.dylib+0x45af24], sa_mask[0]=11111111011111110111111111111111, sa_flags=SA_RESTART|SA_SIGINFO
SIGILL: [libjvm.dylib+0x45af24], sa_mask[0]=11111111011111110111111111111111, sa_flags=SA_RESTART|SA_SIGINFO
SIGUSR1: SIG_DFL, sa_mask[0]=00000000000000000000000000000000, sa_flags=none
SIGUSR2: [libjvm.dylib+0x45aa42], sa_mask[0]=00100000000000000000000000000000, sa_flags=SA_RESTART|SA_SIGINFO
SIGHUP: [libjvm.dylib+0x459015], sa_mask[0]=11111111011111110111111111111111, sa_flags=SA_RESTART|SA_SIGINFO
SIGINT: [libjvm.dylib+0x459015], sa_mask[0]=11111111011111110111111111111111, sa_flags=SA_RESTART|SA_SIGINFO
SIGTERM: [libjvm.dylib+0x459015], sa_mask[0]=11111111011111110111111111111111, sa_flags=SA_RESTART|SA_SIGINFO
SIGQUIT: [libjvm.dylib+0x459015], sa_mask[0]=11111111011111110111111111111111, sa_flags=SA_RESTART|SA_SIGINFO


---------------  S Y S T E M  ---------------

OS:Bsduname:Darwin 14.3.0 Darwin Kernel Version 14.3.0: Mon Mar 23 11:59:05 PDT 2015; root:xnu-2782.20.48~5/RELEASE_X86_64 x86_64
rlimit: STACK 8192k, CORE 0k, NPROC 709, NOFILE 10240, AS infinity
load average:1.87 2.24 2.92

CPU:total 4 (2 cores per cpu, 2 threads per core) family 6 model 69 stepping 1, cmov, cx8, fxsr, mmx, sse, sse2, sse3, ssse3, sse4.1, sse4.2, popcnt, avx, avx2, aes, clmul, erms, lzcnt, ht, tsc, tscinvbit, bmi1, bmi2

Memory: 4k page, physical 4194304k(27000k free)

/proc/meminfo:


vm_info: Java HotSpot(TM) 64-Bit Server VM (25.31-b07) for bsd-amd64 JRE (1.8.0_31-b13), built on Dec 17 2014 20:45:36 by "java_re" with gcc 4.2.1 (Based on Apple Inc. build 5658) (LLVM build 2336.11.00)

time: Fri May  8 11:43:03 2015
elapsed time: 33 seconds (0d 0h 0m 33s)

