#
# A fatal error has been detected by the Java Runtime Environment:
#
#  SIGSEGV (0xb) at pc=0x00007fff87d1d8f2, pid=5737, tid=1811
#
# JRE version: Java(TM) SE Runtime Environment (8.0_31-b13) (build 1.8.0_31-b13)
# Java VM: Java HotSpot(TM) 64-Bit Server VM (25.31-b07 mixed mode bsd-amd64 compressed oops)
# Problematic frame:
# C  [libGPUSupportMercury.dylib+0xb8f2]  gldAttachDrawable+0x60
#
# Failed to write core dump. Core dumps have been disabled. To enable core dumping, try "ulimit -c unlimited" before starting Java again
#
# If you would like to submit a bug report, please visit:
#   http://bugreport.java.com/bugreport/crash.jsp
# The crash happened outside the Java Virtual Machine in native code.
# See problematic frame for where to report the bug.
#

---------------  T H R E A D  ---------------

Current thread (0x00007f9221806000):  JavaThread "AppKit Thread" daemon [_thread_in_native, id=1811, stack(0x00007fff5e684000,0x00007fff5ee84000)]

siginfo: si_signo: 11 (SIGSEGV), si_code: 0 (unknown), si_addr: 0x0000000000000000

Registers:
RAX=0xf000000000000000, RBX=0x000000000000271e, RCX=0x0000000000000000, RDX=0x00007f9220c76e48
RSP=0x00007fff5ee7e3a0, RBP=0x00007fff5ee7e4a0, RSI=0x0000000000000050, RDI=0x00007fff7554a070
R8 =0x00007f9224009e60, R9 =0x00007f9223800000, R10=0x000000000000003c, R11=0x0000000000000206
R12=0x0000000000002718, R13=0x00007f922299c400, R14=0x0000000000000050, R15=0x0000000000000000
RIP=0x00007fff87d1d8f2, EFLAGS=0x0000000000010212, ERR=0x0000000000000000
  TRAPNO=0x000000000000000d

Top of Stack: (sp=0x00007fff5ee7e3a0)
0x00007fff5ee7e3a0:   00007fff5ee7e414 00007f9220f1d970
0x00007fff5ee7e3b0:   ffffffffffffffff 0000206000000040
0x00007fff5ee7e3c0:   00007f9220f1d988 00007fff8ed4664f
0x00007fff5ee7e3d0:   0000000000000000 f000000000000000
0x00007fff5ee7e3e0:   0000000300000003 00007fff5ee7e528
0x00007fff5ee7e3f0:   00007fff5ee7e4b4 0000000000018ecf
0x00007fff5ee7e400:   00007fff5ee7e4ac 00007fff5ee7e4b0
0x00007fff5ee7e410:   00007fff5ee7e490 00007fff865c4f1e
0x00007fff5ee7e420:   0000000000000000 0000000000000615
0x00007fff5ee7e430:   0000003400001200 0000040b00000000
0x00007fff5ee7e440:   00007fff5ee7e470 00007fff865772fe
0x00007fff5ee7e450:   00007fff5ee7e4e8 0000000000000615
0x00007fff5ee7e460:   00007fff5ee7e4a0 0000000033614ed8
0x00007fff5ee7e470:   8d00598366dd9a36 00007f9224000000
0x00007fff5ee7e480:   0000000000002718 0000000000000000
0x00007fff5ee7e490:   0000000000000050 0000000000000000
0x00007fff5ee7e4a0:   00007fff5ee7e4f0 00007fff8c9627e8
0x00007fff5ee7e4b0:   00007f9224009e60 0000000000000000
0x00007fff5ee7e4c0:   00007f9220c76e48 00007f9220d53bd0
0x00007fff5ee7e4d0:   0000000000000000 00007f922299a350
0x00007fff5ee7e4e0:   00007f9222998400 00007fff7554a070
0x00007fff5ee7e4f0:   00007fff5ee7e5e0 00007fff8a1877ac
0x00007fff5ee7e500:   408c200000000000 407c200000000000
0x00007fff5ee7e510:   4051000000000000 4080e00000000000
0x00007fff5ee7e520:   4087300000000000 0000000000000000
0x00007fff5ee7e530:   4036000000000000 4080e00000000000
0x00007fff5ee7e540:   4086800000000000 0000000000000000
0x00007fff5ee7e550:   0000000000000000 0000000000000001
0x00007fff5ee7e560:   00007f9220c76e48 0000000000000001
0x00007fff5ee7e570:   00007fff5ee7e5e0 00007fff8a18c64c
0x00007fff5ee7e580:   0000000100000003 00007f922299a350
0x00007fff5ee7e590:   00007f922299a288 00000002897bffff 

Instructions: (pc=0x00007fff87d1d8f2)
0x00007fff87d1d8d2:   48 85 d2 b8 01 00 00 00 bb 15 27 00 00 0f 44 d8
0x00007fff87d1d8e2:   e9 7f 01 00 00 49 8b 45 08 48 89 85 38 ff ff ff
0x00007fff87d1d8f2:   48 8b 00 48 89 85 30 ff ff ff 83 fe 4f 0f 8f fd
0x00007fff87d1d902:   00 00 00 48 89 d0 bb 15 27 00 00 83 fe 35 0f 84 

Register to memory mapping:

RAX=0xf000000000000000 is an unknown value
RBX=0x000000000000271e is an unknown value
RCX=0x0000000000000000 is an unknown value
RDX=0x00007f9220c76e48 is an unknown value
RSP=0x00007fff5ee7e3a0 is pointing into the stack for thread: 0x00007f9221806000
RBP=0x00007fff5ee7e4a0 is pointing into the stack for thread: 0x00007f9221806000
RSI=0x0000000000000050 is an unknown value
RDI=0x00007fff7554a070: __stack_chk_guard+0 in /usr/lib/system/libsystem_c.dylib at 0x00007fff860a2000
R8 =0x00007f9224009e60 is an unknown value
R9 =0x00007f9223800000 is an unknown value
R10=0x000000000000003c is an unknown value
R11=0x0000000000000206 is an unknown value
R12=0x0000000000002718 is an unknown value
R13=0x00007f922299c400 is an unknown value
R14=0x0000000000000050 is an unknown value
R15=0x0000000000000000 is an unknown value


Stack: [0x00007fff5e684000,0x00007fff5ee84000],  sp=0x00007fff5ee7e3a0,  free space=8168k
Native frames: (J=compiled Java code, j=interpreted, Vv=VM code, C=native code)
C  [libGPUSupportMercury.dylib+0xb8f2]  gldAttachDrawable+0x60
C  [GLEngine+0x167e8]  gliAttachDrawableWithOptions+0x101
C  [OpenGL+0x37ac]  glcGetIOAccelService+0xe03
C  [OpenGL+0x73f3]  CGLSetPBuffer+0xb90
C  [OpenGL+0x7716]  CGLSetSurface+0x124
C  [AppKit+0x57e567]  NSOpenGLContextAttachOnScreenViewSurface+0x109
C  [AppKit+0x2c669b]  -[NSOpenGLContext setView:]+0x83
C  [liblwjgl.dylib+0xa586]  -[MacOSXOpenGLView lockFocus]+0x76
C  [AppKit+0x14e3c5]  -[NSView _recursiveDisplayRectIfNeededIgnoringOpacity:isVisibleRect:rectIsVisibleRectForView:topView:]+0x740
C  [AppKit+0x14f420]  -[NSView _recursiveDisplayRectIfNeededIgnoringOpacity:isVisibleRect:rectIsVisibleRectForView:topView:]+0x179b
C  [AppKit+0x14d773]  -[NSThemeFrame _recursiveDisplayRectIfNeededIgnoringOpacity:isVisibleRect:rectIsVisibleRectForView:topView:]+0x14d
C  [AppKit+0x14a2cb]  -[NSView _displayRectIgnoringOpacity:isVisibleRect:rectIsVisibleRectForView:]+0xac9
C  [AppKit+0x128e2d]  -[NSView displayIfNeeded]+0x754
C  [AppKit+0x1461c5]  -[NSWindow displayIfNeeded]+0xe8
C  [AppKit+0x183322]  _handleWindowNeedsDisplayOrLayoutOrUpdateConstraints+0x3a8
C  [AppKit+0x74c0e1]  __83-[NSWindow _postWindowNeedsDisplayOrLayoutOrUpdateConstraintsUnlessPostingDisabled]_block_invoke1531+0x2e
C  [CoreFoundation+0x7fda7]  __CFRUNLOOP_IS_CALLING_OUT_TO_AN_OBSERVER_CALLBACK_FUNCTION__+0x17
C  [CoreFoundation+0x7fd00]  __CFRunLoopDoObservers+0x170
C  [CoreFoundation+0x71e08]  __CFRunLoopRun+0x368
C  [CoreFoundation+0x71858]  CFRunLoopRunSpecific+0x128
C  [HIToolbox+0x2eaef]  RunCurrentEventLoopInMode+0xeb
C  [HIToolbox+0x2e76e]  ReceiveNextEventCommon+0xb3
C  [HIToolbox+0x2e6ab]  _BlockUntilNextEventMatchingListInModeWithFilter+0x47
C  [AppKit+0x23f81]  _DPSNextEvent+0x3c4
C  [AppKit+0x23730]  -[NSApplication nextEventMatchingMask:untilDate:inMode:dequeue:]+0xc2
C  [libosxapp.dylib+0x242a]  -[NSApplicationAWT nextEventMatchingMask:untilDate:inMode:dequeue:]+0x7c
C  [AppKit+0x17593]  -[NSApplication run]+0x252
C  [libosxapp.dylib+0x223e]  +[NSApplicationAWT runAWTLoopWithApp:]+0x9c
C  [libawt_lwawt.dylib+0x4494f]  -[AWTStarter starter:]+0x389
C  [Foundation+0x65cdc]  __NSThreadPerformPerform+0x125
C  [CoreFoundation+0x80681]  __CFRUNLOOP_IS_CALLING_OUT_TO_A_SOURCE0_PERFORM_FUNCTION__+0x11
C  [CoreFoundation+0x7280d]  __CFRunLoopDoSources0+0x10d
C  [CoreFoundation+0x71e3f]  __CFRunLoopRun+0x39f
C  [CoreFoundation+0x71858]  CFRunLoopRunSpecific+0x128
C  [java+0x56cc]  CreateExecutionEnvironment+0x367
C  [java+0x165c]  JLI_Launch+0x7a0
C  [java+0x768a]  main+0x65
C  [java+0xeb4]  start+0x34
C  0x0000000000000006


---------------  P R O C E S S  ---------------

Java Threads: ( => current thread )
  0x00007f922109a800 JavaThread "AWT-Shutdown" [_thread_blocked, id=28935, stack(0x000000011989b000,0x000000011999b000)]
=>0x00007f9221806000 JavaThread "AppKit Thread" daemon [_thread_in_native, id=1811, stack(0x00007fff5e684000,0x00007fff5ee84000)]
  0x00007f922201d000 JavaThread "Service Thread" daemon [_thread_blocked, id=18179, stack(0x0000000117e69000,0x0000000117f69000)]
  0x00007f9221013000 JavaThread "C1 CompilerThread2" daemon [_thread_blocked, id=17667, stack(0x0000000117d66000,0x0000000117e66000)]
  0x00007f922282f800 JavaThread "C2 CompilerThread1" daemon [_thread_blocked, id=17155, stack(0x0000000117c63000,0x0000000117d63000)]
  0x00007f922282f000 JavaThread "C2 CompilerThread0" daemon [_thread_blocked, id=16643, stack(0x0000000117b60000,0x0000000117c60000)]
  0x00007f922282e000 JavaThread "Signal Dispatcher" daemon [_thread_blocked, id=15887, stack(0x0000000117a5d000,0x0000000117b5d000)]
  0x00007f9222826800 JavaThread "Finalizer" daemon [_thread_blocked, id=11523, stack(0x0000000116115000,0x0000000116215000)]
  0x00007f9222013800 JavaThread "Reference Handler" daemon [_thread_blocked, id=11011, stack(0x0000000116012000,0x0000000116112000)]
  0x00007f9222009000 JavaThread "main" [_thread_in_native, id=4867, stack(0x0000000100e92000,0x0000000100f92000)]

Other Threads:
  0x00007f922180d000 VMThread [stack: 0x0000000115f0f000,0x000000011600f000] [id=10499]
  0x00007f922180d800 WatcherThread [stack: 0x0000000117f6c000,0x000000011806c000] [id=18691]

VM state:not at safepoint (normal execution)

VM Mutex/Monitor currently owned by a thread: None

Heap:
 PSYoungGen      total 18944K, used 13989K [0x00000007aab00000, 0x00000007ac000000, 0x00000007c0000000)
  eden space 16384K, 85% used [0x00000007aab00000,0x00000007ab8a9428,0x00000007abb00000)
  from space 2560K, 0% used [0x00000007abd80000,0x00000007abd80000,0x00000007ac000000)
  to   space 2560K, 0% used [0x00000007abb00000,0x00000007abb00000,0x00000007abd80000)
 ParOldGen       total 44032K, used 0K [0x0000000780000000, 0x0000000782b00000, 0x00000007aab00000)
  object space 44032K, 0% used [0x0000000780000000,0x0000000780000000,0x0000000782b00000)
 Metaspace       used 6897K, capacity 6985K, committed 7168K, reserved 1056768K
  class space    used 691K, capacity 727K, committed 768K, reserved 1048576K

Card table byte_map: [0x0000000111adf000,0x0000000111ce0000] byte_map_base: 0x000000010dedf000

Marking Bits: (ParMarkBitMap*) 0x000000010209e410
 Begin Bits: [0x0000000112242000, 0x0000000113242000)
 End Bits:   [0x0000000113242000, 0x0000000114242000)

Polling page: 0x0000000100fd6000

CodeCache: size=245760Kb used=3023Kb max_used=3023Kb free=242736Kb
 bounds [0x000000010271f000, 0x0000000102a1f000, 0x000000011171f000]
 total_blobs=1134 nmethods=746 adapters=303
 compilation: enabled

Compilation events (10 events):
Event: 5.511 Thread 0x00007f9221013000  739       3       org.newdawn.slick.AppGameContainer::hasFocus (4 bytes)
Event: 5.511 Thread 0x00007f9221013000 nmethod 739 0x0000000102a06550 code [0x0000000102a066c0, 0x0000000102a06848]
Event: 5.511 Thread 0x00007f9221013000  740       3       org.newdawn.slick.opengl.renderer.ImmediateModeOGLRenderer::glClear (5 bytes)
Event: 5.512 Thread 0x00007f9221013000 nmethod 740 0x0000000102a0d850 code [0x0000000102a0da40, 0x0000000102a0e158]
Event: 5.512 Thread 0x00007f9221013000  741       3       org.newdawn.slick.opengl.renderer.ImmediateModeOGLRenderer::glLoadIdentity (4 bytes)
Event: 5.513 Thread 0x00007f9221013000 nmethod 741 0x0000000102a0e5d0 code [0x0000000102a0e7c0, 0x0000000102a0eeb8]
Event: 5.513 Thread 0x00007f9221013000  742       3       org.newdawn.slick.Graphics::resetFont (8 bytes)
Event: 5.513 Thread 0x00007f9221013000 nmethod 742 0x0000000102a06110 code [0x0000000102a06280, 0x0000000102a06410]
Event: 5.513 Thread 0x00007f9221013000  743       3       org.newdawn.slick.Graphics::resetLineWidth (36 bytes)
Event: 5.515 Thread 0x00007f9221013000 nmethod 743 0x0000000102a0f310 code [0x0000000102a0f6a0, 0x0000000102a10c78]

GC Heap History (0 events):
No events

Deoptimization events (0 events):
No events

Internal exceptions (10 events):
Event: 2.792 Thread 0x00007f9222009000 Exception <a 'java/security/PrivilegedActionException'> (0x00000007ab4d7d20) thrown at [/Users/java_re/workspace/8-2-build-macosx-x86_64/jdk8u31/2394/hotspot/src/share/vm/prims/jvm.cpp, line 1312]
Event: 2.796 Thread 0x00007f9222009000 Exception <a 'java/security/PrivilegedActionException'> (0x00000007ab4e14d0) thrown at [/Users/java_re/workspace/8-2-build-macosx-x86_64/jdk8u31/2394/hotspot/src/share/vm/prims/jvm.cpp, line 1312]
Event: 2.797 Thread 0x00007f9222009000 Exception <a 'java/security/PrivilegedActionException'> (0x00000007ab4e59c8) thrown at [/Users/java_re/workspace/8-2-build-macosx-x86_64/jdk8u31/2394/hotspot/src/share/vm/prims/jvm.cpp, line 1312]
Event: 2.797 Thread 0x00007f9222009000 Exception <a 'java/security/PrivilegedActionException'> (0x00000007ab4e93a0) thrown at [/Users/java_re/workspace/8-2-build-macosx-x86_64/jdk8u31/2394/hotspot/src/share/vm/prims/jvm.cpp, line 1312]
Event: 2.797 Thread 0x00007f9222009000 Exception <a 'java/security/PrivilegedActionException'> (0x00000007ab4ef2f8) thrown at [/Users/java_re/workspace/8-2-build-macosx-x86_64/jdk8u31/2394/hotspot/src/share/vm/prims/jvm.cpp, line 1312]
Event: 3.265 Thread 0x00007f9222009000 Exception <a 'java/security/PrivilegedActionException'> (0x00000007ab7b9218) thrown at [/Users/java_re/workspace/8-2-build-macosx-x86_64/jdk8u31/2394/hotspot/src/share/vm/prims/jvm.cpp, line 1312]
Event: 3.292 Thread 0x00007f9222009000 Exception <a 'java/security/PrivilegedActionException'> (0x00000007ab809e08) thrown at [/Users/java_re/workspace/8-2-build-macosx-x86_64/jdk8u31/2394/hotspot/src/share/vm/prims/jvm.cpp, line 1312]
Event: 3.295 Thread 0x00007f9222009000 Exception <a 'java/security/PrivilegedActionException'> (0x00000007ab812160) thrown at [/Users/java_re/workspace/8-2-build-macosx-x86_64/jdk8u31/2394/hotspot/src/share/vm/prims/jvm.cpp, line 1312]
Event: 3.300 Thread 0x00007f9222009000 Exception <a 'java/security/PrivilegedActionException'> (0x00000007ab817320) thrown at [/Users/java_re/workspace/8-2-build-macosx-x86_64/jdk8u31/2394/hotspot/src/share/vm/prims/jvm.cpp, line 1312]
Event: 3.305 Thread 0x00007f9222009000 Exception <a 'java/security/PrivilegedActionException'> (0x00000007ab81c198) thrown at [/Users/java_re/workspace/8-2-build-macosx-x86_64/jdk8u31/2394/hotspot/src/share/vm/prims/jvm.cpp, line 1312]

Events (10 events):
Event: 3.295 loading class org/newdawn/slick/AngelCodeFont$DisplayList
Event: 3.295 loading class org/newdawn/slick/AngelCodeFont$DisplayList done
Event: 3.300 loading class org/lwjgl/opengl/Sync
Event: 3.300 loading class org/lwjgl/opengl/Sync done
Event: 3.305 loading class org/lwjgl/opengl/Sync$RunningAvg
Event: 3.305 loading class org/lwjgl/opengl/Sync$RunningAvg done
Event: 4.172 Executing VM operation: EnableBiasedLocking
Event: 4.172 Executing VM operation: EnableBiasedLocking done
Event: 5.756 loading class org/lwjgl/opengl/CallbackUtil
Event: 5.756 loading class org/lwjgl/opengl/CallbackUtil done


Dynamic libraries:
0x00000000053d7000 	/System/Library/Frameworks/Cocoa.framework/Versions/A/Cocoa
0x00000000053d7000 	/System/Library/Frameworks/Security.framework/Versions/A/Security
0x00000000053d7000 	/System/Library/Frameworks/ApplicationServices.framework/Versions/A/ApplicationServices
0x00000000053d7000 	/usr/lib/libz.1.dylib
0x00000000053d7000 	/usr/lib/libSystem.B.dylib
0x00000000053d7000 	/usr/lib/libobjc.A.dylib
0x00000000053d7000 	/System/Library/Frameworks/CoreFoundation.framework/Versions/A/CoreFoundation
0x00000000053d7000 	/System/Library/Frameworks/Foundation.framework/Versions/C/Foundation
0x00000000053d7000 	/System/Library/Frameworks/AppKit.framework/Versions/C/AppKit
0x00000000053d7000 	/System/Library/Frameworks/CoreData.framework/Versions/A/CoreData
0x00000000053d7000 	/System/Library/PrivateFrameworks/RemoteViewServices.framework/Versions/A/RemoteViewServices
0x00000000053d7000 	/System/Library/PrivateFrameworks/UIFoundation.framework/Versions/A/UIFoundation
0x00000000053d7000 	/System/Library/Frameworks/IOSurface.framework/Versions/A/IOSurface
0x00000000053d7000 	/System/Library/Frameworks/AudioToolbox.framework/Versions/A/AudioToolbox
0x00000000053d7000 	/System/Library/Frameworks/AudioUnit.framework/Versions/A/AudioUnit
0x00000000053d7000 	/System/Library/PrivateFrameworks/DataDetectorsCore.framework/Versions/A/DataDetectorsCore
0x00000000053d7000 	/System/Library/PrivateFrameworks/DesktopServicesPriv.framework/Versions/A/DesktopServicesPriv
0x00000000053d7000 	/System/Library/Frameworks/Carbon.framework/Versions/A/Frameworks/HIToolbox.framework/Versions/A/HIToolbox
0x00000000053d7000 	/System/Library/Frameworks/QuartzCore.framework/Versions/A/QuartzCore
0x00000000053d7000 	/System/Library/Frameworks/Carbon.framework/Versions/A/Frameworks/SpeechRecognition.framework/Versions/A/SpeechRecognition
0x00000000053d7000 	/usr/lib/libauto.dylib
0x00000000053d7000 	/usr/lib/libicucore.A.dylib
0x00000000053d7000 	/usr/lib/libxml2.2.dylib
0x00000000053d7000 	/System/Library/PrivateFrameworks/CoreUI.framework/Versions/A/CoreUI
0x00000000053d7000 	/System/Library/Frameworks/CoreAudio.framework/Versions/A/CoreAudio
0x00000000053d7000 	/System/Library/Frameworks/DiskArbitration.framework/Versions/A/DiskArbitration
0x00000000053d7000 	/usr/lib/liblangid.dylib
0x00000000053d7000 	/System/Library/PrivateFrameworks/MultitouchSupport.framework/Versions/A/MultitouchSupport
0x00000000053d7000 	/System/Library/Frameworks/IOKit.framework/Versions/A/IOKit
0x00000000053d7000 	/usr/lib/libDiagnosticMessagesClient.dylib
0x00000000053d7000 	/System/Library/Frameworks/CoreServices.framework/Versions/A/CoreServices
0x00000000053d7000 	/System/Library/PrivateFrameworks/PerformanceAnalysis.framework/Versions/A/PerformanceAnalysis
0x00000000053d7000 	/System/Library/PrivateFrameworks/GenerationalStorage.framework/Versions/A/GenerationalStorage
0x00000000053d7000 	/System/Library/Frameworks/OpenGL.framework/Versions/A/OpenGL
0x00000000053d7000 	/System/Library/PrivateFrameworks/Sharing.framework/Versions/A/Sharing
0x00000000053d7000 	/System/Library/Frameworks/CoreGraphics.framework/Versions/A/CoreGraphics
0x00000000053d7000 	/System/Library/Frameworks/CoreText.framework/Versions/A/CoreText
0x00000000053d7000 	/System/Library/Frameworks/ImageIO.framework/Versions/A/ImageIO
0x00000000053d7000 	/usr/lib/libextension.dylib
0x00000000053d7000 	/System/Library/PrivateFrameworks/Backup.framework/Versions/A/Backup
0x00000000053d7000 	/usr/lib/libarchive.2.dylib
0x00000000053d7000 	/System/Library/Frameworks/CFNetwork.framework/Versions/A/CFNetwork
0x00000000053d7000 	/System/Library/Frameworks/SystemConfiguration.framework/Versions/A/SystemConfiguration
0x00000000053d7000 	/usr/lib/libCRFSuite.dylib
0x00000000053d7000 	/usr/lib/libc++.1.dylib
0x00000000053d7000 	/usr/lib/libc++abi.dylib
0x00000000053d7000 	/usr/lib/system/libcache.dylib
0x00000000053d7000 	/usr/lib/system/libcommonCrypto.dylib
0x00000000053d7000 	/usr/lib/system/libcompiler_rt.dylib
0x00000000053d7000 	/usr/lib/system/libcopyfile.dylib
0x00000000053d7000 	/usr/lib/system/libcorecrypto.dylib
0x00000000053d7000 	/usr/lib/system/libdispatch.dylib
0x00000000053d7000 	/usr/lib/system/libdyld.dylib
0x00000000053d7000 	/usr/lib/system/libkeymgr.dylib
0x00000000053d7000 	/usr/lib/system/liblaunch.dylib
0x00000000053d7000 	/usr/lib/system/libmacho.dylib
0x00000000053d7000 	/usr/lib/system/libquarantine.dylib
0x00000000053d7000 	/usr/lib/system/libremovefile.dylib
0x00000000053d7000 	/usr/lib/system/libsystem_asl.dylib
0x00000000053d7000 	/usr/lib/system/libsystem_blocks.dylib
0x00000000053d7000 	/usr/lib/system/libsystem_c.dylib
0x00000000053d7000 	/usr/lib/system/libsystem_configuration.dylib
0x00000000053d7000 	/usr/lib/system/libsystem_coreservices.dylib
0x00000000053d7000 	/usr/lib/system/libsystem_coretls.dylib
0x00000000053d7000 	/usr/lib/system/libsystem_dnssd.dylib
0x00000000053d7000 	/usr/lib/system/libsystem_info.dylib
0x00000000053d7000 	/usr/lib/system/libsystem_kernel.dylib
0x00000000053d7000 	/usr/lib/system/libsystem_m.dylib
0x00000000053d7000 	/usr/lib/system/libsystem_malloc.dylib
0x00000000053d7000 	/usr/lib/system/libsystem_network.dylib
0x00000000053d7000 	/usr/lib/system/libsystem_networkextension.dylib
0x00000000053d7000 	/usr/lib/system/libsystem_notify.dylib
0x00000000053d7000 	/usr/lib/system/libsystem_platform.dylib
0x00000000053d7000 	/usr/lib/system/libsystem_pthread.dylib
0x00000000053d7000 	/usr/lib/system/libsystem_sandbox.dylib
0x00000000053d7000 	/usr/lib/system/libsystem_secinit.dylib
0x00000000053d7000 	/usr/lib/system/libsystem_stats.dylib
0x00000000053d7000 	/usr/lib/system/libsystem_trace.dylib
0x00000000053d7000 	/usr/lib/system/libunc.dylib
0x00000000053d7000 	/usr/lib/system/libunwind.dylib
0x00000000053d7000 	/usr/lib/system/libxpc.dylib
0x00000000053d7000 	/usr/lib/libbz2.1.0.dylib
0x00000000053d7000 	/usr/lib/liblzma.5.dylib
0x00000000053d7000 	/usr/lib/libbsm.0.dylib
0x00000000053d7000 	/usr/lib/libsqlite3.dylib
0x00000000053d7000 	/usr/lib/system/libkxld.dylib
0x00000000053d7000 	/usr/lib/libxar.1.dylib
0x00000000053d7000 	/usr/lib/libpam.2.dylib
0x00000000053d7000 	/usr/lib/libOpenScriptingUtil.dylib
0x00000000053d7000 	/System/Library/Frameworks/CoreServices.framework/Versions/A/Frameworks/FSEvents.framework/Versions/A/FSEvents
0x00000000053d7000 	/System/Library/Frameworks/CoreServices.framework/Versions/A/Frameworks/CarbonCore.framework/Versions/A/CarbonCore
0x00000000053d7000 	/System/Library/Frameworks/CoreServices.framework/Versions/A/Frameworks/Metadata.framework/Versions/A/Metadata
0x00000000053d7000 	/System/Library/Frameworks/CoreServices.framework/Versions/A/Frameworks/OSServices.framework/Versions/A/OSServices
0x00000000053d7000 	/System/Library/Frameworks/CoreServices.framework/Versions/A/Frameworks/SearchKit.framework/Versions/A/SearchKit
0x00000000053d7000 	/System/Library/Frameworks/CoreServices.framework/Versions/A/Frameworks/AE.framework/Versions/A/AE
0x00000000053d7000 	/System/Library/Frameworks/CoreServices.framework/Versions/A/Frameworks/LaunchServices.framework/Versions/A/LaunchServices
0x00000000053d7000 	/System/Library/Frameworks/CoreServices.framework/Versions/A/Frameworks/DictionaryServices.framework/Versions/A/DictionaryServices
0x00000000053d7000 	/System/Library/Frameworks/NetFS.framework/Versions/A/NetFS
0x00000000053d7000 	/System/Library/PrivateFrameworks/NetAuth.framework/Versions/A/NetAuth
0x00000000053d7000 	/System/Library/PrivateFrameworks/login.framework/Versions/A/Frameworks/loginsupport.framework/Versions/A/loginsupport
0x00000000053d7000 	/System/Library/PrivateFrameworks/TCC.framework/Versions/A/TCC
0x00000000053d7000 	/usr/lib/libmecabra.dylib
0x00000000053d7000 	/System/Library/Frameworks/ApplicationServices.framework/Versions/A/Frameworks/ATS.framework/Versions/A/ATS
0x00000000053d7000 	/System/Library/Frameworks/ApplicationServices.framework/Versions/A/Frameworks/ColorSync.framework/Versions/A/ColorSync
0x00000000053d7000 	/System/Library/Frameworks/ApplicationServices.framework/Versions/A/Frameworks/HIServices.framework/Versions/A/HIServices
0x00000000053d7000 	/System/Library/Frameworks/ApplicationServices.framework/Versions/A/Frameworks/LangAnalysis.framework/Versions/A/LangAnalysis
0x00000000053d7000 	/System/Library/Frameworks/ApplicationServices.framework/Versions/A/Frameworks/PrintCore.framework/Versions/A/PrintCore
0x00000000053d7000 	/System/Library/Frameworks/ApplicationServices.framework/Versions/A/Frameworks/QD.framework/Versions/A/QD
0x00000000053d7000 	/System/Library/Frameworks/ApplicationServices.framework/Versions/A/Frameworks/SpeechSynthesis.framework/Versions/A/SpeechSynthesis
0x00000000053d7000 	/System/Library/Frameworks/Accelerate.framework/Versions/A/Accelerate
0x00000000053d7000 	/System/Library/Frameworks/Accelerate.framework/Versions/A/Frameworks/vImage.framework/Versions/A/vImage
0x00000000053d7000 	/System/Library/Frameworks/Accelerate.framework/Versions/A/Frameworks/vecLib.framework/Versions/A/vecLib
0x00000000053d7000 	/System/Library/Frameworks/Accelerate.framework/Versions/A/Frameworks/vecLib.framework/Versions/A/libvDSP.dylib
0x00000000053d7000 	/System/Library/Frameworks/Accelerate.framework/Versions/A/Frameworks/vecLib.framework/Versions/A/libvMisc.dylib
0x00000000053d7000 	/System/Library/Frameworks/Accelerate.framework/Versions/A/Frameworks/vecLib.framework/Versions/A/libLAPACK.dylib
0x00000000053d7000 	/System/Library/Frameworks/Accelerate.framework/Versions/A/Frameworks/vecLib.framework/Versions/A/libBLAS.dylib
0x00000000053d7000 	/System/Library/Frameworks/Accelerate.framework/Versions/A/Frameworks/vecLib.framework/Versions/A/libLinearAlgebra.dylib
0x00000000053d7000 	/System/Library/Frameworks/ApplicationServices.framework/Versions/A/Frameworks/ATS.framework/Versions/A/Resources/libFontParser.dylib
0x00000000053d7000 	/System/Library/Frameworks/ApplicationServices.framework/Versions/A/Frameworks/ATS.framework/Versions/A/Resources/libFontRegistry.dylib
0x00000000053d7000 	/System/Library/PrivateFrameworks/AppleVPA.framework/Versions/A/AppleVPA
0x00000000053d7000 	/System/Library/PrivateFrameworks/AppleJPEG.framework/Versions/A/AppleJPEG
0x00000000053d7000 	/System/Library/Frameworks/ImageIO.framework/Versions/A/Resources/libJPEG.dylib
0x00000000053d7000 	/System/Library/Frameworks/ImageIO.framework/Versions/A/Resources/libTIFF.dylib
0x00000000053d7000 	/System/Library/Frameworks/ImageIO.framework/Versions/A/Resources/libPng.dylib
0x00000000053d7000 	/System/Library/Frameworks/ImageIO.framework/Versions/A/Resources/libGIF.dylib
0x00000000053d7000 	/System/Library/Frameworks/ImageIO.framework/Versions/A/Resources/libJP2.dylib
0x00000000053d7000 	/System/Library/Frameworks/ImageIO.framework/Versions/A/Resources/libRadiance.dylib
0x00000000053d7000 	/System/Library/Frameworks/CoreVideo.framework/Versions/A/CoreVideo
0x00000000053d7000 	/System/Library/Frameworks/OpenGL.framework/Versions/A/Libraries/libGLU.dylib
0x00000000053d7000 	/System/Library/Frameworks/OpenGL.framework/Versions/A/Libraries/libGFXShared.dylib
0x00000000053d7000 	/System/Library/Frameworks/OpenGL.framework/Versions/A/Libraries/libGL.dylib
0x00000000053d7000 	/System/Library/Frameworks/OpenGL.framework/Versions/A/Libraries/libGLImage.dylib
0x00000000053d7000 	/System/Library/Frameworks/OpenGL.framework/Versions/A/Libraries/libCVMSPluginSupport.dylib
0x00000000053d7000 	/System/Library/Frameworks/OpenGL.framework/Versions/A/Libraries/libCoreVMClient.dylib
0x00000000053d7000 	/usr/lib/libcups.2.dylib
0x00000000053d7000 	/System/Library/Frameworks/Kerberos.framework/Versions/A/Kerberos
0x00000000053d7000 	/System/Library/Frameworks/GSS.framework/Versions/A/GSS
0x00000000053d7000 	/usr/lib/libresolv.9.dylib
0x00000000053d7000 	/usr/lib/libiconv.2.dylib
0x00000000053d7000 	/System/Library/PrivateFrameworks/Heimdal.framework/Versions/A/Heimdal
0x00000000053d7000 	/usr/lib/libheimdal-asn1.dylib
0x00000000053d7000 	/System/Library/Frameworks/OpenDirectory.framework/Versions/A/OpenDirectory
0x00000000053d7000 	/System/Library/PrivateFrameworks/CommonAuth.framework/Versions/A/CommonAuth
0x00000000053d7000 	/System/Library/Frameworks/OpenDirectory.framework/Versions/A/Frameworks/CFOpenDirectory.framework/Versions/A/CFOpenDirectory
0x00000000053d7000 	/System/Library/Frameworks/SecurityFoundation.framework/Versions/A/SecurityFoundation
0x00000000053d7000 	/System/Library/PrivateFrameworks/LanguageModeling.framework/Versions/A/LanguageModeling
0x00000000053d7000 	/usr/lib/libcmph.dylib
0x00000000053d7000 	/System/Library/Frameworks/ServiceManagement.framework/Versions/A/ServiceManagement
0x00000000053d7000 	/usr/lib/libxslt.1.dylib
0x00000000053d7000 	/System/Library/Frameworks/Carbon.framework/Versions/A/Frameworks/Ink.framework/Versions/A/Ink
0x00000000053d7000 	/System/Library/Frameworks/QuartzCore.framework/Versions/A/Frameworks/CoreImage.framework/Versions/A/CoreImage
0x00000000053d7000 	/System/Library/PrivateFrameworks/CrashReporterSupport.framework/Versions/A/CrashReporterSupport
0x00000000053d7000 	/System/Library/Frameworks/OpenCL.framework/Versions/A/OpenCL
0x00000000053d7000 	/System/Library/PrivateFrameworks/FaceCore.framework/Versions/A/FaceCore
0x00000000053d7000 	/System/Library/PrivateFrameworks/Ubiquity.framework/Versions/A/Ubiquity
0x00000000053d7000 	/System/Library/PrivateFrameworks/IconServices.framework/Versions/A/IconServices
0x00000000053d7000 	/System/Library/PrivateFrameworks/ChunkingLibrary.framework/Versions/A/ChunkingLibrary
0x00000000053d7000 	/System/Library/PrivateFrameworks/Apple80211.framework/Versions/A/Apple80211
0x00000000053d7000 	/System/Library/Frameworks/CoreWLAN.framework/Versions/A/CoreWLAN
0x00000000053d7000 	/System/Library/Frameworks/IOBluetooth.framework/Versions/A/IOBluetooth
0x00000000053d7000 	/System/Library/PrivateFrameworks/CoreWiFi.framework/Versions/A/CoreWiFi
0x00000000053d7000 	/System/Library/Frameworks/CoreBluetooth.framework/Versions/A/CoreBluetooth
0x00000000053d7000 	/System/Library/PrivateFrameworks/DebugSymbols.framework/Versions/A/DebugSymbols
0x00000000053d7000 	/System/Library/PrivateFrameworks/CoreSymbolication.framework/Versions/A/CoreSymbolication
0x00000000053d7000 	/System/Library/PrivateFrameworks/Symbolication.framework/Versions/A/Symbolication
0x00000000053d7000 	/System/Library/PrivateFrameworks/SpeechRecognitionCore.framework/Versions/A/SpeechRecognitionCore
0x0000000101800000 	/Library/Java/JavaVirtualMachines/jdk1.8.0_31.jdk/Contents/Home/jre/lib/server/libjvm.dylib
0x00000000053d7000 	/usr/lib/libstdc++.6.dylib
0x0000000100f94000 	/Library/Java/JavaVirtualMachines/jdk1.8.0_31.jdk/Contents/Home/jre/lib/libverify.dylib
0x0000000100fa2000 	/Library/Java/JavaVirtualMachines/jdk1.8.0_31.jdk/Contents/Home/jre/lib/libjava.dylib
0x0000000100fe0000 	/Library/Java/JavaVirtualMachines/jdk1.8.0_31.jdk/Contents/Home/jre/lib/libzip.dylib
0x0000000116217000 	/System/Library/Frameworks/JavaVM.framework/Frameworks/JavaRuntimeSupport.framework/JavaRuntimeSupport
0x000000011622d000 	/System/Library/Frameworks/JavaVM.framework/Versions/A/Frameworks/JavaNativeFoundation.framework/Versions/A/JavaNativeFoundation
0x0000000116241000 	/System/Library/Frameworks/JavaVM.framework/Versions/A/JavaVM
0x00000000053d7000 	/System/Library/Frameworks/Carbon.framework/Versions/A/Carbon
0x000000011624d000 	/System/Library/PrivateFrameworks/JavaLaunching.framework/Versions/A/JavaLaunching
0x00000000053d7000 	/System/Library/Frameworks/Carbon.framework/Versions/A/Frameworks/CommonPanels.framework/Versions/A/CommonPanels
0x00000000053d7000 	/System/Library/Frameworks/Carbon.framework/Versions/A/Frameworks/Help.framework/Versions/A/Help
0x00000000053d7000 	/System/Library/Frameworks/Carbon.framework/Versions/A/Frameworks/ImageCapture.framework/Versions/A/ImageCapture
0x00000000053d7000 	/System/Library/Frameworks/Carbon.framework/Versions/A/Frameworks/OpenScripting.framework/Versions/A/OpenScripting
0x00000000053d7000 	/System/Library/Frameworks/Carbon.framework/Versions/A/Frameworks/Print.framework/Versions/A/Print
0x00000000053d7000 	/System/Library/Frameworks/Carbon.framework/Versions/A/Frameworks/SecurityHI.framework/Versions/A/SecurityHI
0x000000011809a000 	/Library/Java/JavaVirtualMachines/jdk1.8.0_31.jdk/Contents/Home/jre/lib/libawt.dylib
0x0000000118149000 	/Library/Java/JavaVirtualMachines/jdk1.8.0_31.jdk/Contents/Home/jre/lib/./libmlib_image.dylib
0x0000000118215000 	/Library/Java/JavaVirtualMachines/jdk1.8.0_31.jdk/Contents/Home/jre/lib/libawt_lwawt.dylib
0x00000001182c8000 	/Library/Java/JavaVirtualMachines/jdk1.8.0_31.jdk/Contents/Home/jre/lib/./libosxapp.dylib
0x00000000053d7000 	/System/Library/Frameworks/ExceptionHandling.framework/Versions/A/ExceptionHandling
0x00000000053d7000 	/System/Library/PrivateFrameworks/CoreServicesInternal.framework/Versions/A/CoreServicesInternal
0x00000000053d7000 	/System/Library/PrivateFrameworks/CloudDocs.framework/Versions/A/CloudDocs
0x00000000053d7000 	/System/Library/PrivateFrameworks/CoreDuet.framework/Versions/A/CoreDuet
0x00000000053d7000 	/System/Library/Frameworks/CloudKit.framework/Versions/A/CloudKit
0x00000000053d7000 	/System/Library/PrivateFrameworks/ProtocolBuffer.framework/Versions/A/ProtocolBuffer
0x00000000053d7000 	/System/Library/PrivateFrameworks/CoreDuetDaemonProtocol.framework/Versions/A/CoreDuetDaemonProtocol
0x00000000053d7000 	/System/Library/PrivateFrameworks/CoreDuetDebugLogging.framework/Versions/A/CoreDuetDebugLogging
0x00000000053d7000 	/System/Library/Frameworks/CoreLocation.framework/Versions/A/CoreLocation
0x00000000053d7000 	/System/Library/Frameworks/Accounts.framework/Versions/A/Accounts
0x00000000053d7000 	/System/Library/PrivateFrameworks/ApplePushService.framework/Versions/A/ApplePushService
0x00000000053d7000 	/System/Library/PrivateFrameworks/GeoServices.framework/Versions/A/GeoServices
0x00000000053d7000 	/System/Library/PrivateFrameworks/OAuth.framework/Versions/A/OAuth
0x00000000053d7000 	/System/Library/PrivateFrameworks/CoreDaemon.framework/Versions/B/CoreDaemon
0x00000000053d7000 	/usr/lib/libcrypto.0.9.8.dylib
0x00000000053d7000 	/System/Library/PrivateFrameworks/AppleSRP.framework/Versions/A/AppleSRP
0x00000000053d7000 	/System/Library/PrivateFrameworks/TrustEvaluationAgent.framework/Versions/A/TrustEvaluationAgent
0x00000000053d7000 	/System/Library/Frameworks/CoreGraphics.framework/Versions/A/Resources/libCGCMS.A.dylib
0x00000000053d7000 	/System/Library/Frameworks/CoreGraphics.framework/Versions/A/Resources/libRIP.A.dylib
0x00000000053d7000 	/System/Library/Frameworks/CoreGraphics.framework/Versions/A/Resources/libCGXType.A.dylib
0x00000000053d7000 	/System/Library/Frameworks/OpenCL.framework/Versions/A/Libraries/libcldcpuengine.dylib
0x00000000053d7000 	/System/Library/PrivateFrameworks/DiskImages.framework/Versions/A/DiskImages
0x00000000053d7000 	/System/Library/Frameworks/DiscRecording.framework/Versions/A/DiscRecording
0x00000000053d7000 	/usr/lib/libcsfde.dylib
0x00000000053d7000 	/usr/lib/libcurl.4.dylib
0x00000000053d7000 	/System/Library/PrivateFrameworks/MediaKit.framework/Versions/A/MediaKit
0x00000000053d7000 	/System/Library/PrivateFrameworks/ProtectedCloudStorage.framework/Versions/A/ProtectedCloudStorage
0x00000000053d7000 	/usr/lib/libCoreStorage.dylib
0x00000000053d7000 	/System/Library/PrivateFrameworks/EFILogin.framework/Versions/A/EFILogin
0x00000000053d7000 	/usr/lib/libutil.dylib
0x00000000053d7000 	/System/Library/PrivateFrameworks/FindMyDevice.framework/Versions/A/FindMyDevice
0x00000000053d7000 	/System/Library/Frameworks/LDAP.framework/Versions/A/LDAP
0x00000000053d7000 	/usr/lib/libsasl2.2.dylib
0x000000011b044000 	cl_kernels
0x000000011b046000 	/System/Library/Frameworks/OpenCL.framework/Versions/A/Libraries/ImageFormats/unorm8_bgra.dylib
0x000000011b035000 	cl_kernels
0x00000000053d7000 	/System/Library/PrivateFrameworks/FamilyControls.framework/Versions/A/FamilyControls
0x00000000053d7000 	/System/Library/PrivateFrameworks/CommerceKit.framework/Versions/A/Frameworks/CommerceCore.framework/Versions/A/CommerceCore
0x00000000053d7000 	/System/Library/PrivateFrameworks/SystemAdministration.framework/Versions/A/SystemAdministration
0x00000000053d7000 	/System/Library/PrivateFrameworks/AppContainer.framework/Versions/A/AppContainer
0x00000000053d7000 	/System/Library/PrivateFrameworks/SecCodeWrapper.framework/Versions/A/SecCodeWrapper
0x00000000053d7000 	/System/Library/Frameworks/DirectoryService.framework/Versions/A/DirectoryService
0x00000000053d7000 	/System/Library/PrivateFrameworks/LoginUIKit.framework/Versions/A/Frameworks/LoginUICore.framework/Versions/A/LoginUICore
0x00000000053d7000 	/usr/lib/libodfde.dylib
0x000000011c7a2000 	/Library/Java/JavaVirtualMachines/jdk1.8.0_31.jdk/Contents/Home/jre/lib/libfontmanager.dylib
0x000000011c809000 	/Users/antte/Dropbox/Medialogy PRIVAT/4rd semester/Object Oriented Software Engineering/MiniProject/OOSE2015/native/macosx/liblwjgl.dylib
0x000000011a580000 	/Library/Java/JavaVirtualMachines/jdk1.8.0_31.jdk/Contents/Home/jre/lib/libjawt.dylib
0x00000000053d7000 	/System/Library/Frameworks/OpenGL.framework/Versions/A/Resources/GLEngine.bundle/GLEngine
0x00000000053d7000 	/System/Library/Frameworks/OpenGL.framework/Versions/A/Libraries/libGLProgrammability.dylib
0x0000000000000000 	/System/Library/Extensions/AppleIntelHD5000GraphicsGLDriver.bundle/Contents/MacOS/AppleIntelHD5000GraphicsGLDriver
0x00000000053d7000 	/System/Library/PrivateFrameworks/IOAccelerator.framework/Versions/A/IOAccelerator
0x00000000053d7000 	/System/Library/PrivateFrameworks/GPUSupport.framework/Versions/A/Libraries/libGPUSupportMercury.dylib
0x00000000053d7000 	/System/Library/Frameworks/OpenGL.framework/Versions/A/Resources/GLRendererFloat.bundle/GLRendererFloat
0x000000011c463000 	/Users/antte/Dropbox/Medialogy PRIVAT/4rd semester/Object Oriented Software Engineering/MiniProject/OOSE2015/native/macosx/libjinput-osx.dylib
0x000000011cfce000 	/System/Library/Extensions/IOHIDFamily.kext/Contents/PlugIns/IOHIDLib.plugin/Contents/MacOS/IOHIDLib

VM Arguments:
jvm_args: -Djava.library.path=/Users/antte/Dropbox/Medialogy PRIVAT/4rd semester/Object Oriented Software Engineering/MiniProject/OOSE2015/native/macosx -Dfile.encoding=UTF-8 
java_command: example.SimpleSlickGame
java_class_path (initial): /Users/antte/Dropbox/Medialogy PRIVAT/4rd semester/Object Oriented Software Engineering/MiniProject/OOSE2015/bin:/Users/antte/Dropbox/Medialogy PRIVAT/4rd semester/Object Oriented Software Engineering/MiniProject/OOSE2015/lib/ibxm.jar:/Users/antte/Dropbox/Medialogy PRIVAT/4rd semester/Object Oriented Software Engineering/MiniProject/OOSE2015/lib/jinput.jar:/Users/antte/Dropbox/Medialogy PRIVAT/4rd semester/Object Oriented Software Engineering/MiniProject/OOSE2015/lib/jogg-0.0.7.jar:/Users/antte/Dropbox/Medialogy PRIVAT/4rd semester/Object Oriented Software Engineering/MiniProject/OOSE2015/lib/jorbis-0.0.15.jar:/Users/antte/Dropbox/Medialogy PRIVAT/4rd semester/Object Oriented Software Engineering/MiniProject/OOSE2015/lib/lwjgl_util.jar:/Users/antte/Dropbox/Medialogy PRIVAT/4rd semester/Object Oriented Software Engineering/MiniProject/OOSE2015/lib/lwjgl.jar:/Users/antte/Dropbox/Medialogy PRIVAT/4rd semester/Object Oriented Software Engineering/MiniProject/OOSE2015/lib/slick-examples.jar:/Users/antte/Dropbox/Medialogy PRIVAT/4rd semester/Object Oriented Software Engineering/MiniProject/OOSE2015/lib/slick.jar:/Users/antte/Dropbox/Medialogy PRIVAT/4rd semester/Object Oriented Software Engineering/MiniProject/OOSE2015/lib/tinylinepp.jar
Launcher Type: SUN_STANDARD

Environment Variables:
PATH=/usr/bin:/bin:/usr/sbin:/sbin
SHELL=/bin/bash
DISPLAY=/private/tmp/com.apple.launchd.jQawCmgrVi/org.macosforge.xquartz:0

Signal Handlers:
SIGSEGV: [libjvm.dylib+0x57a0e7], sa_mask[0]=11111111011111110111111111111111, sa_flags=SA_ONSTACK|SA_RESTART|SA_SIGINFO
SIGBUS: [libjvm.dylib+0x57a0e7], sa_mask[0]=11111111011111110111111111111111, sa_flags=SA_RESTART|SA_SIGINFO
SIGFPE: [libjvm.dylib+0x45af24], sa_mask[0]=11111111011111110111111111111111, sa_flags=SA_RESTART|SA_SIGINFO
SIGPIPE: [libjvm.dylib+0x45af24], sa_mask[0]=11111111011111110111111111111111, sa_flags=SA_RESTART|SA_SIGINFO
SIGXFSZ: [libjvm.dylib+0x45af24], sa_mask[0]=11111111011111110111111111111111, sa_flags=SA_RESTART|SA_SIGINFO
SIGILL: [libjvm.dylib+0x45af24], sa_mask[0]=11111111011111110111111111111111, sa_flags=SA_RESTART|SA_SIGINFO
SIGUSR1: SIG_DFL, sa_mask[0]=00000000000000000000000000000000, sa_flags=none
SIGUSR2: [libjvm.dylib+0x45aa42], sa_mask[0]=00100000000000000000000000000000, sa_flags=SA_RESTART|SA_SIGINFO
SIGHUP: [libjvm.dylib+0x459015], sa_mask[0]=11111111011111110111111111111111, sa_flags=SA_RESTART|SA_SIGINFO
SIGINT: [libjvm.dylib+0x459015], sa_mask[0]=11111111011111110111111111111111, sa_flags=SA_RESTART|SA_SIGINFO
SIGTERM: [libjvm.dylib+0x459015], sa_mask[0]=11111111011111110111111111111111, sa_flags=SA_RESTART|SA_SIGINFO
SIGQUIT: [libjvm.dylib+0x459015], sa_mask[0]=11111111011111110111111111111111, sa_flags=SA_RESTART|SA_SIGINFO


---------------  S Y S T E M  ---------------

OS:Bsduname:Darwin 14.1.0 Darwin Kernel Version 14.1.0: Thu Feb 26 19:26:47 PST 2015; root:xnu-2782.10.73~1/RELEASE_X86_64 x86_64
rlimit: STACK 8192k, CORE 0k, NPROC 709, NOFILE 10240, AS infinity
load average:2.00 1.95 1.88

CPU:total 4 (2 cores per cpu, 2 threads per core) family 6 model 69 stepping 1, cmov, cx8, fxsr, mmx, sse, sse2, sse3, ssse3, sse4.1, sse4.2, popcnt, avx, avx2, aes, clmul, erms, lzcnt, ht, tsc, tscinvbit, bmi1, bmi2

Memory: 4k page, physical 4194304k(77004k free)

/proc/meminfo:


vm_info: Java HotSpot(TM) 64-Bit Server VM (25.31-b07) for bsd-amd64 JRE (1.8.0_31-b13), built on Dec 17 2014 20:45:36 by "java_re" with gcc 4.2.1 (Based on Apple Inc. build 5658) (LLVM build 2336.11.00)

time: Thu Apr 16 14:50:22 2015
elapsed time: 5 seconds (0d 0h 0m 5s)

