#
# A fatal error has been detected by the Java Runtime Environment:
#
#  SIGSEGV (0xb) at pc=0x00007fff8f0e90dd, pid=4098, tid=1811
#
# JRE version: Java(TM) SE Runtime Environment (8.0_31-b13) (build 1.8.0_31-b13)
# Java VM: Java HotSpot(TM) 64-Bit Server VM (25.31-b07 mixed mode bsd-amd64 compressed oops)
# Problematic frame:
# C  [libobjc.A.dylib+0x10dd]  objc_msgSend+0x1d
#
# Failed to write core dump. Core dumps have been disabled. To enable core dumping, try "ulimit -c unlimited" before starting Java again
#
# If you would like to submit a bug report, please visit:
#   http://bugreport.java.com/bugreport/crash.jsp
# The crash happened outside the Java Virtual Machine in native code.
# See problematic frame for where to report the bug.
#

---------------  T H R E A D  ---------------

Current thread (0x00007f82328de000):  JavaThread "AppKit Thread" daemon [_thread_in_native, id=1811, stack(0x00007fff59447000,0x00007fff59c47000)]

siginfo: si_signo: 11 (SIGSEGV), si_code: 1 (SEGV_MAPERR), si_addr: 0x000007f823442358

Registers:
RAX=0x00007f8231cb67f0, RBX=0x00007fff59c42578, RCX=0x0000000000000000, RDX=0x00007f8231c805d0
RSP=0x00007fff59c42398, RBP=0x00007fff59c423a0, RSI=0x00007fff977a0423, RDI=0x00007f8231cb67f0
R8 =0x00007fff59c42380, R9 =0x0000000000000055, R10=0x00007fff977a0423, R11=0x000007f823442340
R12=0x00007f8231d07110, R13=0x00000000000f42eb, R14=0x00007f8231eb97a0, R15=0x00007fff59c424d8
RIP=0x00007fff8f0e90dd, EFLAGS=0x0000000000010202, ERR=0x0000000000000004
  TRAPNO=0x000000000000000e

Top of Stack: (sp=0x00007fff59c42398)
0x00007fff59c42398:   00007fff928c245c 00007fff59c42700
0x00007fff59c423a8:   00007fff927b2634 00007fff59c4242c
0x00007fff59c423b8:   00007fff59c42430 00007fff59c42434
0x00007fff59c423c8:   00007fff7cc1ae00 ffffffffffffffff
0x00007fff59c423d8:   00000000000007f8 00007fff7cc1ae18
0x00007fff59c423e8:   00007f8231eb97a0 0000000000000000
0x00007fff59c423f8:   00007fff59c424d0 0000000000000000
0x00007fff59c42408:   00007f8231cba100 00007fff59c42550
0x00007fff59c42418:   0000000000000055 00000000000f42ed
0x00007fff59c42428:   00007f8231c805d0 00007f8231cb9b30
0x00007fff59c42438:   00007f8231d07110 0000000000000001
0x00007fff59c42448:   00000000000f42eb 00007f8231d07100
0x00007fff59c42458:   00007fff90dd7c05 000000017d0c9070
0x00007fff59c42468:   00007fff7db060d0 0000000042000000
0x00007fff59c42478:   00007fff90ddee63 00007fff7cbe5240
0x00007fff59c42488:   00007fff59c42558 0000000000000000
0x00007fff59c42498:   00007fff7c8bb8c8 0000000000000000
0x00007fff59c424a8:   0000000000000026 000155038f10997a
0x00007fff59c424b8:   00007f8231d07134 0000000000000000
0x00007fff59c424c8:   00000000003b8001 00007f8231cba180
0x00007fff59c424d8:   00007f8231eb97a0 0000000000000000
0x00007fff59c424e8:   00007fff977d945d 00007fff59c42590
0x00007fff59c424f8:   00007fff9463a513 00007fff59c42574
0x00007fff59c42508:   00000000003b8101 00000000ffffffff
0x00007fff59c42518:   00007fff7c8bb8c8 00000000003b8100
0x00007fff59c42528:   00007fff00000000 00007fff59c42620
0x00007fff59c42538:   00007fff9b284edc 00007fff7c8bb8e8
0x00007fff59c42548:   00007fff977d945d 0000000000000051
0x00007fff59c42558:   0000000000000000 00000000000f42e1
0x00007fff59c42568:   0000000000000053 0000000000000000
0x00007fff59c42578:   00000000000f42eb 00007fff59c425f4
0x00007fff59c42588:   00000000003b9001 00000000ffffffff 

Instructions: (pc=0x00007fff8f0e90dd)
0x00007fff8f0e90bd:   00 00 00 48 85 ff 2e 74 7a 40 f6 c7 01 2e 75 7e
0x00007fff8f0e90cd:   49 bb f8 ff ff ff ff 7f 00 00 4c 23 1f 49 89 f2
0x00007fff8f0e90dd:   45 23 53 18 49 c1 e2 04 4d 03 53 10 49 3b 32 75
0x00007fff8f0e90ed:   04 41 ff 62 08 49 83 3a 00 74 6a 4d 3b 53 10 74 

Register to memory mapping:

RAX=0x00007f8231cb67f0 is an unknown value
RBX=0x00007fff59c42578 is pointing into the stack for thread: 0x00007f82328de000
RCX=0x0000000000000000 is an unknown value
RDX=0x00007f8231c805d0 is an unknown value
RSP=0x00007fff59c42398 is pointing into the stack for thread: 0x00007f82328de000
RBP=0x00007fff59c423a0 is pointing into the stack for thread: 0x00007f82328de000
RSI=0x00007fff977a0423: -[NSTitlebarContainerView transparent]+0x5e307 in /System/Library/Frameworks/AppKit.framework/Versions/C/AppKit at 0x00007fff96d9f000
RDI=0x00007f8231cb67f0 is an unknown value
R8 =0x00007fff59c42380 is pointing into the stack for thread: 0x00007f82328de000
R9 =0x0000000000000055 is an unknown value
R10=0x00007fff977a0423: -[NSTitlebarContainerView transparent]+0x5e307 in /System/Library/Frameworks/AppKit.framework/Versions/C/AppKit at 0x00007fff96d9f000
R11=0x000007f823442340 is an unknown value
R12=0x00007f8231d07110 is an unknown value
R13=0x00000000000f42eb is an unknown value
R14=0x00007f8231eb97a0 is an unknown value
R15=0x00007fff59c424d8 is pointing into the stack for thread: 0x00007f82328de000


Stack: [0x00007fff59447000,0x00007fff59c47000],  sp=0x00007fff59c42398,  free space=8172k
Native frames: (J=compiled Java code, j=interpreted, Vv=VM code, C=native code)
C  [libobjc.A.dylib+0x10dd]  objc_msgSend+0x1d
C  [CoreFoundation+0x10634]  _CFXNotificationPost+0xc44
C  [Foundation+0x79d1]  -[NSNotificationCenter postNotificationName:object:userInfo:]+0x42
C  [AppKit+0x43ac2]  -[NSSurface _disposeSurface]+0x98
C  [AppKit+0x43526]  -[NSSurface setWindow:]+0x42
C  [AppKit+0x33a10]  -[NSView _setWindow:]+0xa33
C  [AppKit+0x6b091]  -[NSView removeFromSuperview]+0x1c5
C  [AppKit+0x14bea9]  -[NSView removeFromSuperviewWithoutNeedingDisplay]+0x26
C  [liblwjgl.dylib+0xa205]  +[MacOSXKeyableWindow destroyWindow]+0xb5
C  [Foundation+0x92d00]  __NSThreadPerformPerform+0x125
C  [CoreFoundation+0x80a01]  __CFRUNLOOP_IS_CALLING_OUT_TO_A_SOURCE0_PERFORM_FUNCTION__+0x11
C  [CoreFoundation+0x72b8d]  __CFRunLoopDoSources0+0x10d
C  [CoreFoundation+0x721bf]  __CFRunLoopRun+0x39f
C  [CoreFoundation+0x71bd8]  CFRunLoopRunSpecific+0x128
C  [HIToolbox+0x3256f]  RunCurrentEventLoopInMode+0xeb
C  [HIToolbox+0x321ee]  ReceiveNextEventCommon+0xb3
C  [HIToolbox+0x3212b]  _BlockUntilNextEventMatchingListInModeWithFilter+0x47
C  [AppKit+0x919bb]  _DPSNextEvent+0x3d2
C  [AppKit+0x90f68]  -[NSApplication nextEventMatchingMask:untilDate:inMode:dequeue:]+0x15a
C  [libosxapp.dylib+0x242a]  -[NSApplicationAWT nextEventMatchingMask:untilDate:inMode:dequeue:]+0x7c
C  [AppKit+0x86bf3]  -[NSApplication run]+0x252
C  [libosxapp.dylib+0x223e]  +[NSApplicationAWT runAWTLoopWithApp:]+0x9c
C  [libawt_lwawt.dylib+0x4494f]  -[AWTStarter starter:]+0x389
C  [Foundation+0x92d00]  __NSThreadPerformPerform+0x125
C  [CoreFoundation+0x80a01]  __CFRUNLOOP_IS_CALLING_OUT_TO_A_SOURCE0_PERFORM_FUNCTION__+0x11
C  [CoreFoundation+0x72b8d]  __CFRunLoopDoSources0+0x10d
C  [CoreFoundation+0x721bf]  __CFRunLoopRun+0x39f
C  [CoreFoundation+0x71bd8]  CFRunLoopRunSpecific+0x128
C  [java+0x56cc]  CreateExecutionEnvironment+0x367
C  [java+0x165c]  JLI_Launch+0x7a0
C  [java+0x768a]  main+0x65
C  [java+0xeb4]  start+0x34
C  0x0000000000000006


---------------  P R O C E S S  ---------------

Java Threads: ( => current thread )
  0x00007f82338c2000 JavaThread "AWT-Shutdown" [_thread_blocked, id=28443, stack(0x00000001220be000,0x00000001221be000)]
=>0x00007f82328de000 JavaThread "AppKit Thread" daemon [_thread_in_native, id=1811, stack(0x00007fff59447000,0x00007fff59c47000)]
  0x00007f8233036800 JavaThread "Service Thread" daemon [_thread_blocked, id=18179, stack(0x000000011d182000,0x000000011d282000)]
  0x00007f8232057800 JavaThread "C1 CompilerThread2" daemon [_thread_blocked, id=17667, stack(0x000000011d07f000,0x000000011d17f000)]
  0x00007f823204e800 JavaThread "C2 CompilerThread1" daemon [_thread_blocked, id=17155, stack(0x000000011cf7c000,0x000000011d07c000)]
  0x00007f823204c800 JavaThread "C2 CompilerThread0" daemon [_thread_blocked, id=16643, stack(0x000000011ce79000,0x000000011cf79000)]
  0x00007f8232030000 JavaThread "Signal Dispatcher" daemon [_thread_blocked, id=13335, stack(0x000000011cd76000,0x000000011ce76000)]
  0x00007f823300e000 JavaThread "Finalizer" daemon [_thread_blocked, id=11523, stack(0x000000011b35d000,0x000000011b45d000)]
  0x00007f823300d000 JavaThread "Reference Handler" daemon [_thread_blocked, id=11011, stack(0x000000011b25a000,0x000000011b35a000)]
  0x00007f8233801800 JavaThread "main" [_thread_in_native, id=4867, stack(0x00000001060cf000,0x00000001061cf000)]

Other Threads:
  0x00007f823202b000 VMThread [stack: 0x000000011b157000,0x000000011b257000] [id=10499]
  0x00007f8233814800 WatcherThread [stack: 0x000000011d285000,0x000000011d385000] [id=18691]

VM state:not at safepoint (normal execution)

VM Mutex/Monitor currently owned by a thread: None

Heap:
 PSYoungGen      total 18944K, used 13867K [0x00000007aab00000, 0x00000007ac000000, 0x00000007c0000000)
  eden space 16384K, 84% used [0x00000007aab00000,0x00000007ab88aca0,0x00000007abb00000)
  from space 2560K, 0% used [0x00000007abd80000,0x00000007abd80000,0x00000007ac000000)
  to   space 2560K, 0% used [0x00000007abb00000,0x00000007abb00000,0x00000007abd80000)
 ParOldGen       total 44032K, used 0K [0x0000000780000000, 0x0000000782b00000, 0x00000007aab00000)
  object space 44032K, 0% used [0x0000000780000000,0x0000000780000000,0x0000000782b00000)
 Metaspace       used 6906K, capacity 7017K, committed 7168K, reserved 1056768K
  class space    used 694K, capacity 759K, committed 768K, reserved 1048576K

Card table byte_map: [0x0000000116d13000,0x0000000116f14000] byte_map_base: 0x0000000113113000

Marking Bits: (ParMarkBitMap*) 0x000000010729e410
 Begin Bits: [0x0000000117476000, 0x0000000118476000)
 End Bits:   [0x0000000118476000, 0x0000000119476000)

Polling page: 0x00000001061df000

CodeCache: size=245760Kb used=2984Kb max_used=2995Kb free=242775Kb
 bounds [0x0000000107953000, 0x0000000107c53000, 0x0000000116953000]
 total_blobs=1100 nmethods=712 adapters=303
 compilation: enabled

Compilation events (10 events):
Event: 3.895 Thread 0x00007f823204c800  707       4       example.SimpleSlickGame::render (78 bytes)
Event: 3.909 Thread 0x00007f823204c800 nmethod 707 0x0000000107c3fc10 code [0x0000000107c3fdc0, 0x0000000107c40368]
Event: 4.163 Thread 0x00007f8232057800  709       3       org.lwjgl.opengl.Sync$RunningAvg::add (38 bytes)
Event: 4.163 Thread 0x00007f8232057800 nmethod 709 0x0000000107c3f490 code [0x0000000107c3f600, 0x0000000107c3f7d0]
Event: 4.305 Thread 0x00007f823204e800  710       4       java.nio.DirectIntBufferU::get (16 bytes)
Event: 4.307 Thread 0x00007f823204e800 nmethod 710 0x0000000107c3b250 code [0x0000000107c3b3a0, 0x0000000107c3b438]
Event: 4.465 Thread 0x00007f8232057800  711       3       sun.awt.AWTAutoShutdown::isReadyToShutdown (37 bytes)
Event: 4.465 Thread 0x00007f8232057800 nmethod 711 0x0000000107c41b90 code [0x0000000107c41d20, 0x0000000107c420d8]
Event: 4.489 Thread 0x00007f823204c800  712       4       org.lwjgl.opengl.Sync$RunningAvg::add (38 bytes)
Event: 4.490 Thread 0x00007f823204c800 nmethod 712 0x0000000107c41850 code [0x0000000107c419a0, 0x0000000107c41a98]

GC Heap History (0 events):
No events

Deoptimization events (0 events):
No events

Internal exceptions (10 events):
Event: 1.156 Thread 0x00007f8233801800 Exception <a 'java/security/PrivilegedActionException'> (0x00000007ab4de208) thrown at [/Users/java_re/workspace/8-2-build-macosx-x86_64/jdk8u31/2394/hotspot/src/share/vm/prims/jvm.cpp, line 1312]
Event: 1.157 Thread 0x00007f8233801800 Exception <a 'java/security/PrivilegedActionException'> (0x00000007ab4e2700) thrown at [/Users/java_re/workspace/8-2-build-macosx-x86_64/jdk8u31/2394/hotspot/src/share/vm/prims/jvm.cpp, line 1312]
Event: 1.157 Thread 0x00007f8233801800 Exception <a 'java/security/PrivilegedActionException'> (0x00000007ab4e60d8) thrown at [/Users/java_re/workspace/8-2-build-macosx-x86_64/jdk8u31/2394/hotspot/src/share/vm/prims/jvm.cpp, line 1312]
Event: 1.158 Thread 0x00007f8233801800 Exception <a 'java/security/PrivilegedActionException'> (0x00000007ab4ec030) thrown at [/Users/java_re/workspace/8-2-build-macosx-x86_64/jdk8u31/2394/hotspot/src/share/vm/prims/jvm.cpp, line 1312]
Event: 1.597 Thread 0x00007f8233801800 Exception <a 'java/security/PrivilegedActionException'> (0x00000007ab7b5f18) thrown at [/Users/java_re/workspace/8-2-build-macosx-x86_64/jdk8u31/2394/hotspot/src/share/vm/prims/jvm.cpp, line 1312]
Event: 1.598 Thread 0x00007f8233801800 Exception <a 'java/security/PrivilegedActionException'> (0x00000007ab7bad80) thrown at [/Users/java_re/workspace/8-2-build-macosx-x86_64/jdk8u31/2394/hotspot/src/share/vm/prims/jvm.cpp, line 1312]
Event: 1.602 Thread 0x00007f8233801800 Exception <a 'java/security/PrivilegedActionException'> (0x00000007ab7c4db0) thrown at [/Users/java_re/workspace/8-2-build-macosx-x86_64/jdk8u31/2394/hotspot/src/share/vm/prims/jvm.cpp, line 1312]
Event: 1.605 Thread 0x00007f8233801800 Exception <a 'java/security/PrivilegedActionException'> (0x00000007ab7cd088) thrown at [/Users/java_re/workspace/8-2-build-macosx-x86_64/jdk8u31/2394/hotspot/src/share/vm/prims/jvm.cpp, line 1312]
Event: 1.606 Thread 0x00007f8233801800 Exception <a 'java/security/PrivilegedActionException'> (0x00000007ab7d1f00) thrown at [/Users/java_re/workspace/8-2-build-macosx-x86_64/jdk8u31/2394/hotspot/src/share/vm/prims/jvm.cpp, line 1312]
Event: 4.511 Thread 0x00007f8233801800 Exception <a 'java/security/PrivilegedActionException'> (0x00000007ab83d2f0) thrown at [/Users/java_re/workspace/8-2-build-macosx-x86_64/jdk8u31/2394/hotspot/src/share/vm/prims/jvm.cpp, line 1312]

Events (10 events):
Event: 2.582 loading class java/util/IdentityHashMap$IdentityHashMapIterator done
Event: 2.582 loading class java/util/IdentityHashMap$ValueIterator done
Event: 2.582 Thread 0x00007f82328fc000 Thread exited: 0x00007f82328fc000
Event: 3.251 Thread 0x00007f82338c2000 Thread added: 0x00007f82338c2000
Event: 3.895 Thread 0x00007f8233801800 DEOPT PACKING pc=0x0000000107bd2aaf sp=0x00000001061ce570
Event: 3.895 Thread 0x00007f8233801800 DEOPT UNPACKING pc=0x000000010799a373 sp=0x00000001061ce318 mode 0
Event: 4.127 Executing VM operation: EnableBiasedLocking
Event: 4.128 Executing VM operation: EnableBiasedLocking done
Event: 4.511 loading class org/lwjgl/opengl/CallbackUtil
Event: 4.511 loading class org/lwjgl/opengl/CallbackUtil done


Dynamic libraries:
0x000000000c234000 	/System/Library/Frameworks/Cocoa.framework/Versions/A/Cocoa
0x000000000c234000 	/System/Library/Frameworks/Security.framework/Versions/A/Security
0x000000000c234000 	/System/Library/Frameworks/ApplicationServices.framework/Versions/A/ApplicationServices
0x000000000c234000 	/usr/lib/libz.1.dylib
0x000000000c234000 	/usr/lib/libSystem.B.dylib
0x000000000c234000 	/usr/lib/libobjc.A.dylib
0x000000000c234000 	/System/Library/Frameworks/CoreFoundation.framework/Versions/A/CoreFoundation
0x000000000c234000 	/System/Library/Frameworks/Foundation.framework/Versions/C/Foundation
0x000000000c234000 	/System/Library/Frameworks/AppKit.framework/Versions/C/AppKit
0x000000000c234000 	/System/Library/Frameworks/CoreData.framework/Versions/A/CoreData
0x000000000c234000 	/System/Library/PrivateFrameworks/RemoteViewServices.framework/Versions/A/RemoteViewServices
0x000000000c234000 	/System/Library/PrivateFrameworks/UIFoundation.framework/Versions/A/UIFoundation
0x000000000c234000 	/System/Library/Frameworks/IOSurface.framework/Versions/A/IOSurface
0x000000000c234000 	/System/Library/Frameworks/AudioToolbox.framework/Versions/A/AudioToolbox
0x000000000c234000 	/System/Library/Frameworks/AudioUnit.framework/Versions/A/AudioUnit
0x000000000c234000 	/System/Library/PrivateFrameworks/DataDetectorsCore.framework/Versions/A/DataDetectorsCore
0x000000000c234000 	/System/Library/PrivateFrameworks/DesktopServicesPriv.framework/Versions/A/DesktopServicesPriv
0x000000000c234000 	/System/Library/Frameworks/Carbon.framework/Versions/A/Frameworks/HIToolbox.framework/Versions/A/HIToolbox
0x000000000c234000 	/System/Library/Frameworks/QuartzCore.framework/Versions/A/QuartzCore
0x000000000c234000 	/System/Library/Frameworks/Carbon.framework/Versions/A/Frameworks/SpeechRecognition.framework/Versions/A/SpeechRecognition
0x000000000c234000 	/usr/lib/libauto.dylib
0x000000000c234000 	/usr/lib/libicucore.A.dylib
0x000000000c234000 	/usr/lib/libxml2.2.dylib
0x000000000c234000 	/System/Library/PrivateFrameworks/CoreUI.framework/Versions/A/CoreUI
0x000000000c234000 	/System/Library/Frameworks/CoreAudio.framework/Versions/A/CoreAudio
0x000000000c234000 	/System/Library/Frameworks/DiskArbitration.framework/Versions/A/DiskArbitration
0x000000000c234000 	/usr/lib/liblangid.dylib
0x000000000c234000 	/System/Library/PrivateFrameworks/MultitouchSupport.framework/Versions/A/MultitouchSupport
0x000000000c234000 	/System/Library/Frameworks/IOKit.framework/Versions/A/IOKit
0x000000000c234000 	/usr/lib/libDiagnosticMessagesClient.dylib
0x000000000c234000 	/System/Library/Frameworks/CoreServices.framework/Versions/A/CoreServices
0x000000000c234000 	/System/Library/PrivateFrameworks/PerformanceAnalysis.framework/Versions/A/PerformanceAnalysis
0x000000000c234000 	/System/Library/PrivateFrameworks/GenerationalStorage.framework/Versions/A/GenerationalStorage
0x000000000c234000 	/System/Library/Frameworks/OpenGL.framework/Versions/A/OpenGL
0x000000000c234000 	/System/Library/PrivateFrameworks/Sharing.framework/Versions/A/Sharing
0x000000000c234000 	/System/Library/Frameworks/CoreGraphics.framework/Versions/A/CoreGraphics
0x000000000c234000 	/System/Library/Frameworks/CoreText.framework/Versions/A/CoreText
0x000000000c234000 	/System/Library/Frameworks/ImageIO.framework/Versions/A/ImageIO
0x000000000c234000 	/usr/lib/libextension.dylib
0x000000000c234000 	/System/Library/PrivateFrameworks/Backup.framework/Versions/A/Backup
0x000000000c234000 	/usr/lib/libarchive.2.dylib
0x000000000c234000 	/System/Library/Frameworks/CFNetwork.framework/Versions/A/CFNetwork
0x000000000c234000 	/System/Library/Frameworks/SystemConfiguration.framework/Versions/A/SystemConfiguration
0x000000000c234000 	/usr/lib/libCRFSuite.dylib
0x000000000c234000 	/usr/lib/libc++.1.dylib
0x000000000c234000 	/usr/lib/libc++abi.dylib
0x000000000c234000 	/usr/lib/system/libcache.dylib
0x000000000c234000 	/usr/lib/system/libcommonCrypto.dylib
0x000000000c234000 	/usr/lib/system/libcompiler_rt.dylib
0x000000000c234000 	/usr/lib/system/libcopyfile.dylib
0x000000000c234000 	/usr/lib/system/libcorecrypto.dylib
0x000000000c234000 	/usr/lib/system/libdispatch.dylib
0x000000000c234000 	/usr/lib/system/libdyld.dylib
0x000000000c234000 	/usr/lib/system/libkeymgr.dylib
0x000000000c234000 	/usr/lib/system/liblaunch.dylib
0x000000000c234000 	/usr/lib/system/libmacho.dylib
0x000000000c234000 	/usr/lib/system/libquarantine.dylib
0x000000000c234000 	/usr/lib/system/libremovefile.dylib
0x000000000c234000 	/usr/lib/system/libsystem_asl.dylib
0x000000000c234000 	/usr/lib/system/libsystem_blocks.dylib
0x000000000c234000 	/usr/lib/system/libsystem_c.dylib
0x000000000c234000 	/usr/lib/system/libsystem_configuration.dylib
0x000000000c234000 	/usr/lib/system/libsystem_coreservices.dylib
0x000000000c234000 	/usr/lib/system/libsystem_coretls.dylib
0x000000000c234000 	/usr/lib/system/libsystem_dnssd.dylib
0x000000000c234000 	/usr/lib/system/libsystem_info.dylib
0x000000000c234000 	/usr/lib/system/libsystem_kernel.dylib
0x000000000c234000 	/usr/lib/system/libsystem_m.dylib
0x000000000c234000 	/usr/lib/system/libsystem_malloc.dylib
0x000000000c234000 	/usr/lib/system/libsystem_network.dylib
0x000000000c234000 	/usr/lib/system/libsystem_networkextension.dylib
0x000000000c234000 	/usr/lib/system/libsystem_notify.dylib
0x000000000c234000 	/usr/lib/system/libsystem_platform.dylib
0x000000000c234000 	/usr/lib/system/libsystem_pthread.dylib
0x000000000c234000 	/usr/lib/system/libsystem_sandbox.dylib
0x000000000c234000 	/usr/lib/system/libsystem_secinit.dylib
0x000000000c234000 	/usr/lib/system/libsystem_stats.dylib
0x000000000c234000 	/usr/lib/system/libsystem_trace.dylib
0x000000000c234000 	/usr/lib/system/libunc.dylib
0x000000000c234000 	/usr/lib/system/libunwind.dylib
0x000000000c234000 	/usr/lib/system/libxpc.dylib
0x000000000c234000 	/usr/lib/libbz2.1.0.dylib
0x000000000c234000 	/usr/lib/liblzma.5.dylib
0x000000000c234000 	/usr/lib/libbsm.0.dylib
0x000000000c234000 	/usr/lib/libsqlite3.dylib
0x000000000c234000 	/usr/lib/system/libkxld.dylib
0x000000000c234000 	/usr/lib/libxar.1.dylib
0x000000000c234000 	/usr/lib/libpam.2.dylib
0x000000000c234000 	/usr/lib/libOpenScriptingUtil.dylib
0x000000000c234000 	/System/Library/Frameworks/CoreServices.framework/Versions/A/Frameworks/FSEvents.framework/Versions/A/FSEvents
0x000000000c234000 	/System/Library/Frameworks/CoreServices.framework/Versions/A/Frameworks/CarbonCore.framework/Versions/A/CarbonCore
0x000000000c234000 	/System/Library/Frameworks/CoreServices.framework/Versions/A/Frameworks/Metadata.framework/Versions/A/Metadata
0x000000000c234000 	/System/Library/Frameworks/CoreServices.framework/Versions/A/Frameworks/OSServices.framework/Versions/A/OSServices
0x000000000c234000 	/System/Library/Frameworks/CoreServices.framework/Versions/A/Frameworks/SearchKit.framework/Versions/A/SearchKit
0x000000000c234000 	/System/Library/Frameworks/CoreServices.framework/Versions/A/Frameworks/AE.framework/Versions/A/AE
0x000000000c234000 	/System/Library/Frameworks/CoreServices.framework/Versions/A/Frameworks/LaunchServices.framework/Versions/A/LaunchServices
0x000000000c234000 	/System/Library/Frameworks/CoreServices.framework/Versions/A/Frameworks/DictionaryServices.framework/Versions/A/DictionaryServices
0x000000000c234000 	/System/Library/Frameworks/NetFS.framework/Versions/A/NetFS
0x000000000c234000 	/System/Library/PrivateFrameworks/NetAuth.framework/Versions/A/NetAuth
0x000000000c234000 	/System/Library/PrivateFrameworks/login.framework/Versions/A/Frameworks/loginsupport.framework/Versions/A/loginsupport
0x000000000c234000 	/System/Library/PrivateFrameworks/TCC.framework/Versions/A/TCC
0x000000000c234000 	/usr/lib/libmecabra.dylib
0x000000000c234000 	/System/Library/Frameworks/ApplicationServices.framework/Versions/A/Frameworks/ATS.framework/Versions/A/ATS
0x000000000c234000 	/System/Library/Frameworks/ApplicationServices.framework/Versions/A/Frameworks/ColorSync.framework/Versions/A/ColorSync
0x000000000c234000 	/System/Library/Frameworks/ApplicationServices.framework/Versions/A/Frameworks/HIServices.framework/Versions/A/HIServices
0x000000000c234000 	/System/Library/Frameworks/ApplicationServices.framework/Versions/A/Frameworks/LangAnalysis.framework/Versions/A/LangAnalysis
0x000000000c234000 	/System/Library/Frameworks/ApplicationServices.framework/Versions/A/Frameworks/PrintCore.framework/Versions/A/PrintCore
0x000000000c234000 	/System/Library/Frameworks/ApplicationServices.framework/Versions/A/Frameworks/QD.framework/Versions/A/QD
0x000000000c234000 	/System/Library/Frameworks/ApplicationServices.framework/Versions/A/Frameworks/SpeechSynthesis.framework/Versions/A/SpeechSynthesis
0x000000000c234000 	/System/Library/Frameworks/Accelerate.framework/Versions/A/Accelerate
0x000000000c234000 	/System/Library/Frameworks/Accelerate.framework/Versions/A/Frameworks/vImage.framework/Versions/A/vImage
0x000000000c234000 	/System/Library/Frameworks/Accelerate.framework/Versions/A/Frameworks/vecLib.framework/Versions/A/vecLib
0x000000000c234000 	/System/Library/Frameworks/Accelerate.framework/Versions/A/Frameworks/vecLib.framework/Versions/A/libvDSP.dylib
0x000000000c234000 	/System/Library/Frameworks/Accelerate.framework/Versions/A/Frameworks/vecLib.framework/Versions/A/libvMisc.dylib
0x000000000c234000 	/System/Library/Frameworks/Accelerate.framework/Versions/A/Frameworks/vecLib.framework/Versions/A/libLAPACK.dylib
0x000000000c234000 	/System/Library/Frameworks/Accelerate.framework/Versions/A/Frameworks/vecLib.framework/Versions/A/libBLAS.dylib
0x000000000c234000 	/System/Library/Frameworks/Accelerate.framework/Versions/A/Frameworks/vecLib.framework/Versions/A/libLinearAlgebra.dylib
0x000000000c234000 	/System/Library/Frameworks/ApplicationServices.framework/Versions/A/Frameworks/ATS.framework/Versions/A/Resources/libFontParser.dylib
0x000000000c234000 	/System/Library/Frameworks/ApplicationServices.framework/Versions/A/Frameworks/ATS.framework/Versions/A/Resources/libFontRegistry.dylib
0x000000000c234000 	/System/Library/PrivateFrameworks/AppleVPA.framework/Versions/A/AppleVPA
0x000000000c234000 	/System/Library/PrivateFrameworks/AppleJPEG.framework/Versions/A/AppleJPEG
0x000000000c234000 	/System/Library/Frameworks/ImageIO.framework/Versions/A/Resources/libJPEG.dylib
0x000000000c234000 	/System/Library/Frameworks/ImageIO.framework/Versions/A/Resources/libTIFF.dylib
0x000000000c234000 	/System/Library/Frameworks/ImageIO.framework/Versions/A/Resources/libPng.dylib
0x000000000c234000 	/System/Library/Frameworks/ImageIO.framework/Versions/A/Resources/libGIF.dylib
0x000000000c234000 	/System/Library/Frameworks/ImageIO.framework/Versions/A/Resources/libJP2.dylib
0x000000000c234000 	/System/Library/Frameworks/ImageIO.framework/Versions/A/Resources/libRadiance.dylib
0x000000000c234000 	/System/Library/Frameworks/CoreVideo.framework/Versions/A/CoreVideo
0x000000000c234000 	/System/Library/Frameworks/OpenGL.framework/Versions/A/Libraries/libGLU.dylib
0x000000000c234000 	/System/Library/Frameworks/OpenGL.framework/Versions/A/Libraries/libGFXShared.dylib
0x000000000c234000 	/System/Library/Frameworks/OpenGL.framework/Versions/A/Libraries/libGL.dylib
0x000000000c234000 	/System/Library/Frameworks/OpenGL.framework/Versions/A/Libraries/libGLImage.dylib
0x000000000c234000 	/System/Library/Frameworks/OpenGL.framework/Versions/A/Libraries/libCVMSPluginSupport.dylib
0x000000000c234000 	/System/Library/Frameworks/OpenGL.framework/Versions/A/Libraries/libCoreVMClient.dylib
0x000000000c234000 	/usr/lib/libcups.2.dylib
0x000000000c234000 	/System/Library/Frameworks/Kerberos.framework/Versions/A/Kerberos
0x000000000c234000 	/System/Library/Frameworks/GSS.framework/Versions/A/GSS
0x000000000c234000 	/usr/lib/libresolv.9.dylib
0x000000000c234000 	/usr/lib/libiconv.2.dylib
0x000000000c234000 	/System/Library/PrivateFrameworks/Heimdal.framework/Versions/A/Heimdal
0x000000000c234000 	/usr/lib/libheimdal-asn1.dylib
0x000000000c234000 	/System/Library/Frameworks/OpenDirectory.framework/Versions/A/OpenDirectory
0x000000000c234000 	/System/Library/PrivateFrameworks/CommonAuth.framework/Versions/A/CommonAuth
0x000000000c234000 	/System/Library/Frameworks/OpenDirectory.framework/Versions/A/Frameworks/CFOpenDirectory.framework/Versions/A/CFOpenDirectory
0x000000000c234000 	/System/Library/Frameworks/SecurityFoundation.framework/Versions/A/SecurityFoundation
0x000000000c234000 	/System/Library/PrivateFrameworks/LanguageModeling.framework/Versions/A/LanguageModeling
0x000000000c234000 	/usr/lib/libcmph.dylib
0x000000000c234000 	/System/Library/Frameworks/ServiceManagement.framework/Versions/A/ServiceManagement
0x000000000c234000 	/usr/lib/libxslt.1.dylib
0x000000000c234000 	/System/Library/Frameworks/Carbon.framework/Versions/A/Frameworks/Ink.framework/Versions/A/Ink
0x000000000c234000 	/System/Library/Frameworks/QuartzCore.framework/Versions/A/Frameworks/CoreImage.framework/Versions/A/CoreImage
0x000000000c234000 	/System/Library/PrivateFrameworks/CrashReporterSupport.framework/Versions/A/CrashReporterSupport
0x000000000c234000 	/System/Library/Frameworks/OpenCL.framework/Versions/A/OpenCL
0x000000000c234000 	/System/Library/PrivateFrameworks/FaceCore.framework/Versions/A/FaceCore
0x000000000c234000 	/System/Library/PrivateFrameworks/Ubiquity.framework/Versions/A/Ubiquity
0x000000000c234000 	/System/Library/PrivateFrameworks/IconServices.framework/Versions/A/IconServices
0x000000000c234000 	/System/Library/PrivateFrameworks/ChunkingLibrary.framework/Versions/A/ChunkingLibrary
0x000000000c234000 	/System/Library/PrivateFrameworks/Apple80211.framework/Versions/A/Apple80211
0x000000000c234000 	/System/Library/Frameworks/CoreWLAN.framework/Versions/A/CoreWLAN
0x000000000c234000 	/System/Library/Frameworks/IOBluetooth.framework/Versions/A/IOBluetooth
0x000000000c234000 	/System/Library/PrivateFrameworks/CoreWiFi.framework/Versions/A/CoreWiFi
0x000000000c234000 	/System/Library/Frameworks/CoreBluetooth.framework/Versions/A/CoreBluetooth
0x000000000c234000 	/System/Library/PrivateFrameworks/DebugSymbols.framework/Versions/A/DebugSymbols
0x000000000c234000 	/System/Library/PrivateFrameworks/CoreSymbolication.framework/Versions/A/CoreSymbolication
0x000000000c234000 	/System/Library/PrivateFrameworks/Symbolication.framework/Versions/A/Symbolication
0x000000000c234000 	/System/Library/PrivateFrameworks/SpeechRecognitionCore.framework/Versions/A/SpeechRecognitionCore
0x0000000106a00000 	/Library/Java/JavaVirtualMachines/jdk1.8.0_31.jdk/Contents/Home/jre/lib/server/libjvm.dylib
0x000000000c234000 	/usr/lib/libstdc++.6.dylib
0x00000001061d1000 	/Library/Java/JavaVirtualMachines/jdk1.8.0_31.jdk/Contents/Home/jre/lib/libverify.dylib
0x000000010791f000 	/Library/Java/JavaVirtualMachines/jdk1.8.0_31.jdk/Contents/Home/jre/lib/libjava.dylib
0x00000001061e9000 	/Library/Java/JavaVirtualMachines/jdk1.8.0_31.jdk/Contents/Home/jre/lib/libzip.dylib
0x000000011b45f000 	/System/Library/Frameworks/JavaVM.framework/Frameworks/JavaRuntimeSupport.framework/JavaRuntimeSupport
0x000000011b475000 	/System/Library/Frameworks/JavaVM.framework/Versions/A/Frameworks/JavaNativeFoundation.framework/Versions/A/JavaNativeFoundation
0x00000001061f3000 	/System/Library/Frameworks/JavaVM.framework/Versions/A/JavaVM
0x000000000c234000 	/System/Library/Frameworks/Carbon.framework/Versions/A/Carbon
0x000000011b489000 	/System/Library/PrivateFrameworks/JavaLaunching.framework/Versions/A/JavaLaunching
0x000000000c234000 	/System/Library/Frameworks/Carbon.framework/Versions/A/Frameworks/CommonPanels.framework/Versions/A/CommonPanels
0x000000000c234000 	/System/Library/Frameworks/Carbon.framework/Versions/A/Frameworks/Help.framework/Versions/A/Help
0x000000000c234000 	/System/Library/Frameworks/Carbon.framework/Versions/A/Frameworks/ImageCapture.framework/Versions/A/ImageCapture
0x000000000c234000 	/System/Library/Frameworks/Carbon.framework/Versions/A/Frameworks/OpenScripting.framework/Versions/A/OpenScripting
0x000000000c234000 	/System/Library/Frameworks/Carbon.framework/Versions/A/Frameworks/Print.framework/Versions/A/Print
0x000000000c234000 	/System/Library/Frameworks/Carbon.framework/Versions/A/Frameworks/SecurityHI.framework/Versions/A/SecurityHI
0x000000011d3b2000 	/Library/Java/JavaVirtualMachines/jdk1.8.0_31.jdk/Contents/Home/jre/lib/libawt.dylib
0x000000011d461000 	/Library/Java/JavaVirtualMachines/jdk1.8.0_31.jdk/Contents/Home/jre/lib/./libmlib_image.dylib
0x000000011d52d000 	/Library/Java/JavaVirtualMachines/jdk1.8.0_31.jdk/Contents/Home/jre/lib/libawt_lwawt.dylib
0x000000011d5e0000 	/Library/Java/JavaVirtualMachines/jdk1.8.0_31.jdk/Contents/Home/jre/lib/./libosxapp.dylib
0x000000000c234000 	/System/Library/Frameworks/ExceptionHandling.framework/Versions/A/ExceptionHandling
0x000000000c234000 	/System/Library/PrivateFrameworks/CoreServicesInternal.framework/Versions/A/CoreServicesInternal
0x000000000c234000 	/System/Library/PrivateFrameworks/CloudDocs.framework/Versions/A/CloudDocs
0x000000000c234000 	/System/Library/PrivateFrameworks/CoreDuet.framework/Versions/A/CoreDuet
0x000000000c234000 	/System/Library/Frameworks/CloudKit.framework/Versions/A/CloudKit
0x000000000c234000 	/System/Library/PrivateFrameworks/ProtocolBuffer.framework/Versions/A/ProtocolBuffer
0x000000000c234000 	/System/Library/PrivateFrameworks/CoreDuetDaemonProtocol.framework/Versions/A/CoreDuetDaemonProtocol
0x000000000c234000 	/System/Library/PrivateFrameworks/CoreDuetDebugLogging.framework/Versions/A/CoreDuetDebugLogging
0x000000000c234000 	/System/Library/PrivateFrameworks/MMCS.framework/Versions/A/MMCS
0x000000000c234000 	/System/Library/Frameworks/CoreLocation.framework/Versions/A/CoreLocation
0x000000000c234000 	/System/Library/PrivateFrameworks/ProtectedCloudStorage.framework/Versions/A/ProtectedCloudStorage
0x000000000c234000 	/System/Library/PrivateFrameworks/GeoServices.framework/Versions/A/GeoServices
0x000000011ebc3000 	/System/Library/Frameworks/CoreGraphics.framework/Versions/A/Resources/libCGCMS.A.dylib
0x000000011f6a6000 	/System/Library/Frameworks/CoreGraphics.framework/Versions/A/Resources/libRIP.A.dylib
0x000000011f91e000 	/System/Library/Frameworks/CoreGraphics.framework/Versions/A/Resources/libCGXType.A.dylib
0x000000000c234000 	/System/Library/Frameworks/OpenCL.framework/Versions/A/Libraries/libcldcpuengine.dylib
0x000000000c234000 	/System/Library/PrivateFrameworks/DiskImages.framework/Versions/A/DiskImages
0x000000000c234000 	/System/Library/Frameworks/DiscRecording.framework/Versions/A/DiscRecording
0x000000000c234000 	/usr/lib/libcsfde.dylib
0x000000000c234000 	/usr/lib/libcurl.4.dylib
0x000000000c234000 	/System/Library/PrivateFrameworks/MediaKit.framework/Versions/A/MediaKit
0x000000000c234000 	/usr/lib/libCoreStorage.dylib
0x000000000c234000 	/System/Library/PrivateFrameworks/EFILogin.framework/Versions/A/EFILogin
0x000000000c234000 	/usr/lib/libutil.dylib
0x000000000c234000 	/System/Library/PrivateFrameworks/FindMyDevice.framework/Versions/A/FindMyDevice
0x000000000c234000 	/System/Library/Frameworks/LDAP.framework/Versions/A/LDAP
0x000000000c234000 	/usr/lib/libsasl2.2.dylib
0x000000000c234000 	/System/Library/PrivateFrameworks/CoreDaemon.framework/Versions/B/CoreDaemon
0x000000000c234000 	/usr/lib/libcrypto.0.9.8.dylib
0x000000000c234000 	/System/Library/PrivateFrameworks/AppleSRP.framework/Versions/A/AppleSRP
0x000000000c234000 	/System/Library/PrivateFrameworks/TrustEvaluationAgent.framework/Versions/A/TrustEvaluationAgent
0x0000000120389000 	cl_kernels
0x000000012038b000 	/System/Library/Frameworks/OpenCL.framework/Versions/A/Libraries/ImageFormats/unorm8_bgra.dylib
0x000000012037c000 	cl_kernels
0x000000000c234000 	/System/Library/PrivateFrameworks/FamilyControls.framework/Versions/A/FamilyControls
0x000000000c234000 	/System/Library/PrivateFrameworks/CommerceKit.framework/Versions/A/Frameworks/CommerceCore.framework/Versions/A/CommerceCore
0x000000000c234000 	/System/Library/PrivateFrameworks/SystemAdministration.framework/Versions/A/SystemAdministration
0x000000000c234000 	/System/Library/PrivateFrameworks/AppContainer.framework/Versions/A/AppContainer
0x000000000c234000 	/System/Library/PrivateFrameworks/SecCodeWrapper.framework/Versions/A/SecCodeWrapper
0x000000000c234000 	/System/Library/Frameworks/DirectoryService.framework/Versions/A/DirectoryService
0x000000000c234000 	/System/Library/PrivateFrameworks/LoginUIKit.framework/Versions/A/Frameworks/LoginUICore.framework/Versions/A/LoginUICore
0x000000000c234000 	/usr/lib/libodfde.dylib
0x00000001215d4000 	/Library/Java/JavaVirtualMachines/jdk1.8.0_31.jdk/Contents/Home/jre/lib/libfontmanager.dylib
0x000000012163b000 	/Users/antte/Dropbox/Medialogy PRIVAT/4rd semester/Object Oriented Software Engineering/MiniProject/OOSE2015/native/macosx/liblwjgl.dylib
0x000000011f8b7000 	/Library/Java/JavaVirtualMachines/jdk1.8.0_31.jdk/Contents/Home/jre/lib/libjawt.dylib
0x00000001216c8000 	/System/Library/Frameworks/OpenGL.framework/Resources/GLEngine.bundle/GLEngine
0x000000000c234000 	/System/Library/Frameworks/OpenGL.framework/Versions/A/Libraries/libGLProgrammability.dylib
0x0000000000000000 	/System/Library/Extensions/AppleIntelHD5000GraphicsGLDriver.bundle/Contents/MacOS/AppleIntelHD5000GraphicsGLDriver
0x000000000c234000 	/System/Library/PrivateFrameworks/IOAccelerator.framework/Versions/A/IOAccelerator
0x000000000c234000 	/System/Library/PrivateFrameworks/GPUSupport.framework/Versions/A/Libraries/libGPUSupportMercury.dylib
0x00000001218b3000 	/System/Library/Frameworks/OpenGL.framework/Resources//GLRendererFloat.bundle/GLRendererFloat
0x0000000122078000 	/Users/antte/Dropbox/Medialogy PRIVAT/4rd semester/Object Oriented Software Engineering/MiniProject/OOSE2015/native/macosx/libjinput-osx.dylib
0x000000012207d000 	/System/Library/Extensions/IOHIDFamily.kext/Contents/PlugIns/IOHIDLib.plugin/Contents/MacOS/IOHIDLib

VM Arguments:
jvm_args: -Djava.library.path=/Users/antte/Dropbox/Medialogy PRIVAT/4rd semester/Object Oriented Software Engineering/MiniProject/OOSE2015/native/macosx -Dfile.encoding=UTF-8 
java_command: example.SimpleSlickGame
java_class_path (initial): /Users/antte/Dropbox/Medialogy PRIVAT/4rd semester/Object Oriented Software Engineering/MiniProject/OOSE2015/bin:/Users/antte/Dropbox/Medialogy PRIVAT/4rd semester/Object Oriented Software Engineering/MiniProject/OOSE2015/lib/ibxm.jar:/Users/antte/Dropbox/Medialogy PRIVAT/4rd semester/Object Oriented Software Engineering/MiniProject/OOSE2015/lib/jinput.jar:/Users/antte/Dropbox/Medialogy PRIVAT/4rd semester/Object Oriented Software Engineering/MiniProject/OOSE2015/lib/jogg-0.0.7.jar:/Users/antte/Dropbox/Medialogy PRIVAT/4rd semester/Object Oriented Software Engineering/MiniProject/OOSE2015/lib/jorbis-0.0.15.jar:/Users/antte/Dropbox/Medialogy PRIVAT/4rd semester/Object Oriented Software Engineering/MiniProject/OOSE2015/lib/lwjgl_util.jar:/Users/antte/Dropbox/Medialogy PRIVAT/4rd semester/Object Oriented Software Engineering/MiniProject/OOSE2015/lib/lwjgl.jar:/Users/antte/Dropbox/Medialogy PRIVAT/4rd semester/Object Oriented Software Engineering/MiniProject/OOSE2015/lib/slick-examples.jar:/Users/antte/Dropbox/Medialogy PRIVAT/4rd semester/Object Oriented Software Engineering/MiniProject/OOSE2015/lib/slick.jar:/Users/antte/Dropbox/Medialogy PRIVAT/4rd semester/Object Oriented Software Engineering/MiniProject/OOSE2015/lib/tinylinepp.jar
Launcher Type: SUN_STANDARD

Environment Variables:
PATH=/usr/bin:/bin:/usr/sbin:/sbin
SHELL=/bin/bash
DISPLAY=/private/tmp/com.apple.launchd.JuK5ykPydO/org.macosforge.xquartz:0

Signal Handlers:
SIGSEGV: [libjvm.dylib+0x57a0e7], sa_mask[0]=11111111011111110111111111111111, sa_flags=SA_ONSTACK|SA_RESTART|SA_SIGINFO
SIGBUS: [libjvm.dylib+0x57a0e7], sa_mask[0]=11111111011111110111111111111111, sa_flags=SA_RESTART|SA_SIGINFO
SIGFPE: [libjvm.dylib+0x45af24], sa_mask[0]=11111111011111110111111111111111, sa_flags=SA_RESTART|SA_SIGINFO
SIGPIPE: [libjvm.dylib+0x45af24], sa_mask[0]=11111111011111110111111111111111, sa_flags=SA_RESTART|SA_SIGINFO
SIGXFSZ: [libjvm.dylib+0x45af24], sa_mask[0]=11111111011111110111111111111111, sa_flags=SA_RESTART|SA_SIGINFO
SIGILL: [libjvm.dylib+0x45af24], sa_mask[0]=11111111011111110111111111111111, sa_flags=SA_RESTART|SA_SIGINFO
SIGUSR1: SIG_DFL, sa_mask[0]=00000000000000000000000000000000, sa_flags=none
SIGUSR2: [libjvm.dylib+0x45aa42], sa_mask[0]=00100000000000000000000000000000, sa_flags=SA_RESTART|SA_SIGINFO
SIGHUP: [libjvm.dylib+0x459015], sa_mask[0]=11111111011111110111111111111111, sa_flags=SA_RESTART|SA_SIGINFO
SIGINT: [libjvm.dylib+0x459015], sa_mask[0]=11111111011111110111111111111111, sa_flags=SA_RESTART|SA_SIGINFO
SIGTERM: [libjvm.dylib+0x459015], sa_mask[0]=11111111011111110111111111111111, sa_flags=SA_RESTART|SA_SIGINFO
SIGQUIT: [libjvm.dylib+0x459015], sa_mask[0]=11111111011111110111111111111111, sa_flags=SA_RESTART|SA_SIGINFO


---------------  S Y S T E M  ---------------

OS:Bsduname:Darwin 14.3.0 Darwin Kernel Version 14.3.0: Mon Mar 23 11:59:05 PDT 2015; root:xnu-2782.20.48~5/RELEASE_X86_64 x86_64
rlimit: STACK 8192k, CORE 0k, NPROC 709, NOFILE 10240, AS infinity
load average:1.50 1.74 1.79

CPU:total 4 (2 cores per cpu, 2 threads per core) family 6 model 69 stepping 1, cmov, cx8, fxsr, mmx, sse, sse2, sse3, ssse3, sse4.1, sse4.2, popcnt, avx, avx2, aes, clmul, erms, lzcnt, ht, tsc, tscinvbit, bmi1, bmi2

Memory: 4k page, physical 4194304k(25360k free)

/proc/meminfo:


vm_info: Java HotSpot(TM) 64-Bit Server VM (25.31-b07) for bsd-amd64 JRE (1.8.0_31-b13), built on Dec 17 2014 20:45:36 by "java_re" with gcc 4.2.1 (Based on Apple Inc. build 5658) (LLVM build 2336.11.00)

time: Wed May  6 12:54:46 2015
elapsed time: 4 seconds (0d 0h 0m 4s)

