#
# A fatal error has been detected by the Java Runtime Environment:
#
#  SIGSEGV (0xb) at pc=0x00007fff958fc0dd, pid=6888, tid=1811
#
# JRE version: Java(TM) SE Runtime Environment (8.0_31-b13) (build 1.8.0_31-b13)
# Java VM: Java HotSpot(TM) 64-Bit Server VM (25.31-b07 mixed mode bsd-amd64 compressed oops)
# Problematic frame:
# C  [libobjc.A.dylib+0x10dd]  objc_msgSend+0x1d
#
# Failed to write core dump. Core dumps have been disabled. To enable core dumping, try "ulimit -c unlimited" before starting Java again
#
# If you would like to submit a bug report, please visit:
#   http://bugreport.java.com/bugreport/crash.jsp
# The crash happened outside the Java Virtual Machine in native code.
# See problematic frame for where to report the bug.
#

---------------  T H R E A D  ---------------

Current thread (0x00007fbe120b7800):  JavaThread "AppKit Thread" daemon [_thread_in_native, id=1811, stack(0x00007fff53346000,0x00007fff53b46000)]

siginfo: si_signo: 11 (SIGSEGV), si_code: 1 (SEGV_MAPERR), si_addr: 0x000007fbe1073f40

Registers:
RAX=0x00007fbe1073e8e0, RBX=0x00007fff53b41358, RCX=0x0000000000000000, RDX=0x00007fbe104b4f20
RSP=0x00007fff53b41178, RBP=0x00007fff53b41180, RSI=0x00007fff965ac2b4, RDI=0x00007fbe1073e8e0
R8 =0x00007fff53b41160, R9 =0x0000000000000055, R10=0x00007fff965ac2b4, R11=0x000007fbe1073f28
R12=0x00007fbe10428130, R13=0x00000000000f42e8, R14=0x00007fbe10651800, R15=0x00007fff53b412b8
RIP=0x00007fff958fc0dd, EFLAGS=0x0000000000010206, ERR=0x0000000000000004
  TRAPNO=0x000000000000000e

Top of Stack: (sp=0x00007fff53b41178)
0x00007fff53b41178:   00007fff9774fcdc 00007fff53b414e0
0x00007fff53b41188:   00007fff97641244 00007fff53b4120c
0x00007fff53b41198:   00007fff53b41210 00007fff53b41214
0x00007fff53b411a8:   00007fff79b7ac88 ffffffffffffffff
0x00007fff53b411b8:   00000000000007f8 00007fff79b7aca0
0x00007fff53b411c8:   00007fbe10651800 0000000000000000
0x00007fff53b411d8:   00007fff53b412b0 0000000000000000
0x00007fff53b411e8:   00007fbe106287d0 00007fff53b41330
0x00007fff53b411f8:   0000000000000055 00000000000f42ea
0x00007fff53b41208:   00007fbe104b4f20 00007fbe10628230
0x00007fff53b41218:   00007fbe10428130 0000000000000001
0x00007fff53b41228:   00000000000f42e8 00007fbe10428120
0x00007fff53b41238:   00007fff91f987ba 00000001105a3510
0x00007fff53b41248:   00007fff7a6160d0 0000000042000000
0x00007fff53b41258:   00007fff91fa0e13 00007fff79b451d0
0x00007fff53b41268:   00007fff53b41338 0000000000000000
0x00007fff53b41278:   00007fff7a3738c8 0000000000000000
0x00007fff53b41288:   0000000000000024 00019e0300000001
0x00007fff53b41298:   00007fbe10428154 0000000000000000
0x00007fff53b412a8:   00000000003be001 00007fbe10628850
0x00007fff53b412b8:   00007fbe10651800 0000000000000000
0x00007fff53b412c8:   00007fff965e434c 00007fff53b41370
0x00007fff53b412d8:   00007fff8c7ea513 00007fff53b41354
0x00007fff53b412e8:   00000000003be101 00000000ffffffff
0x00007fff53b412f8:   00007fff7a3738c8 00000000003be100
0x00007fff53b41308:   00007fff00000000 00007fff53b41400
0x00007fff53b41318:   00007fff91db2edc 00007fff7a3738e8
0x00007fff53b41328:   00007fff965e434c 0000000000000051
0x00007fff53b41338:   0000000000000000 00000000000f42e1
0x00007fff53b41348:   0000000000000053 0000000000000000
0x00007fff53b41358:   00000000000f42e8 00007fff53b413d4
0x00007fff53b41368:   00000000003bef01 00000000ffffffff 

Instructions: (pc=0x00007fff958fc0dd)
0x00007fff958fc0bd:   00 00 00 48 85 ff 2e 74 7a 40 f6 c7 01 2e 75 7e
0x00007fff958fc0cd:   49 bb f8 ff ff ff ff 7f 00 00 4c 23 1f 49 89 f2
0x00007fff958fc0dd:   45 23 53 18 49 c1 e2 04 4d 03 53 10 49 3b 32 75
0x00007fff958fc0ed:   04 41 ff 62 08 49 83 3a 00 74 6a 4d 3b 53 10 74 

Register to memory mapping:

RAX=0x00007fbe1073e8e0 is an unknown value
RBX=0x00007fff53b41358 is pointing into the stack for thread: 0x00007fbe120b7800
RCX=0x0000000000000000 is an unknown value
RDX=0x00007fbe104b4f20 is an unknown value
RSP=0x00007fff53b41178 is pointing into the stack for thread: 0x00007fbe120b7800
RBP=0x00007fff53b41180 is pointing into the stack for thread: 0x00007fbe120b7800
RSI=0x00007fff965ac2b4: -[NSTitlebarContainerView shouldRoundCorners]+0x5ced6 in /System/Library/Frameworks/AppKit.framework/Versions/C/AppKit at 0x00007fff95bdb000
RDI=0x00007fbe1073e8e0 is an unknown value
R8 =0x00007fff53b41160 is pointing into the stack for thread: 0x00007fbe120b7800
R9 =0x0000000000000055 is an unknown value
R10=0x00007fff965ac2b4: -[NSTitlebarContainerView shouldRoundCorners]+0x5ced6 in /System/Library/Frameworks/AppKit.framework/Versions/C/AppKit at 0x00007fff95bdb000
R11=0x000007fbe1073f28 is an unknown value
R12=0x00007fbe10428130 is an unknown value
R13=0x00000000000f42e8 is an unknown value
R14=0x00007fbe10651800 is an unknown value
R15=0x00007fff53b412b8 is pointing into the stack for thread: 0x00007fbe120b7800


Stack: [0x00007fff53346000,0x00007fff53b46000],  sp=0x00007fff53b41178,  free space=8172k
Native frames: (J=compiled Java code, j=interpreted, Vv=VM code, C=native code)
C  [libobjc.A.dylib+0x10dd]  objc_msgSend+0x1d
C  [CoreFoundation+0x10244]  _CFXNotificationPost+0xc44
C  [Foundation+0x2c31]  -[NSNotificationCenter postNotificationName:object:userInfo:]+0x42
C  [AppKit+0xdd776]  -[NSSurface _disposeSurface]+0x98
C  [AppKit+0xdd1da]  -[NSSurface setWindow:]+0x42
C  [AppKit+0x3b9ef]  -[NSView _setWindow:]+0xa22
C  [AppKit+0x3cc22]  -[NSView removeFromSuperview]+0x1c5
C  [AppKit+0x9140a]  -[NSView removeFromSuperviewWithoutNeedingDisplay]+0x26
C  [liblwjgl.dylib+0xa205]  +[MacOSXKeyableWindow destroyWindow]+0xb5
C  [Foundation+0x65cdc]  __NSThreadPerformPerform+0x125
C  [CoreFoundation+0x80681]  __CFRUNLOOP_IS_CALLING_OUT_TO_A_SOURCE0_PERFORM_FUNCTION__+0x11
C  [CoreFoundation+0x7280d]  __CFRunLoopDoSources0+0x10d
C  [CoreFoundation+0x71e3f]  __CFRunLoopRun+0x39f
C  [CoreFoundation+0x71858]  CFRunLoopRunSpecific+0x128
C  [HIToolbox+0x2eaef]  RunCurrentEventLoopInMode+0xeb
C  [HIToolbox+0x2e86a]  ReceiveNextEventCommon+0x1af
C  [HIToolbox+0x2e6ab]  _BlockUntilNextEventMatchingListInModeWithFilter+0x47
C  [AppKit+0x23f81]  _DPSNextEvent+0x3c4
C  [AppKit+0x23730]  -[NSApplication nextEventMatchingMask:untilDate:inMode:dequeue:]+0xc2
C  [libosxapp.dylib+0x242a]  -[NSApplicationAWT nextEventMatchingMask:untilDate:inMode:dequeue:]+0x7c
C  [AppKit+0x17593]  -[NSApplication run]+0x252
C  [libosxapp.dylib+0x223e]  +[NSApplicationAWT runAWTLoopWithApp:]+0x9c
C  [libawt_lwawt.dylib+0x4494f]  -[AWTStarter starter:]+0x389
C  [Foundation+0x65cdc]  __NSThreadPerformPerform+0x125
C  [CoreFoundation+0x80681]  __CFRUNLOOP_IS_CALLING_OUT_TO_A_SOURCE0_PERFORM_FUNCTION__+0x11
C  [CoreFoundation+0x7280d]  __CFRunLoopDoSources0+0x10d
C  [CoreFoundation+0x71e3f]  __CFRunLoopRun+0x39f
C  [CoreFoundation+0x71858]  CFRunLoopRunSpecific+0x128
C  [java+0x56cc]  CreateExecutionEnvironment+0x367
C  [java+0x165c]  JLI_Launch+0x7a0
C  [java+0x768a]  main+0x65
C  [java+0xeb4]  start+0x34
C  0x0000000000000006


---------------  P R O C E S S  ---------------

Java Threads: ( => current thread )
  0x00007fbe1218e000 JavaThread "AWT-Shutdown" [_thread_blocked, id=29191, stack(0x0000000124b9a000,0x0000000124c9a000)]
=>0x00007fbe120b7800 JavaThread "AppKit Thread" daemon [_thread_in_native, id=1811, stack(0x00007fff53346000,0x00007fff53b46000)]
  0x00007fbe12040000 JavaThread "Service Thread" daemon [_thread_blocked, id=18179, stack(0x00000001231a8000,0x00000001232a8000)]
  0x00007fbe1203f000 JavaThread "C1 CompilerThread2" daemon [_thread_blocked, id=17667, stack(0x00000001230a5000,0x00000001231a5000)]
  0x00007fbe1202e000 JavaThread "C2 CompilerThread1" daemon [_thread_blocked, id=17155, stack(0x0000000122fa2000,0x00000001230a2000)]
  0x00007fbe1202c800 JavaThread "C2 CompilerThread0" daemon [_thread_blocked, id=16643, stack(0x0000000122e9f000,0x0000000122f9f000)]
  0x00007fbe12020800 JavaThread "Signal Dispatcher" daemon [_thread_blocked, id=13583, stack(0x0000000122d9c000,0x0000000122e9c000)]
  0x00007fbe11807800 JavaThread "Finalizer" daemon [_thread_blocked, id=11523, stack(0x0000000121460000,0x0000000121560000)]
  0x00007fbe11801800 JavaThread "Reference Handler" daemon [_thread_blocked, id=11011, stack(0x000000012135d000,0x000000012145d000)]
  0x00007fbe10807000 JavaThread "main" [_thread_in_native, id=4867, stack(0x000000010d920000,0x000000010da20000)]

Other Threads:
  0x00007fbe1102e800 VMThread [stack: 0x000000012125a000,0x000000012135a000] [id=10499]
  0x00007fbe12021800 WatcherThread [stack: 0x00000001232ab000,0x00000001233ab000] [id=18691]

VM state:not at safepoint (normal execution)

VM Mutex/Monitor currently owned by a thread: None

Heap:
 PSYoungGen      total 18944K, used 13211K [0x00000007aab00000, 0x00000007ac000000, 0x00000007c0000000)
  eden space 16384K, 80% used [0x00000007aab00000,0x00000007ab7e6f28,0x00000007abb00000)
  from space 2560K, 0% used [0x00000007abd80000,0x00000007abd80000,0x00000007ac000000)
  to   space 2560K, 0% used [0x00000007abb00000,0x00000007abb00000,0x00000007abd80000)
 ParOldGen       total 44032K, used 0K [0x0000000780000000, 0x0000000782b00000, 0x00000007aab00000)
  object space 44032K, 0% used [0x0000000780000000,0x0000000780000000,0x0000000782b00000)
 Metaspace       used 6774K, capacity 6921K, committed 7168K, reserved 1056768K
  class space    used 686K, capacity 727K, committed 768K, reserved 1048576K

Card table byte_map: [0x000000011ce16000,0x000000011d017000] byte_map_base: 0x0000000119216000

Marking Bits: (ParMarkBitMap*) 0x000000010d29e410
 Begin Bits: [0x000000011d579000, 0x000000011e579000)
 End Bits:   [0x000000011e579000, 0x000000011f579000)

Polling page: 0x000000010c1dd000

CodeCache: size=245760Kb used=2411Kb max_used=2411Kb free=243348Kb
 bounds [0x000000010da56000, 0x000000010dcc6000, 0x000000011ca56000]
 total_blobs=964 nmethods=576 adapters=303
 compilation: enabled

Compilation events (10 events):
Event: 3.036 Thread 0x00007fbe1203f000 nmethod 562 0x000000010dc9ced0 code [0x000000010dc9d040, 0x000000010dc9d1f0]
Event: 3.036 Thread 0x00007fbe1203f000  563       3       java.util.HashSet::isEmpty (8 bytes)
Event: 3.036 Thread 0x00007fbe1203f000 nmethod 563 0x000000010dc9d250 code [0x000000010dc9d3c0, 0x000000010dc9d650]
Event: 3.110 Thread 0x00007fbe1203f000  565       3       org.newdawn.slick.opengl.renderer.ImmediateModeOGLRenderer::glVertex3f (7 bytes)
Event: 3.111 Thread 0x00007fbe1203f000 nmethod 565 0x000000010dc9da90 code [0x000000010dc9dc80, 0x000000010dc9e3b8]
Event: 3.111 Thread 0x00007fbe1203f000  566       3       org.lwjgl.opengl.GL11::glVertex3f (24 bytes)
Event: 3.112 Thread 0x00007fbe1203f000 nmethod 566 0x000000010dc9ec50 code [0x000000010dc9ee40, 0x000000010dc9f4f8]
Event: 3.130 Thread 0x00007fbe1203f000  568       3       java.nio.DirectIntBufferU::put (18 bytes)
Event: 3.130 Thread 0x00007fbe1203f000 nmethod 568 0x000000010dc9fc50 code [0x000000010dc9fdc0, 0x000000010dca0030]
Event: 3.133 Thread 0x00007fbe1203f000  570       3       java.net.URLStreamHandler::parseURL (1158 bytes)

GC Heap History (0 events):
No events

Deoptimization events (0 events):
No events

Internal exceptions (10 events):
Event: 1.166 Thread 0x00007fbe10807000 Exception <a 'java/security/PrivilegedActionException'> (0x00000007ab4cfe68) thrown at [/Users/java_re/workspace/8-2-build-macosx-x86_64/jdk8u31/2394/hotspot/src/share/vm/prims/jvm.cpp, line 1312]
Event: 1.166 Thread 0x00007fbe10807000 Exception <a 'java/security/PrivilegedActionException'> (0x00000007ab4d4e08) thrown at [/Users/java_re/workspace/8-2-build-macosx-x86_64/jdk8u31/2394/hotspot/src/share/vm/prims/jvm.cpp, line 1312]
Event: 1.169 Thread 0x00007fbe10807000 Exception <a 'java/security/PrivilegedActionException'> (0x00000007ab4de5b8) thrown at [/Users/java_re/workspace/8-2-build-macosx-x86_64/jdk8u31/2394/hotspot/src/share/vm/prims/jvm.cpp, line 1312]
Event: 1.169 Thread 0x00007fbe10807000 Exception <a 'java/security/PrivilegedActionException'> (0x00000007ab4e2ab0) thrown at [/Users/java_re/workspace/8-2-build-macosx-x86_64/jdk8u31/2394/hotspot/src/share/vm/prims/jvm.cpp, line 1312]
Event: 1.170 Thread 0x00007fbe10807000 Exception <a 'java/security/PrivilegedActionException'> (0x00000007ab4e6488) thrown at [/Users/java_re/workspace/8-2-build-macosx-x86_64/jdk8u31/2394/hotspot/src/share/vm/prims/jvm.cpp, line 1312]
Event: 1.170 Thread 0x00007fbe10807000 Exception <a 'java/security/PrivilegedActionException'> (0x00000007ab4ec3e0) thrown at [/Users/java_re/workspace/8-2-build-macosx-x86_64/jdk8u31/2394/hotspot/src/share/vm/prims/jvm.cpp, line 1312]
Event: 1.739 Thread 0x00007fbe10807000 Exception <a 'java/security/PrivilegedActionException'> (0x00000007ab7b6318) thrown at [/Users/java_re/workspace/8-2-build-macosx-x86_64/jdk8u31/2394/hotspot/src/share/vm/prims/jvm.cpp, line 1312]
Event: 1.743 Thread 0x00007fbe10807000 Exception <a 'java/security/PrivilegedActionException'> (0x00000007ab7c2948) thrown at [/Users/java_re/workspace/8-2-build-macosx-x86_64/jdk8u31/2394/hotspot/src/share/vm/prims/jvm.cpp, line 1312]
Event: 1.748 Thread 0x00007fbe10807000 Exception <a 'java/security/PrivilegedActionException'> (0x00000007ab7cae60) thrown at [/Users/java_re/workspace/8-2-build-macosx-x86_64/jdk8u31/2394/hotspot/src/share/vm/prims/jvm.cpp, line 1312]
Event: 3.133 Thread 0x00007fbe10807000 Exception <a 'java/security/PrivilegedActionException'> (0x00000007ab7d4480) thrown at [/Users/java_re/workspace/8-2-build-macosx-x86_64/jdk8u31/2394/hotspot/src/share/vm/prims/jvm.cpp, line 1312]

Events (10 events):
Event: 1.742 loading class java/util/HashMap$KeySet
Event: 1.742 loading class java/util/HashMap$KeySet done
Event: 1.742 loading class java/util/HashMap$KeyIterator
Event: 1.742 loading class java/util/HashMap$KeyIterator done
Event: 1.742 loading class org/newdawn/slick/Music
Event: 1.742 loading class org/newdawn/slick/Music done
Event: 1.748 loading class org/newdawn/slick/AngelCodeFont$DisplayList
Event: 1.748 loading class org/newdawn/slick/AngelCodeFont$DisplayList done
Event: 3.133 loading class org/lwjgl/opengl/CallbackUtil
Event: 3.133 loading class org/lwjgl/opengl/CallbackUtil done


Dynamic libraries:
0x0000000008406000 	/System/Library/Frameworks/Cocoa.framework/Versions/A/Cocoa
0x0000000008406000 	/System/Library/Frameworks/Security.framework/Versions/A/Security
0x0000000008406000 	/System/Library/Frameworks/ApplicationServices.framework/Versions/A/ApplicationServices
0x0000000008406000 	/usr/lib/libz.1.dylib
0x0000000008406000 	/usr/lib/libSystem.B.dylib
0x0000000008406000 	/usr/lib/libobjc.A.dylib
0x0000000008406000 	/System/Library/Frameworks/CoreFoundation.framework/Versions/A/CoreFoundation
0x0000000008406000 	/System/Library/Frameworks/Foundation.framework/Versions/C/Foundation
0x0000000008406000 	/System/Library/Frameworks/AppKit.framework/Versions/C/AppKit
0x0000000008406000 	/System/Library/Frameworks/CoreData.framework/Versions/A/CoreData
0x0000000008406000 	/System/Library/PrivateFrameworks/RemoteViewServices.framework/Versions/A/RemoteViewServices
0x0000000008406000 	/System/Library/PrivateFrameworks/UIFoundation.framework/Versions/A/UIFoundation
0x0000000008406000 	/System/Library/Frameworks/IOSurface.framework/Versions/A/IOSurface
0x0000000008406000 	/System/Library/Frameworks/AudioToolbox.framework/Versions/A/AudioToolbox
0x0000000008406000 	/System/Library/Frameworks/AudioUnit.framework/Versions/A/AudioUnit
0x0000000008406000 	/System/Library/PrivateFrameworks/DataDetectorsCore.framework/Versions/A/DataDetectorsCore
0x0000000008406000 	/System/Library/PrivateFrameworks/DesktopServicesPriv.framework/Versions/A/DesktopServicesPriv
0x0000000008406000 	/System/Library/Frameworks/Carbon.framework/Versions/A/Frameworks/HIToolbox.framework/Versions/A/HIToolbox
0x0000000008406000 	/System/Library/Frameworks/QuartzCore.framework/Versions/A/QuartzCore
0x0000000008406000 	/System/Library/Frameworks/Carbon.framework/Versions/A/Frameworks/SpeechRecognition.framework/Versions/A/SpeechRecognition
0x0000000008406000 	/usr/lib/libauto.dylib
0x0000000008406000 	/usr/lib/libicucore.A.dylib
0x0000000008406000 	/usr/lib/libxml2.2.dylib
0x0000000008406000 	/System/Library/PrivateFrameworks/CoreUI.framework/Versions/A/CoreUI
0x0000000008406000 	/System/Library/Frameworks/CoreAudio.framework/Versions/A/CoreAudio
0x0000000008406000 	/System/Library/Frameworks/DiskArbitration.framework/Versions/A/DiskArbitration
0x0000000008406000 	/usr/lib/liblangid.dylib
0x0000000008406000 	/System/Library/PrivateFrameworks/MultitouchSupport.framework/Versions/A/MultitouchSupport
0x0000000008406000 	/System/Library/Frameworks/IOKit.framework/Versions/A/IOKit
0x0000000008406000 	/usr/lib/libDiagnosticMessagesClient.dylib
0x0000000008406000 	/System/Library/Frameworks/CoreServices.framework/Versions/A/CoreServices
0x0000000008406000 	/System/Library/PrivateFrameworks/PerformanceAnalysis.framework/Versions/A/PerformanceAnalysis
0x0000000008406000 	/System/Library/PrivateFrameworks/GenerationalStorage.framework/Versions/A/GenerationalStorage
0x0000000008406000 	/System/Library/Frameworks/OpenGL.framework/Versions/A/OpenGL
0x0000000008406000 	/System/Library/PrivateFrameworks/Sharing.framework/Versions/A/Sharing
0x0000000008406000 	/System/Library/Frameworks/CoreGraphics.framework/Versions/A/CoreGraphics
0x0000000008406000 	/System/Library/Frameworks/CoreText.framework/Versions/A/CoreText
0x0000000008406000 	/System/Library/Frameworks/ImageIO.framework/Versions/A/ImageIO
0x0000000008406000 	/usr/lib/libextension.dylib
0x0000000008406000 	/System/Library/PrivateFrameworks/Backup.framework/Versions/A/Backup
0x0000000008406000 	/usr/lib/libarchive.2.dylib
0x0000000008406000 	/System/Library/Frameworks/CFNetwork.framework/Versions/A/CFNetwork
0x0000000008406000 	/System/Library/Frameworks/SystemConfiguration.framework/Versions/A/SystemConfiguration
0x0000000008406000 	/usr/lib/libCRFSuite.dylib
0x0000000008406000 	/usr/lib/libc++.1.dylib
0x0000000008406000 	/usr/lib/libc++abi.dylib
0x0000000008406000 	/usr/lib/system/libcache.dylib
0x0000000008406000 	/usr/lib/system/libcommonCrypto.dylib
0x0000000008406000 	/usr/lib/system/libcompiler_rt.dylib
0x0000000008406000 	/usr/lib/system/libcopyfile.dylib
0x0000000008406000 	/usr/lib/system/libcorecrypto.dylib
0x0000000008406000 	/usr/lib/system/libdispatch.dylib
0x0000000008406000 	/usr/lib/system/libdyld.dylib
0x0000000008406000 	/usr/lib/system/libkeymgr.dylib
0x0000000008406000 	/usr/lib/system/liblaunch.dylib
0x0000000008406000 	/usr/lib/system/libmacho.dylib
0x0000000008406000 	/usr/lib/system/libquarantine.dylib
0x0000000008406000 	/usr/lib/system/libremovefile.dylib
0x0000000008406000 	/usr/lib/system/libsystem_asl.dylib
0x0000000008406000 	/usr/lib/system/libsystem_blocks.dylib
0x0000000008406000 	/usr/lib/system/libsystem_c.dylib
0x0000000008406000 	/usr/lib/system/libsystem_configuration.dylib
0x0000000008406000 	/usr/lib/system/libsystem_coreservices.dylib
0x0000000008406000 	/usr/lib/system/libsystem_coretls.dylib
0x0000000008406000 	/usr/lib/system/libsystem_dnssd.dylib
0x0000000008406000 	/usr/lib/system/libsystem_info.dylib
0x0000000008406000 	/usr/lib/system/libsystem_kernel.dylib
0x0000000008406000 	/usr/lib/system/libsystem_m.dylib
0x0000000008406000 	/usr/lib/system/libsystem_malloc.dylib
0x0000000008406000 	/usr/lib/system/libsystem_network.dylib
0x0000000008406000 	/usr/lib/system/libsystem_networkextension.dylib
0x0000000008406000 	/usr/lib/system/libsystem_notify.dylib
0x0000000008406000 	/usr/lib/system/libsystem_platform.dylib
0x0000000008406000 	/usr/lib/system/libsystem_pthread.dylib
0x0000000008406000 	/usr/lib/system/libsystem_sandbox.dylib
0x0000000008406000 	/usr/lib/system/libsystem_secinit.dylib
0x0000000008406000 	/usr/lib/system/libsystem_stats.dylib
0x0000000008406000 	/usr/lib/system/libsystem_trace.dylib
0x0000000008406000 	/usr/lib/system/libunc.dylib
0x0000000008406000 	/usr/lib/system/libunwind.dylib
0x0000000008406000 	/usr/lib/system/libxpc.dylib
0x0000000008406000 	/usr/lib/libbz2.1.0.dylib
0x0000000008406000 	/usr/lib/liblzma.5.dylib
0x0000000008406000 	/usr/lib/libbsm.0.dylib
0x0000000008406000 	/usr/lib/libsqlite3.dylib
0x0000000008406000 	/usr/lib/system/libkxld.dylib
0x0000000008406000 	/usr/lib/libxar.1.dylib
0x0000000008406000 	/usr/lib/libpam.2.dylib
0x0000000008406000 	/usr/lib/libOpenScriptingUtil.dylib
0x0000000008406000 	/System/Library/Frameworks/CoreServices.framework/Versions/A/Frameworks/FSEvents.framework/Versions/A/FSEvents
0x0000000008406000 	/System/Library/Frameworks/CoreServices.framework/Versions/A/Frameworks/CarbonCore.framework/Versions/A/CarbonCore
0x0000000008406000 	/System/Library/Frameworks/CoreServices.framework/Versions/A/Frameworks/Metadata.framework/Versions/A/Metadata
0x0000000008406000 	/System/Library/Frameworks/CoreServices.framework/Versions/A/Frameworks/OSServices.framework/Versions/A/OSServices
0x0000000008406000 	/System/Library/Frameworks/CoreServices.framework/Versions/A/Frameworks/SearchKit.framework/Versions/A/SearchKit
0x0000000008406000 	/System/Library/Frameworks/CoreServices.framework/Versions/A/Frameworks/AE.framework/Versions/A/AE
0x0000000008406000 	/System/Library/Frameworks/CoreServices.framework/Versions/A/Frameworks/LaunchServices.framework/Versions/A/LaunchServices
0x0000000008406000 	/System/Library/Frameworks/CoreServices.framework/Versions/A/Frameworks/DictionaryServices.framework/Versions/A/DictionaryServices
0x0000000008406000 	/System/Library/Frameworks/NetFS.framework/Versions/A/NetFS
0x0000000008406000 	/System/Library/PrivateFrameworks/NetAuth.framework/Versions/A/NetAuth
0x0000000008406000 	/System/Library/PrivateFrameworks/login.framework/Versions/A/Frameworks/loginsupport.framework/Versions/A/loginsupport
0x0000000008406000 	/System/Library/PrivateFrameworks/TCC.framework/Versions/A/TCC
0x0000000008406000 	/usr/lib/libmecabra.dylib
0x0000000008406000 	/System/Library/Frameworks/ApplicationServices.framework/Versions/A/Frameworks/ATS.framework/Versions/A/ATS
0x0000000008406000 	/System/Library/Frameworks/ApplicationServices.framework/Versions/A/Frameworks/ColorSync.framework/Versions/A/ColorSync
0x0000000008406000 	/System/Library/Frameworks/ApplicationServices.framework/Versions/A/Frameworks/HIServices.framework/Versions/A/HIServices
0x0000000008406000 	/System/Library/Frameworks/ApplicationServices.framework/Versions/A/Frameworks/LangAnalysis.framework/Versions/A/LangAnalysis
0x0000000008406000 	/System/Library/Frameworks/ApplicationServices.framework/Versions/A/Frameworks/PrintCore.framework/Versions/A/PrintCore
0x0000000008406000 	/System/Library/Frameworks/ApplicationServices.framework/Versions/A/Frameworks/QD.framework/Versions/A/QD
0x0000000008406000 	/System/Library/Frameworks/ApplicationServices.framework/Versions/A/Frameworks/SpeechSynthesis.framework/Versions/A/SpeechSynthesis
0x0000000008406000 	/System/Library/Frameworks/Accelerate.framework/Versions/A/Accelerate
0x0000000008406000 	/System/Library/Frameworks/Accelerate.framework/Versions/A/Frameworks/vImage.framework/Versions/A/vImage
0x0000000008406000 	/System/Library/Frameworks/Accelerate.framework/Versions/A/Frameworks/vecLib.framework/Versions/A/vecLib
0x0000000008406000 	/System/Library/Frameworks/Accelerate.framework/Versions/A/Frameworks/vecLib.framework/Versions/A/libvDSP.dylib
0x0000000008406000 	/System/Library/Frameworks/Accelerate.framework/Versions/A/Frameworks/vecLib.framework/Versions/A/libvMisc.dylib
0x0000000008406000 	/System/Library/Frameworks/Accelerate.framework/Versions/A/Frameworks/vecLib.framework/Versions/A/libLAPACK.dylib
0x0000000008406000 	/System/Library/Frameworks/Accelerate.framework/Versions/A/Frameworks/vecLib.framework/Versions/A/libBLAS.dylib
0x0000000008406000 	/System/Library/Frameworks/Accelerate.framework/Versions/A/Frameworks/vecLib.framework/Versions/A/libLinearAlgebra.dylib
0x0000000008406000 	/System/Library/Frameworks/ApplicationServices.framework/Versions/A/Frameworks/ATS.framework/Versions/A/Resources/libFontParser.dylib
0x0000000008406000 	/System/Library/Frameworks/ApplicationServices.framework/Versions/A/Frameworks/ATS.framework/Versions/A/Resources/libFontRegistry.dylib
0x0000000008406000 	/System/Library/PrivateFrameworks/AppleVPA.framework/Versions/A/AppleVPA
0x0000000008406000 	/System/Library/PrivateFrameworks/AppleJPEG.framework/Versions/A/AppleJPEG
0x0000000008406000 	/System/Library/Frameworks/ImageIO.framework/Versions/A/Resources/libJPEG.dylib
0x0000000008406000 	/System/Library/Frameworks/ImageIO.framework/Versions/A/Resources/libTIFF.dylib
0x0000000008406000 	/System/Library/Frameworks/ImageIO.framework/Versions/A/Resources/libPng.dylib
0x0000000008406000 	/System/Library/Frameworks/ImageIO.framework/Versions/A/Resources/libGIF.dylib
0x0000000008406000 	/System/Library/Frameworks/ImageIO.framework/Versions/A/Resources/libJP2.dylib
0x0000000008406000 	/System/Library/Frameworks/ImageIO.framework/Versions/A/Resources/libRadiance.dylib
0x0000000008406000 	/System/Library/Frameworks/CoreVideo.framework/Versions/A/CoreVideo
0x0000000008406000 	/System/Library/Frameworks/OpenGL.framework/Versions/A/Libraries/libGLU.dylib
0x0000000008406000 	/System/Library/Frameworks/OpenGL.framework/Versions/A/Libraries/libGFXShared.dylib
0x0000000008406000 	/System/Library/Frameworks/OpenGL.framework/Versions/A/Libraries/libGL.dylib
0x0000000008406000 	/System/Library/Frameworks/OpenGL.framework/Versions/A/Libraries/libGLImage.dylib
0x0000000008406000 	/System/Library/Frameworks/OpenGL.framework/Versions/A/Libraries/libCVMSPluginSupport.dylib
0x0000000008406000 	/System/Library/Frameworks/OpenGL.framework/Versions/A/Libraries/libCoreVMClient.dylib
0x0000000008406000 	/usr/lib/libcups.2.dylib
0x0000000008406000 	/System/Library/Frameworks/Kerberos.framework/Versions/A/Kerberos
0x0000000008406000 	/System/Library/Frameworks/GSS.framework/Versions/A/GSS
0x0000000008406000 	/usr/lib/libresolv.9.dylib
0x0000000008406000 	/usr/lib/libiconv.2.dylib
0x0000000008406000 	/System/Library/PrivateFrameworks/Heimdal.framework/Versions/A/Heimdal
0x0000000008406000 	/usr/lib/libheimdal-asn1.dylib
0x0000000008406000 	/System/Library/Frameworks/OpenDirectory.framework/Versions/A/OpenDirectory
0x0000000008406000 	/System/Library/PrivateFrameworks/CommonAuth.framework/Versions/A/CommonAuth
0x0000000008406000 	/System/Library/Frameworks/OpenDirectory.framework/Versions/A/Frameworks/CFOpenDirectory.framework/Versions/A/CFOpenDirectory
0x0000000008406000 	/System/Library/Frameworks/SecurityFoundation.framework/Versions/A/SecurityFoundation
0x0000000008406000 	/System/Library/PrivateFrameworks/LanguageModeling.framework/Versions/A/LanguageModeling
0x0000000008406000 	/usr/lib/libcmph.dylib
0x0000000008406000 	/System/Library/Frameworks/ServiceManagement.framework/Versions/A/ServiceManagement
0x0000000008406000 	/usr/lib/libxslt.1.dylib
0x0000000008406000 	/System/Library/Frameworks/Carbon.framework/Versions/A/Frameworks/Ink.framework/Versions/A/Ink
0x0000000008406000 	/System/Library/Frameworks/QuartzCore.framework/Versions/A/Frameworks/CoreImage.framework/Versions/A/CoreImage
0x0000000008406000 	/System/Library/PrivateFrameworks/CrashReporterSupport.framework/Versions/A/CrashReporterSupport
0x0000000008406000 	/System/Library/Frameworks/OpenCL.framework/Versions/A/OpenCL
0x0000000008406000 	/System/Library/PrivateFrameworks/FaceCore.framework/Versions/A/FaceCore
0x0000000008406000 	/System/Library/PrivateFrameworks/Ubiquity.framework/Versions/A/Ubiquity
0x0000000008406000 	/System/Library/PrivateFrameworks/IconServices.framework/Versions/A/IconServices
0x0000000008406000 	/System/Library/PrivateFrameworks/ChunkingLibrary.framework/Versions/A/ChunkingLibrary
0x0000000008406000 	/System/Library/PrivateFrameworks/Apple80211.framework/Versions/A/Apple80211
0x0000000008406000 	/System/Library/Frameworks/CoreWLAN.framework/Versions/A/CoreWLAN
0x0000000008406000 	/System/Library/Frameworks/IOBluetooth.framework/Versions/A/IOBluetooth
0x0000000008406000 	/System/Library/PrivateFrameworks/CoreWiFi.framework/Versions/A/CoreWiFi
0x0000000008406000 	/System/Library/Frameworks/CoreBluetooth.framework/Versions/A/CoreBluetooth
0x0000000008406000 	/System/Library/PrivateFrameworks/DebugSymbols.framework/Versions/A/DebugSymbols
0x0000000008406000 	/System/Library/PrivateFrameworks/CoreSymbolication.framework/Versions/A/CoreSymbolication
0x0000000008406000 	/System/Library/PrivateFrameworks/Symbolication.framework/Versions/A/Symbolication
0x0000000008406000 	/System/Library/PrivateFrameworks/SpeechRecognitionCore.framework/Versions/A/SpeechRecognitionCore
0x000000010ca00000 	/Library/Java/JavaVirtualMachines/jdk1.8.0_31.jdk/Contents/Home/jre/lib/server/libjvm.dylib
0x0000000008406000 	/usr/lib/libstdc++.6.dylib
0x000000010c1cf000 	/Library/Java/JavaVirtualMachines/jdk1.8.0_31.jdk/Contents/Home/jre/lib/libverify.dylib
0x000000010da22000 	/Library/Java/JavaVirtualMachines/jdk1.8.0_31.jdk/Contents/Home/jre/lib/libjava.dylib
0x000000010c1e7000 	/Library/Java/JavaVirtualMachines/jdk1.8.0_31.jdk/Contents/Home/jre/lib/libzip.dylib
0x0000000121562000 	/System/Library/Frameworks/JavaVM.framework/Frameworks/JavaRuntimeSupport.framework/JavaRuntimeSupport
0x0000000121578000 	/System/Library/Frameworks/JavaVM.framework/Versions/A/Frameworks/JavaNativeFoundation.framework/Versions/A/JavaNativeFoundation
0x000000010c1f1000 	/System/Library/Frameworks/JavaVM.framework/Versions/A/JavaVM
0x0000000008406000 	/System/Library/Frameworks/Carbon.framework/Versions/A/Carbon
0x000000012158c000 	/System/Library/PrivateFrameworks/JavaLaunching.framework/Versions/A/JavaLaunching
0x0000000008406000 	/System/Library/Frameworks/Carbon.framework/Versions/A/Frameworks/CommonPanels.framework/Versions/A/CommonPanels
0x0000000008406000 	/System/Library/Frameworks/Carbon.framework/Versions/A/Frameworks/Help.framework/Versions/A/Help
0x0000000008406000 	/System/Library/Frameworks/Carbon.framework/Versions/A/Frameworks/ImageCapture.framework/Versions/A/ImageCapture
0x0000000008406000 	/System/Library/Frameworks/Carbon.framework/Versions/A/Frameworks/OpenScripting.framework/Versions/A/OpenScripting
0x0000000008406000 	/System/Library/Frameworks/Carbon.framework/Versions/A/Frameworks/Print.framework/Versions/A/Print
0x0000000008406000 	/System/Library/Frameworks/Carbon.framework/Versions/A/Frameworks/SecurityHI.framework/Versions/A/SecurityHI
0x00000001233d8000 	/Library/Java/JavaVirtualMachines/jdk1.8.0_31.jdk/Contents/Home/jre/lib/libawt.dylib
0x0000000123487000 	/Library/Java/JavaVirtualMachines/jdk1.8.0_31.jdk/Contents/Home/jre/lib/./libmlib_image.dylib
0x0000000123553000 	/Library/Java/JavaVirtualMachines/jdk1.8.0_31.jdk/Contents/Home/jre/lib/libawt_lwawt.dylib
0x0000000123606000 	/Library/Java/JavaVirtualMachines/jdk1.8.0_31.jdk/Contents/Home/jre/lib/./libosxapp.dylib
0x0000000008406000 	/System/Library/Frameworks/ExceptionHandling.framework/Versions/A/ExceptionHandling
0x0000000008406000 	/System/Library/PrivateFrameworks/CoreServicesInternal.framework/Versions/A/CoreServicesInternal
0x0000000008406000 	/System/Library/PrivateFrameworks/CloudDocs.framework/Versions/A/CloudDocs
0x0000000008406000 	/System/Library/PrivateFrameworks/CoreDuet.framework/Versions/A/CoreDuet
0x0000000008406000 	/System/Library/Frameworks/CloudKit.framework/Versions/A/CloudKit
0x0000000008406000 	/System/Library/PrivateFrameworks/ProtocolBuffer.framework/Versions/A/ProtocolBuffer
0x0000000008406000 	/System/Library/PrivateFrameworks/CoreDuetDaemonProtocol.framework/Versions/A/CoreDuetDaemonProtocol
0x0000000008406000 	/System/Library/PrivateFrameworks/CoreDuetDebugLogging.framework/Versions/A/CoreDuetDebugLogging
0x0000000008406000 	/System/Library/Frameworks/CoreLocation.framework/Versions/A/CoreLocation
0x0000000008406000 	/System/Library/Frameworks/Accounts.framework/Versions/A/Accounts
0x0000000008406000 	/System/Library/PrivateFrameworks/ApplePushService.framework/Versions/A/ApplePushService
0x0000000008406000 	/System/Library/PrivateFrameworks/GeoServices.framework/Versions/A/GeoServices
0x0000000008406000 	/System/Library/PrivateFrameworks/OAuth.framework/Versions/A/OAuth
0x0000000008406000 	/System/Library/PrivateFrameworks/CoreDaemon.framework/Versions/B/CoreDaemon
0x0000000008406000 	/usr/lib/libcrypto.0.9.8.dylib
0x0000000008406000 	/System/Library/PrivateFrameworks/AppleSRP.framework/Versions/A/AppleSRP
0x0000000008406000 	/System/Library/PrivateFrameworks/TrustEvaluationAgent.framework/Versions/A/TrustEvaluationAgent
0x0000000008406000 	/System/Library/Frameworks/CoreGraphics.framework/Versions/A/Resources/libCGCMS.A.dylib
0x0000000008406000 	/System/Library/Frameworks/CoreGraphics.framework/Versions/A/Resources/libRIP.A.dylib
0x0000000008406000 	/System/Library/Frameworks/CoreGraphics.framework/Versions/A/Resources/libCGXType.A.dylib
0x0000000008406000 	/System/Library/Frameworks/OpenCL.framework/Versions/A/Libraries/libcldcpuengine.dylib
0x0000000008406000 	/System/Library/PrivateFrameworks/DiskImages.framework/Versions/A/DiskImages
0x0000000008406000 	/System/Library/Frameworks/DiscRecording.framework/Versions/A/DiscRecording
0x0000000008406000 	/usr/lib/libcsfde.dylib
0x0000000008406000 	/usr/lib/libcurl.4.dylib
0x0000000008406000 	/System/Library/PrivateFrameworks/MediaKit.framework/Versions/A/MediaKit
0x0000000008406000 	/System/Library/PrivateFrameworks/ProtectedCloudStorage.framework/Versions/A/ProtectedCloudStorage
0x0000000008406000 	/usr/lib/libCoreStorage.dylib
0x0000000008406000 	/System/Library/PrivateFrameworks/EFILogin.framework/Versions/A/EFILogin
0x0000000008406000 	/usr/lib/libutil.dylib
0x0000000008406000 	/System/Library/PrivateFrameworks/FindMyDevice.framework/Versions/A/FindMyDevice
0x0000000008406000 	/System/Library/Frameworks/LDAP.framework/Versions/A/LDAP
0x0000000008406000 	/usr/lib/libsasl2.2.dylib
0x0000000126342000 	cl_kernels
0x0000000126344000 	/System/Library/Frameworks/OpenCL.framework/Versions/A/Libraries/ImageFormats/unorm8_bgra.dylib
0x0000000126333000 	cl_kernels
0x0000000008406000 	/System/Library/PrivateFrameworks/FamilyControls.framework/Versions/A/FamilyControls
0x0000000008406000 	/System/Library/PrivateFrameworks/CommerceKit.framework/Versions/A/Frameworks/CommerceCore.framework/Versions/A/CommerceCore
0x0000000008406000 	/System/Library/PrivateFrameworks/SystemAdministration.framework/Versions/A/SystemAdministration
0x0000000008406000 	/System/Library/PrivateFrameworks/AppContainer.framework/Versions/A/AppContainer
0x0000000008406000 	/System/Library/PrivateFrameworks/SecCodeWrapper.framework/Versions/A/SecCodeWrapper
0x0000000008406000 	/System/Library/Frameworks/DirectoryService.framework/Versions/A/DirectoryService
0x0000000008406000 	/System/Library/PrivateFrameworks/LoginUIKit.framework/Versions/A/Frameworks/LoginUICore.framework/Versions/A/LoginUICore
0x0000000008406000 	/usr/lib/libodfde.dylib
0x0000000127610000 	/Library/Java/JavaVirtualMachines/jdk1.8.0_31.jdk/Contents/Home/jre/lib/libfontmanager.dylib
0x0000000127677000 	/Users/antte/Dropbox/Medialogy PRIVAT/4rd semester/Object Oriented Software Engineering/MiniProject/OOSE2015/native/macosx/liblwjgl.dylib
0x0000000125873000 	/Library/Java/JavaVirtualMachines/jdk1.8.0_31.jdk/Contents/Home/jre/lib/libjawt.dylib
0x0000000008406000 	/System/Library/Frameworks/OpenGL.framework/Versions/A/Resources/GLEngine.bundle/GLEngine
0x0000000008406000 	/System/Library/Frameworks/OpenGL.framework/Versions/A/Libraries/libGLProgrammability.dylib
0x0000000000000000 	/System/Library/Extensions/AppleIntelHD5000GraphicsGLDriver.bundle/Contents/MacOS/AppleIntelHD5000GraphicsGLDriver
0x0000000008406000 	/System/Library/PrivateFrameworks/IOAccelerator.framework/Versions/A/IOAccelerator
0x0000000008406000 	/System/Library/PrivateFrameworks/GPUSupport.framework/Versions/A/Libraries/libGPUSupportMercury.dylib
0x0000000008406000 	/System/Library/Frameworks/OpenGL.framework/Versions/A/Resources/GLRendererFloat.bundle/GLRendererFloat
0x0000000127e31000 	/Users/antte/Dropbox/Medialogy PRIVAT/4rd semester/Object Oriented Software Engineering/MiniProject/OOSE2015/native/macosx/libjinput-osx.dylib
0x0000000127e36000 	/System/Library/Extensions/IOHIDFamily.kext/Contents/PlugIns/IOHIDLib.plugin/Contents/MacOS/IOHIDLib

VM Arguments:
jvm_args: -Djava.library.path=/Users/antte/Dropbox/Medialogy PRIVAT/4rd semester/Object Oriented Software Engineering/MiniProject/OOSE2015/native/macosx -Dfile.encoding=UTF-8 
java_command: example.SimpleSlickGame
java_class_path (initial): /Users/antte/Dropbox/Medialogy PRIVAT/4rd semester/Object Oriented Software Engineering/MiniProject/OOSE2015/bin:/Users/antte/Dropbox/Medialogy PRIVAT/4rd semester/Object Oriented Software Engineering/MiniProject/OOSE2015/lib/ibxm.jar:/Users/antte/Dropbox/Medialogy PRIVAT/4rd semester/Object Oriented Software Engineering/MiniProject/OOSE2015/lib/jinput.jar:/Users/antte/Dropbox/Medialogy PRIVAT/4rd semester/Object Oriented Software Engineering/MiniProject/OOSE2015/lib/jogg-0.0.7.jar:/Users/antte/Dropbox/Medialogy PRIVAT/4rd semester/Object Oriented Software Engineering/MiniProject/OOSE2015/lib/jorbis-0.0.15.jar:/Users/antte/Dropbox/Medialogy PRIVAT/4rd semester/Object Oriented Software Engineering/MiniProject/OOSE2015/lib/lwjgl_util.jar:/Users/antte/Dropbox/Medialogy PRIVAT/4rd semester/Object Oriented Software Engineering/MiniProject/OOSE2015/lib/lwjgl.jar:/Users/antte/Dropbox/Medialogy PRIVAT/4rd semester/Object Oriented Software Engineering/MiniProject/OOSE2015/lib/slick-examples.jar:/Users/antte/Dropbox/Medialogy PRIVAT/4rd semester/Object Oriented Software Engineering/MiniProject/OOSE2015/lib/slick.jar:/Users/antte/Dropbox/Medialogy PRIVAT/4rd semester/Object Oriented Software Engineering/MiniProject/OOSE2015/lib/tinylinepp.jar
Launcher Type: SUN_STANDARD

Environment Variables:
PATH=/usr/bin:/bin:/usr/sbin:/sbin
SHELL=/bin/bash
DISPLAY=/private/tmp/com.apple.launchd.JgOqWbMRlL/org.macosforge.xquartz:0

Signal Handlers:
SIGSEGV: [libjvm.dylib+0x57a0e7], sa_mask[0]=11111111011111110111111111111111, sa_flags=SA_ONSTACK|SA_RESTART|SA_SIGINFO
SIGBUS: [libjvm.dylib+0x57a0e7], sa_mask[0]=11111111011111110111111111111111, sa_flags=SA_RESTART|SA_SIGINFO
SIGFPE: [libjvm.dylib+0x45af24], sa_mask[0]=11111111011111110111111111111111, sa_flags=SA_RESTART|SA_SIGINFO
SIGPIPE: [libjvm.dylib+0x45af24], sa_mask[0]=11111111011111110111111111111111, sa_flags=SA_RESTART|SA_SIGINFO
SIGXFSZ: [libjvm.dylib+0x45af24], sa_mask[0]=11111111011111110111111111111111, sa_flags=SA_RESTART|SA_SIGINFO
SIGILL: [libjvm.dylib+0x45af24], sa_mask[0]=11111111011111110111111111111111, sa_flags=SA_RESTART|SA_SIGINFO
SIGUSR1: SIG_DFL, sa_mask[0]=00000000000000000000000000000000, sa_flags=none
SIGUSR2: [libjvm.dylib+0x45aa42], sa_mask[0]=00100000000000000000000000000000, sa_flags=SA_RESTART|SA_SIGINFO
SIGHUP: [libjvm.dylib+0x459015], sa_mask[0]=11111111011111110111111111111111, sa_flags=SA_RESTART|SA_SIGINFO
SIGINT: [libjvm.dylib+0x459015], sa_mask[0]=11111111011111110111111111111111, sa_flags=SA_RESTART|SA_SIGINFO
SIGTERM: [libjvm.dylib+0x459015], sa_mask[0]=11111111011111110111111111111111, sa_flags=SA_RESTART|SA_SIGINFO
SIGQUIT: [libjvm.dylib+0x459015], sa_mask[0]=11111111011111110111111111111111, sa_flags=SA_RESTART|SA_SIGINFO


---------------  S Y S T E M  ---------------

OS:Bsduname:Darwin 14.1.0 Darwin Kernel Version 14.1.0: Thu Feb 26 19:26:47 PST 2015; root:xnu-2782.10.73~1/RELEASE_X86_64 x86_64
rlimit: STACK 8192k, CORE 0k, NPROC 709, NOFILE 10240, AS infinity
load average:1.69 1.81 1.76

CPU:total 4 (2 cores per cpu, 2 threads per core) family 6 model 69 stepping 1, cmov, cx8, fxsr, mmx, sse, sse2, sse3, ssse3, sse4.1, sse4.2, popcnt, avx, avx2, aes, clmul, erms, lzcnt, ht, tsc, tscinvbit, bmi1, bmi2

Memory: 4k page, physical 4194304k(25588k free)

/proc/meminfo:


vm_info: Java HotSpot(TM) 64-Bit Server VM (25.31-b07) for bsd-amd64 JRE (1.8.0_31-b13), built on Dec 17 2014 20:45:36 by "java_re" with gcc 4.2.1 (Based on Apple Inc. build 5658) (LLVM build 2336.11.00)

time: Thu Apr  2 14:10:42 2015
elapsed time: 3 seconds (0d 0h 0m 3s)

